Watching for file changes with StatReloader
Waiting for apps ready_event.
Apps ready_event triggered. Sending autoreload_started signal.
Watching dir C:\DjangoProject\QueryManager\djangoenv\Lib\site-packages\taggit\templates with glob **/*.
Watching dir C:\DjangoProject\QueryManager\main\templates with glob **/*.
Watching dir C:\DjangoProject\QueryManager\locale with glob **/*.mo.
Watching dir C:\DjangoProject\QueryManager\djangoenv\Lib\site-packages\taggit\locale with glob **/*.mo.
Watching dir C:\DjangoProject\QueryManager\main\locale with glob **/*.mo.
File C:\Program Files\WindowsApps\PythonSoftwareFoundation.Python.3.13_3.13.752.0_x64__qbz5n2kfra8p0\Lib\html\parser.py first seen with mtime 1733967913.3923137
File C:\DjangoProject\QueryManager\djangoenv\Lib\site-packages\sqlparse\tokens.py first seen with mtime 1733974567.1942704
File C:\Program Files\WindowsApps\PythonSoftwareFoundation.Python.3.13_3.13.752.0_x64__qbz5n2kfra8p0\Lib\datetime.py first seen with mtime 1733967912.83741
File C:\DjangoProject\QueryManager\djangoenv\Lib\site-packages\django\template\loaders\filesystem.py first seen with mtime 1733974586.3038902
File C:\DjangoProject\QueryManager\djangoenv\Lib\site-packages\django\core\paginator.py first seen with mtime 1733974585.3781352
File C:\Program Files\WindowsApps\PythonSoftwareFoundation.Python.3.13_3.13.752.0_x64__qbz5n2kfra8p0\DLLs\_ssl.pyd first seen with mtime 1738800214.471727
File C:\Program Files\WindowsApps\PythonSoftwareFoundation.Python.3.13_3.13.752.0_x64__qbz5n2kfra8p0\Lib\subprocess.py first seen with mtime 1738800225.0222125
File C:\DjangoProject\QueryManager\djangoenv\Lib\site-packages\django\core\handlers\__init__.py first seen with mtime 1733974585.5516596
File C:\DjangoProject\QueryManager\djangoenv\Lib\site-packages\django\contrib\admin\actions.py first seen with mtime 1733974569.1947825
File C:\Program Files\WindowsApps\PythonSoftwareFoundation.Python.3.13_3.13.752.0_x64__qbz5n2kfra8p0\DLLs\_sqlite3.pyd first seen with mtime 1738800214.459574
File C:\DjangoProject\QueryManager\djangoenv\Lib\site-packages\django\core\handlers\wsgi.py first seen with mtime 1733974585.5516596
File C:\DjangoProject\QueryManager\djangoenv\Lib\site-packages\django\core\checks\compatibility\__init__.py first seen with mtime 1733974585.4453173
File C:\DjangoProject\QueryManager\djangoenv\Lib\site-packages\django\db\models\__init__.py first seen with mtime 1733974585.8457942
File C:\Program Files\WindowsApps\PythonSoftwareFoundation.Python.3.13_3.13.752.0_x64__qbz5n2kfra8p0\Lib\email\headerregistry.py first seen with mtime 1733967912.8690794
File C:\DjangoProject\QueryManager\main\urls.py first seen with mtime 1740700913.6406689
File C:\Program Files\WindowsApps\PythonSoftwareFoundation.Python.3.13_3.13.752.0_x64__qbz5n2kfra8p0\Lib\encodings\aliases.py first seen with mtime 1733967912.9956782
File C:\Program Files\WindowsApps\PythonSoftwareFoundation.Python.3.13_3.13.752.0_x64__qbz5n2kfra8p0\Lib\pathlib\_local.py first seen with mtime 1733967914.2634184
File C:\DjangoProject\QueryManager\djangoenv\Lib\site-packages\django\core\checks\urls.py first seen with mtime 1733974585.4453173
File C:\DjangoProject\QueryManager\djangoenv\Lib\site-packages\django\utils\numberformat.py first seen with mtime 1733974586.493152
File C:\DjangoProject\QueryManager\djangoenv\Lib\site-packages\sqlparse\utils.py first seen with mtime 1733974567.1942704
File C:\DjangoProject\QueryManager\core\__init__.py first seen with mtime 1733973680.740728
File C:\Program Files\WindowsApps\PythonSoftwareFoundation.Python.3.13_3.13.752.0_x64__qbz5n2kfra8p0\Lib\pprint.py first seen with mtime 1733967914.2984333
File C:\DjangoProject\QueryManager\djangoenv\Lib\site-packages\django\middleware\__init__.py first seen with mtime 1733974586.1607182
File C:\DjangoProject\QueryManager\main\forms.py first seen with mtime 1740532697.9787176
File C:\DjangoProject\QueryManager\djangoenv\Lib\site-packages\django\views\decorators\http.py first seen with mtime 1733974586.595184
File C:\Program Files\WindowsApps\PythonSoftwareFoundation.Python.3.13_3.13.752.0_x64__qbz5n2kfra8p0\Lib\secrets.py first seen with mtime 1733967914.3769588
File C:\DjangoProject\QueryManager\djangoenv\Lib\site-packages\django\db\models\fields\related_lookups.py first seen with mtime 1733974585.9121974
File C:\DjangoProject\QueryManager\djangoenv\Lib\site-packages\django\db\models\sql\query.py first seen with mtime 1733974585.9388938
File C:\DjangoProject\QueryManager\djangoenv\Lib\site-packages\colorama\win32.py first seen with mtime 1737423053.3828874
File C:\DjangoProject\QueryManager\djangoenv\Lib\site-packages\django\contrib\admin\templatetags\base.py first seen with mtime 1733974570.8723128
File C:\DjangoProject\QueryManager\djangoenv\Lib\site-packages\django\contrib\admin\options.py first seen with mtime 1733974569.2087903
File C:\DjangoProject\QueryManager\djangoenv\Lib\site-packages\django\core\mail\__init__.py first seen with mtime 1733974585.5516596
File C:\DjangoProject\QueryManager\djangoenv\Lib\site-packages\django\http\__init__.py first seen with mtime 1733974586.1353028
File C:\DjangoProject\QueryManager\djangoenv\Lib\site-packages\django\views\decorators\__init__.py first seen with mtime 1733974586.5881636
File C:\DjangoProject\QueryManager\djangoenv\Lib\site-packages\django\core\management\commands\__init__.py first seen with mtime 1733974585.5829315
File C:\Program Files\WindowsApps\PythonSoftwareFoundation.Python.3.13_3.13.752.0_x64__qbz5n2kfra8p0\Lib\asyncio\sslproto.py first seen with mtime 1733967912.6492586
File C:\Program Files\WindowsApps\PythonSoftwareFoundation.Python.3.13_3.13.752.0_x64__qbz5n2kfra8p0\Lib\encodings\cp1252.py first seen with mtime 1733967913.0116153
File C:\DjangoProject\QueryManager\djangoenv\Lib\site-packages\django\utils\_os.py first seen with mtime 1733974586.4032204
File C:\Program Files\WindowsApps\PythonSoftwareFoundation.Python.3.13_3.13.752.0_x64__qbz5n2kfra8p0\Lib\asyncio\exceptions.py first seen with mtime 1733967912.6322403
File C:\Program Files\WindowsApps\PythonSoftwareFoundation.Python.3.13_3.13.752.0_x64__qbz5n2kfra8p0\Lib\reprlib.py first seen with mtime 1733967914.3476627
File C:\DjangoProject\QueryManager\djangoenv\Lib\site-packages\django\core\serializers\python.py first seen with mtime 1733974585.643707
File C:\DjangoProject\QueryManager\djangoenv\Lib\site-packages\django\contrib\staticfiles\__init__.py first seen with mtime 1733974585.3303776
File C:\Program Files\WindowsApps\PythonSoftwareFoundation.Python.3.13_3.13.752.0_x64__qbz5n2kfra8p0\Lib\copyreg.py first seen with mtime 1733967912.7881963
File C:\Program Files\WindowsApps\PythonSoftwareFoundation.Python.3.13_3.13.752.0_x64__qbz5n2kfra8p0\Lib\concurrent\__init__.py first seen with mtime 1733967912.7881963
File C:\DjangoProject\QueryManager\manage.py first seen with mtime 1733973680.4565833
File C:\DjangoProject\QueryManager\djangoenv\Lib\site-packages\django\http\request.py first seen with mtime 1733974586.1607182
File C:\Program Files\WindowsApps\PythonSoftwareFoundation.Python.3.13_3.13.752.0_x64__qbz5n2kfra8p0\Lib\json\decoder.py first seen with mtime 1733967914.0177023
File C:\DjangoProject\QueryManager\djangoenv\Lib\site-packages\django\contrib\auth\apps.py first seen with mtime 1733974571.9078994
File C:\Program Files\WindowsApps\PythonSoftwareFoundation.Python.3.13_3.13.752.0_x64__qbz5n2kfra8p0\Lib\signal.py first seen with mtime 1733967914.3769588
File C:\Program Files\WindowsApps\PythonSoftwareFoundation.Python.3.13_3.13.752.0_x64__qbz5n2kfra8p0\Lib\threading.py first seen with mtime 1738800225.0419707
File C:\DjangoProject\QueryManager\djangoenv\Lib\site-packages\django\template\loaders\app_directories.py first seen with mtime 1733974586.3038902
File C:\DjangoProject\QueryManager\djangoenv\Lib\site-packages\django\views\defaults.py first seen with mtime 1733974586.573134
File C:\DjangoProject\QueryManager\djangoenv\Lib\site-packages\django\contrib\admin\templatetags\__init__.py first seen with mtime 1733974570.855475
File C:\DjangoProject\QueryManager\djangoenv\Lib\site-packages\django\contrib\staticfiles\utils.py first seen with mtime 1733974585.3389049
File C:\Program Files\WindowsApps\PythonSoftwareFoundation.Python.3.13_3.13.752.0_x64__qbz5n2kfra8p0\Lib\platform.py first seen with mtime 1738800221.355477
File C:\Program Files\WindowsApps\PythonSoftwareFoundation.Python.3.13_3.13.752.0_x64__qbz5n2kfra8p0\Lib\asyncio\coroutines.py first seen with mtime 1733967912.6276958
File C:\DjangoProject\QueryManager\djangoenv\Lib\site-packages\django\core\management\commands\runserver.py first seen with mtime 1733974585.6016612
File C:\DjangoProject\QueryManager\djangoenv\Lib\site-packages\django\middleware\cache.py first seen with mtime 1733974586.1607182
File C:\DjangoProject\QueryManager\main\templatetags\custom_filters.py first seen with mtime 1737595410.141128
File C:\DjangoProject\QueryManager\djangoenv\Lib\site-packages\colorama\winterm.py first seen with mtime 1737423053.3828874
File C:\DjangoProject\QueryManager\djangoenv\Lib\site-packages\django\db\models\functions\math.py first seen with mtime 1733974585.9280765
File C:\DjangoProject\QueryManager\djangoenv\Lib\site-packages\django\contrib\admin\utils.py first seen with mtime 1733974569.2095509
File C:\DjangoProject\QueryManager\djangoenv\Lib\site-packages\django\core\files\storage\base.py first seen with mtime 1733974585.5043154
File C:\Program Files\WindowsApps\PythonSoftwareFoundation.Python.3.13_3.13.752.0_x64__qbz5n2kfra8p0\Lib\json\scanner.py first seen with mtime 1733967914.0177023
File C:\DjangoProject\QueryManager\djangoenv\Lib\site-packages\django\views\decorators\common.py first seen with mtime 1733974586.594483
File C:\DjangoProject\QueryManager\djangoenv\Lib\site-packages\django\contrib\contenttypes\views.py first seen with mtime 1733974573.2265215
File C:\Program Files\WindowsApps\PythonSoftwareFoundation.Python.3.13_3.13.752.0_x64__qbz5n2kfra8p0\Lib\email\__init__.py first seen with mtime 1733967912.9176548
File C:\DjangoProject\QueryManager\djangoenv\Lib\site-packages\django\forms\utils.py first seen with mtime 1733974585.9610112
File C:\DjangoProject\QueryManager\djangoenv\Lib\site-packages\django\conf\global_settings.py first seen with mtime 1733974568.5266418
File C:\Program Files\WindowsApps\PythonSoftwareFoundation.Python.3.13_3.13.752.0_x64__qbz5n2kfra8p0\Lib\asyncio\queues.py first seen with mtime 1733967912.6459124
File C:\DjangoProject\QueryManager\djangoenv\Lib\site-packages\django\utils\autoreload.py first seen with mtime 1733974586.4032204
File C:\Program Files\WindowsApps\PythonSoftwareFoundation.Python.3.13_3.13.752.0_x64__qbz5n2kfra8p0\Lib\tempfile.py first seen with mtime 1733967916.1129708
File C:\Program Files\WindowsApps\PythonSoftwareFoundation.Python.3.13_3.13.752.0_x64__qbz5n2kfra8p0\Lib\traceback.py first seen with mtime 1738800225.0539823
File C:\Program Files\WindowsApps\PythonSoftwareFoundation.Python.3.13_3.13.752.0_x64__qbz5n2kfra8p0\Lib\email\iterators.py first seen with mtime 1733967912.8690794
File C:\DjangoProject\QueryManager\djangoenv\Lib\site-packages\django\contrib\sessions\backends\__init__.py first seen with mtime 1733974581.4714167
File C:\DjangoProject\QueryManager\djangoenv\Lib\site-packages\django\contrib\contenttypes\checks.py first seen with mtime 1733974573.208838
File C:\Program Files\WindowsApps\PythonSoftwareFoundation.Python.3.13_3.13.752.0_x64__qbz5n2kfra8p0\Lib\urllib\request.py first seen with mtime 1738800225.079212
File C:\DjangoProject\QueryManager\djangoenv\Lib\site-packages\django\utils\cache.py first seen with mtime 1733974586.4032204
File C:\Program Files\WindowsApps\PythonSoftwareFoundation.Python.3.13_3.13.752.0_x64__qbz5n2kfra8p0\Lib\re\__init__.py first seen with mtime 1733967914.3600206
File C:\Program Files\WindowsApps\PythonSoftwareFoundation.Python.3.13_3.13.752.0_x64__qbz5n2kfra8p0\Lib\asyncio\__init__.py first seen with mtime 1733967912.6617086
File C:\Program Files\WindowsApps\PythonSoftwareFoundation.Python.3.13_3.13.752.0_x64__qbz5n2kfra8p0\Lib\inspect.py first seen with mtime 1733967914.0177023
File C:\DjangoProject\QueryManager\djangoenv\Lib\site-packages\django\db\models\enums.py first seen with mtime 1733974585.8881373
File C:\DjangoProject\QueryManager\djangoenv\Lib\site-packages\django\dispatch\__init__.py first seen with mtime 1733974585.9439116
File C:\DjangoProject\QueryManager\djangoenv\Lib\site-packages\sqlparse\filters\tokens.py first seen with mtime 1733974567.211032
File C:\Program Files\WindowsApps\PythonSoftwareFoundation.Python.3.13_3.13.752.0_x64__qbz5n2kfra8p0\Lib\asyncio\base_tasks.py first seen with mtime 1733967912.621498
File C:\DjangoProject\QueryManager\djangoenv\Lib\site-packages\django\utils\translation\trans_real.py first seen with mtime 1733974586.551721
File C:\DjangoProject\QueryManager\djangoenv\Lib\site-packages\django\views\decorators\cache.py first seen with mtime 1733974586.5910926
File C:\Program Files\WindowsApps\PythonSoftwareFoundation.Python.3.13_3.13.752.0_x64__qbz5n2kfra8p0\Lib\weakref.py first seen with mtime 1733967916.41322
File C:\DjangoProject\QueryManager\djangoenv\Lib\site-packages\django\db\models\functions\text.py first seen with mtime 1733974585.9303696
File C:\DjangoProject\QueryManager\djangoenv\Lib\site-packages\taggit\managers.py first seen with mtime 1736474285.6983876
File C:\DjangoProject\QueryManager\djangoenv\Lib\site-packages\django\core\management\base.py first seen with mtime 1733974585.5673237
File C:\Program Files\WindowsApps\PythonSoftwareFoundation.Python.3.13_3.13.752.0_x64__qbz5n2kfra8p0\Lib\selectors.py first seen with mtime 1733967914.3769588
File C:\DjangoProject\QueryManager\djangoenv\Lib\site-packages\django\contrib\admin\templatetags\admin_list.py first seen with mtime 1733974570.855475
File C:\DjangoProject\QueryManager\main\admin.py first seen with mtime 1733973683.909123
File C:\Program Files\WindowsApps\PythonSoftwareFoundation.Python.3.13_3.13.752.0_x64__qbz5n2kfra8p0\Lib\asyncio\base_subprocess.py first seen with mtime 1733967912.621498
File C:\DjangoProject\QueryManager\djangoenv\Lib\site-packages\django\db\backends\base\operations.py first seen with mtime 1733974585.69599
File C:\DjangoProject\QueryManager\djangoenv\Lib\site-packages\django\template\utils.py first seen with mtime 1733974586.2234828
File C:\DjangoProject\QueryManager\djangoenv\Lib\site-packages\django\views\generic\__init__.py first seen with mtime 1733974586.595184
File C:\DjangoProject\QueryManager\djangoenv\Lib\site-packages\asgiref\current_thread_executor.py first seen with mtime 1737502700.100746
File C:\DjangoProject\QueryManager\djangoenv\Lib\site-packages\django\contrib\auth\urls.py first seen with mtime 1733974571.9863224
File C:\DjangoProject\QueryManager\djangoenv\Lib\site-packages\django\contrib\sites\shortcuts.py first seen with mtime 1733974582.6822867
File C:\DjangoProject\QueryManager\djangoenv\Lib\site-packages\django\utils\timesince.py first seen with mtime 1733974586.5094285
File C:\DjangoProject\QueryManager\djangoenv\Lib\site-packages\sqlparse\filters\__init__.py first seen with mtime 1733974567.1942704
File C:\DjangoProject\QueryManager\djangoenv\Lib\site-packages\django\db\models\fields\reverse_related.py first seen with mtime 1733974585.9121974
File C:\DjangoProject\QueryManager\djangoenv\Lib\site-packages\django\contrib\admin\views\main.py first seen with mtime 1733974570.8878036
File C:\Program Files\WindowsApps\PythonSoftwareFoundation.Python.3.13_3.13.752.0_x64__qbz5n2kfra8p0\Lib\asyncio\runners.py first seen with mtime 1738800220.9908607
File C:\Program Files\WindowsApps\PythonSoftwareFoundation.Python.3.13_3.13.752.0_x64__qbz5n2kfra8p0\DLLs\_lzma.pyd first seen with mtime 1738800214.4227178
File C:\Program Files\WindowsApps\PythonSoftwareFoundation.Python.3.13_3.13.752.0_x64__qbz5n2kfra8p0\Lib\asyncio\mixins.py first seen with mtime 1733967912.6343465
File C:\DjangoProject\QueryManager\djangoenv\Lib\site-packages\django\core\checks\caches.py first seen with mtime 1733974585.4101186
File C:\DjangoProject\QueryManager\djangoenv\Lib\site-packages\django\views\generic\dates.py first seen with mtime 1733974586.60421
File C:\DjangoProject\QueryManager\djangoenv\Lib\site-packages\django\core\files\utils.py first seen with mtime 1733974585.5043154
File C:\DjangoProject\QueryManager\djangoenv\Lib\site-packages\sqlparse\formatter.py first seen with mtime 1733974567.1942704
File C:\DjangoProject\QueryManager\djangoenv\Lib\site-packages\django\db\migrations\exceptions.py first seen with mtime 1733974585.8173397
File C:\DjangoProject\QueryManager\djangoenv\Lib\site-packages\django\core\checks\database.py first seen with mtime 1733974585.4101186
File C:\Program Files\WindowsApps\PythonSoftwareFoundation.Python.3.13_3.13.752.0_x64__qbz5n2kfra8p0\Lib\ast.py first seen with mtime 1738800220.9692624
File C:\DjangoProject\QueryManager\djangoenv\Lib\site-packages\django\core\validators.py first seen with mtime 1733974585.3937483
File C:\DjangoProject\QueryManager\djangoenv\Lib\site-packages\django\db\backends\ddl_references.py first seen with mtime 1733974585.6626153
File C:\DjangoProject\QueryManager\djangoenv\Lib\site-packages\django\contrib\admin\views\autocomplete.py first seen with mtime 1733974570.8878036
File C:\DjangoProject\QueryManager\djangoenv\Lib\site-packages\sqlparse\filters\others.py first seen with mtime 1733974567.2072985
File C:\DjangoProject\QueryManager\djangoenv\Lib\site-packages\django\contrib\auth\validators.py first seen with mtime 1733974571.9863224
File C:\Program Files\WindowsApps\PythonSoftwareFoundation.Python.3.13_3.13.752.0_x64__qbz5n2kfra8p0\Lib\email\message.py first seen with mtime 1738800221.0378034
File C:\Program Files\WindowsApps\PythonSoftwareFoundation.Python.3.13_3.13.752.0_x64__qbz5n2kfra8p0\Lib\asyncio\base_events.py first seen with mtime 1738800220.9692624
File C:\DjangoProject\QueryManager\djangoenv\Lib\site-packages\django\db\backends\signals.py first seen with mtime 1733974585.6626153
File C:\Program Files\WindowsApps\PythonSoftwareFoundation.Python.3.13_3.13.752.0_x64__qbz5n2kfra8p0\Lib\ipaddress.py first seen with mtime 1733967914.0177023
File C:\DjangoProject\QueryManager\djangoenv\Lib\site-packages\django\db\models\fields\__init__.py first seen with mtime 1733974585.9055374
File C:\Program Files\WindowsApps\PythonSoftwareFoundation.Python.3.13_3.13.752.0_x64__qbz5n2kfra8p0\Lib\email\encoders.py first seen with mtime 1733967912.854149
File C:\Program Files\WindowsApps\PythonSoftwareFoundation.Python.3.13_3.13.752.0_x64__qbz5n2kfra8p0\Lib\sqlite3\__init__.py first seen with mtime 1738800225.000352
File C:\Program Files\WindowsApps\PythonSoftwareFoundation.Python.3.13_3.13.752.0_x64__qbz5n2kfra8p0\Lib\multiprocessing\context.py first seen with mtime 1733967914.0585456
File C:\Program Files\WindowsApps\PythonSoftwareFoundation.Python.3.13_3.13.752.0_x64__qbz5n2kfra8p0\Lib\bz2.py first seen with mtime 1733967912.7579062
File C:\DjangoProject\QueryManager\djangoenv\Lib\site-packages\django\utils\dates.py first seen with mtime 1733974586.4149847
File C:\DjangoProject\QueryManager\djangoenv\Lib\site-packages\django\views\generic\list.py first seen with mtime 1733974586.60421
File C:\Program Files\WindowsApps\PythonSoftwareFoundation.Python.3.13_3.13.752.0_x64__qbz5n2kfra8p0\Lib\email\mime\text.py first seen with mtime 1733967912.8690794
File C:\Program Files\WindowsApps\PythonSoftwareFoundation.Python.3.13_3.13.752.0_x64__qbz5n2kfra8p0\Lib\zoneinfo\__init__.py first seen with mtime 1733967916.5798862
File C:\Program Files\WindowsApps\PythonSoftwareFoundation.Python.3.13_3.13.752.0_x64__qbz5n2kfra8p0\Lib\heapq.py first seen with mtime 1733967913.3923137
File C:\Program Files\WindowsApps\PythonSoftwareFoundation.Python.3.13_3.13.752.0_x64__qbz5n2kfra8p0\Lib\email\feedparser.py first seen with mtime 1733967912.8690794
File C:\Program Files\WindowsApps\PythonSoftwareFoundation.Python.3.13_3.13.752.0_x64__qbz5n2kfra8p0\Lib\asyncio\tasks.py first seen with mtime 1733967912.6506953
File C:\Program Files\WindowsApps\PythonSoftwareFoundation.Python.3.13_3.13.752.0_x64__qbz5n2kfra8p0\Lib\email\mime\message.py first seen with mtime 1733967912.8690794
File C:\DjangoProject\QueryManager\djangoenv\Lib\site-packages\django\contrib\contenttypes\__init__.py first seen with mtime 1733974573.1938224
File C:\Program Files\WindowsApps\PythonSoftwareFoundation.Python.3.13_3.13.752.0_x64__qbz5n2kfra8p0\Lib\statistics.py first seen with mtime 1733967916.1027768
File C:\Program Files\WindowsApps\PythonSoftwareFoundation.Python.3.13_3.13.752.0_x64__qbz5n2kfra8p0\Lib\types.py first seen with mtime 1733967916.2949743
File C:\DjangoProject\QueryManager\djangoenv\Lib\site-packages\django\core\files\uploadhandler.py first seen with mtime 1733974585.5043154
File C:\DjangoProject\QueryManager\djangoenv\Lib\site-packages\sqlparse\engine\__init__.py first seen with mtime 1733974567.1942704
File C:\DjangoProject\QueryManager\djangoenv\Lib\site-packages\django\contrib\admin\helpers.py first seen with mtime 1733974569.1947825
File C:\DjangoProject\QueryManager\djangoenv\Lib\site-packages\django\forms\fields.py first seen with mtime 1733974585.9439116
File C:\Program Files\WindowsApps\PythonSoftwareFoundation.Python.3.13_3.13.752.0_x64__qbz5n2kfra8p0\Lib\wsgiref\util.py first seen with mtime 1733967916.4217362
File C:\DjangoProject\QueryManager\djangoenv\Lib\site-packages\django\core\mail\message.py first seen with mtime 1733974585.5516596
File C:\DjangoProject\QueryManager\djangoenv\Lib\site-packages\django\contrib\sessions\middleware.py first seen with mtime 1733974581.446396
File C:\Program Files\WindowsApps\PythonSoftwareFoundation.Python.3.13_3.13.752.0_x64__qbz5n2kfra8p0\Lib\fnmatch.py first seen with mtime 1733967913.3773015
File C:\Program Files\WindowsApps\PythonSoftwareFoundation.Python.3.13_3.13.752.0_x64__qbz5n2kfra8p0\Lib\getpass.py first seen with mtime 1733967913.3773015
File C:\DjangoProject\QueryManager\djangoenv\Lib\site-packages\asgiref\sync.py first seen with mtime 1737502700.1044104
File C:\DjangoProject\QueryManager\djangoenv\Lib\site-packages\django\contrib\admin\exceptions.py first seen with mtime 1733974569.1947825
File C:\DjangoProject\QueryManager\djangoenv\Lib\site-packages\django\conf\urls\static.py first seen with mtime 1733974569.1947825
File C:\Program Files\WindowsApps\PythonSoftwareFoundation.Python.3.13_3.13.752.0_x64__qbz5n2kfra8p0\Lib\sqlite3\dbapi2.py first seen with mtime 1733967916.074584
File C:\Program Files\WindowsApps\PythonSoftwareFoundation.Python.3.13_3.13.752.0_x64__qbz5n2kfra8p0\Lib\quopri.py first seen with mtime 1733967914.3476627
File C:\DjangoProject\QueryManager\djangoenv\Lib\site-packages\django\db\models\constants.py first seen with mtime 1733974585.8501348
File C:\DjangoProject\QueryManager\djangoenv\Lib\site-packages\django\core\checks\security\base.py first seen with mtime 1733974585.4573336
File C:\Program Files\WindowsApps\PythonSoftwareFoundation.Python.3.13_3.13.752.0_x64__qbz5n2kfra8p0\Lib\ctypes\wintypes.py first seen with mtime 1733967912.8102107
File C:\Program Files\WindowsApps\PythonSoftwareFoundation.Python.3.13_3.13.752.0_x64__qbz5n2kfra8p0\Lib\asyncio\subprocess.py first seen with mtime 1733967912.6506953
File C:\Program Files\WindowsApps\PythonSoftwareFoundation.Python.3.13_3.13.752.0_x64__qbz5n2kfra8p0\Lib\wsgiref\simple_server.py first seen with mtime 1733967916.4217362
File C:\DjangoProject\QueryManager\djangoenv\Lib\site-packages\django\contrib\contenttypes\management\__init__.py first seen with mtime 1733974574.3625903
File C:\Program Files\WindowsApps\PythonSoftwareFoundation.Python.3.13_3.13.752.0_x64__qbz5n2kfra8p0\Lib\email\base64mime.py first seen with mtime 1733967912.854149
File C:\DjangoProject\QueryManager\djangoenv\Lib\site-packages\django\db\models\sql\datastructures.py first seen with mtime 1733974585.9303696
File C:\DjangoProject\QueryManager\djangoenv\Lib\site-packages\django\utils\decorators.py first seen with mtime 1733974586.4149847
File C:\Program Files\WindowsApps\PythonSoftwareFoundation.Python.3.13_3.13.752.0_x64__qbz5n2kfra8p0\Lib\asyncio\base_futures.py first seen with mtime 1733967912.621498
File C:\Program Files\WindowsApps\PythonSoftwareFoundation.Python.3.13_3.13.752.0_x64__qbz5n2kfra8p0\DLLs\_bz2.pyd first seen with mtime 1738800214.3710897
File C:\DjangoProject\QueryManager\djangoenv\Lib\site-packages\django\views\i18n.py first seen with mtime 1733974586.573134
File C:\Program Files\WindowsApps\PythonSoftwareFoundation.Python.3.13_3.13.752.0_x64__qbz5n2kfra8p0\Lib\concurrent\futures\_base.py first seen with mtime 1733967912.7741854
File C:\DjangoProject\QueryManager\djangoenv\Lib\site-packages\django\core\files\move.py first seen with mtime 1733974585.4573336
File C:\DjangoProject\QueryManager\djangoenv\Lib\site-packages\django\db\backends\base\introspection.py first seen with mtime 1733974585.69599
File C:\DjangoProject\QueryManager\djangoenv\Lib\site-packages\django\core\__init__.py first seen with mtime 1733974585.3781352
File C:\DjangoProject\QueryManager\djangoenv\Lib\site-packages\django\forms\renderers.py first seen with mtime 1733974585.9610112
File C:\DjangoProject\QueryManager\djangoenv\Lib\site-packages\django\urls\base.py first seen with mtime 1733974586.3819532
File C:\DjangoProject\QueryManager\djangoenv\Lib\site-packages\django\contrib\contenttypes\forms.py first seen with mtime 1733974573.208838
File C:\DjangoProject\QueryManager\djangoenv\Lib\site-packages\django\forms\__init__.py first seen with mtime 1733974585.9439116
File C:\DjangoProject\QueryManager\djangoenv\Lib\site-packages\sqlparse\filters\reindent.py first seen with mtime 1733974567.2072985
File C:\DjangoProject\QueryManager\djangoenv\Lib\site-packages\django\core\files\uploadedfile.py first seen with mtime 1733974585.5043154
File C:\Program Files\WindowsApps\PythonSoftwareFoundation.Python.3.13_3.13.752.0_x64__qbz5n2kfra8p0\Lib\asyncio\windows_events.py first seen with mtime 1733967912.6617086
File C:\DjangoProject\QueryManager\djangoenv\Lib\site-packages\django\db\backends\base\creation.py first seen with mtime 1733974585.67583
File C:\DjangoProject\QueryManager\djangoenv\Lib\site-packages\django\dispatch\dispatcher.py first seen with mtime 1733974585.9439116
File C:\Program Files\WindowsApps\PythonSoftwareFoundation.Python.3.13_3.13.752.0_x64__qbz5n2kfra8p0\Lib\http\__init__.py first seen with mtime 1738800221.181219
File C:\DjangoProject\QueryManager\djangoenv\Lib\site-packages\django\db\backends\sqlite3\introspection.py first seen with mtime 1733974585.8016908
File C:\DjangoProject\QueryManager\djangoenv\Lib\site-packages\django\urls\exceptions.py first seen with mtime 1733974586.4006834
File C:\Program Files\WindowsApps\PythonSoftwareFoundation.Python.3.13_3.13.752.0_x64__qbz5n2kfra8p0\Lib\wsgiref\__init__.py first seen with mtime 1733967916.4217362
File C:\Program Files\WindowsApps\PythonSoftwareFoundation.Python.3.13_3.13.752.0_x64__qbz5n2kfra8p0\Lib\opcode.py first seen with mtime 1733967914.2587154
File C:\DjangoProject\QueryManager\djangoenv\Lib\site-packages\django\contrib\staticfiles\apps.py first seen with mtime 1733974585.3303776
File C:\DjangoProject\QueryManager\djangoenv\Lib\site-packages\django\contrib\admin\views\__init__.py first seen with mtime 1733974570.8878036
File C:\Program Files\WindowsApps\PythonSoftwareFoundation.Python.3.13_3.13.752.0_x64__qbz5n2kfra8p0\Lib\asyncio\constants.py first seen with mtime 1733967912.621498
File C:\DjangoProject\QueryManager\djangoenv\Lib\site-packages\sqlparse\engine\filter_stack.py first seen with mtime 1733974567.1942704
File C:\Program Files\WindowsApps\PythonSoftwareFoundation.Python.3.13_3.13.752.0_x64__qbz5n2kfra8p0\Lib\email\_parseaddr.py first seen with mtime 1733967912.9176548
File C:\DjangoProject\QueryManager\djangoenv\Lib\site-packages\django\db\migrations\operations\models.py first seen with mtime 1733974585.8389928
File C:\DjangoProject\QueryManager\djangoenv\Lib\site-packages\django\utils\termcolors.py first seen with mtime 1733974586.493152
File C:\Program Files\WindowsApps\PythonSoftwareFoundation.Python.3.13_3.13.752.0_x64__qbz5n2kfra8p0\DLLs\_asyncio.pyd first seen with mtime 1738800214.3650343
File C:\Program Files\WindowsApps\PythonSoftwareFoundation.Python.3.13_3.13.752.0_x64__qbz5n2kfra8p0\Lib\numbers.py first seen with mtime 1733967914.2573617
File C:\DjangoProject\QueryManager\djangoenv\Lib\site-packages\django\db\migrations\utils.py first seen with mtime 1733974585.8329656
File C:\DjangoProject\QueryManager\djangoenv\Lib\site-packages\django\urls\converters.py first seen with mtime 1733974586.3819532
File C:\Program Files\WindowsApps\PythonSoftwareFoundation.Python.3.13_3.13.752.0_x64__qbz5n2kfra8p0\Lib\locale.py first seen with mtime 1733967914.0436463
File C:\DjangoProject\QueryManager\djangoenv\Lib\site-packages\taggit\admin.py first seen with mtime 1736474285.6831994
File C:\DjangoProject\QueryManager\djangoenv\Lib\site-packages\sqlparse\sql.py first seen with mtime 1733974567.1942704
File C:\DjangoProject\QueryManager\djangoenv\Lib\site-packages\django\core\checks\registry.py first seen with mtime 1733974585.4251702
File C:\Program Files\WindowsApps\PythonSoftwareFoundation.Python.3.13_3.13.752.0_x64__qbz5n2kfra8p0\Lib\base64.py first seen with mtime 1733967912.7579062
File C:\DjangoProject\QueryManager\djangoenv\Lib\site-packages\django\db\models\sql\subqueries.py first seen with mtime 1733974585.9388938
File C:\DjangoProject\QueryManager\djangoenv\Lib\site-packages\django\utils\duration.py first seen with mtime 1733974586.4228165
File C:\Program Files\WindowsApps\PythonSoftwareFoundation.Python.3.13_3.13.752.0_x64__qbz5n2kfra8p0\Lib\socket.py first seen with mtime 1738800224.9961884
File C:\DjangoProject\QueryManager\djangoenv\Lib\site-packages\django\core\servers\basehttp.py first seen with mtime 1733974585.6610441
File C:\Program Files\WindowsApps\PythonSoftwareFoundation.Python.3.13_3.13.752.0_x64__qbz5n2kfra8p0\Lib\graphlib.py first seen with mtime 1733967913.3773015
File C:\DjangoProject\QueryManager\djangoenv\Lib\site-packages\django\forms\boundfield.py first seen with mtime 1733974585.9439116
File C:\Program Files\WindowsApps\PythonSoftwareFoundation.Python.3.13_3.13.752.0_x64__qbz5n2kfra8p0\Lib\_compression.py first seen with mtime 1733967916.6058295
File C:\Program Files\WindowsApps\PythonSoftwareFoundation.Python.3.13_3.13.752.0_x64__qbz5n2kfra8p0\Lib\asyncio\trsock.py first seen with mtime 1733967912.6506953
File C:\DjangoProject\QueryManager\djangoenv\Lib\site-packages\django\contrib\humanize\templatetags\__init__.py first seen with mtime 1733974579.0589626
File C:\DjangoProject\QueryManager\djangoenv\Lib\site-packages\django\contrib\auth\admin.py first seen with mtime 1733974571.890154
File C:\DjangoProject\QueryManager\djangoenv\Lib\site-packages\django\template\loader.py first seen with mtime 1733974586.2234828
File C:\DjangoProject\QueryManager\djangoenv\Lib\site-packages\django\views\static.py first seen with mtime 1733974586.5881636
File C:\Program Files\WindowsApps\PythonSoftwareFoundation.Python.3.13_3.13.752.0_x64__qbz5n2kfra8p0\DLLs\_ctypes.pyd first seen with mtime 1738800214.3843892
File C:\DjangoProject\QueryManager\djangoenv\Lib\site-packages\django\db\models\fields\proxy.py first seen with mtime 1733974585.9121974
File C:\DjangoProject\QueryManager\djangoenv\Lib\site-packages\sqlparse\cli.py first seen with mtime 1733974567.1942704
File C:\Program Files\WindowsApps\PythonSoftwareFoundation.Python.3.13_3.13.752.0_x64__qbz5n2kfra8p0\Lib\email\charset.py first seen with mtime 1733967912.854149
File C:\DjangoProject\QueryManager\djangoenv\Lib\site-packages\django\http\multipartparser.py first seen with mtime 1733974586.1607182
File C:\DjangoProject\QueryManager\djangoenv\Lib\site-packages\django\db\backends\sqlite3\features.py first seen with mtime 1733974585.8016908
File C:\Program Files\WindowsApps\PythonSoftwareFoundation.Python.3.13_3.13.752.0_x64__qbz5n2kfra8p0\Lib\json\__init__.py first seen with mtime 1733967914.0177023
File C:\DjangoProject\QueryManager\djangoenv\Lib\site-packages\django\contrib\staticfiles\views.py first seen with mtime 1733974585.3389049
File C:\Program Files\WindowsApps\PythonSoftwareFoundation.Python.3.13_3.13.752.0_x64__qbz5n2kfra8p0\Lib\logging\handlers.py first seen with mtime 1733967914.0436463
File C:\Program Files\WindowsApps\PythonSoftwareFoundation.Python.3.13_3.13.752.0_x64__qbz5n2kfra8p0\Lib\hashlib.py first seen with mtime 1733967913.3923137
File C:\Program Files\WindowsApps\PythonSoftwareFoundation.Python.3.13_3.13.752.0_x64__qbz5n2kfra8p0\Lib\email\_encoded_words.py first seen with mtime 1733967912.9176548
File C:\DjangoProject\QueryManager\djangoenv\Lib\site-packages\django\contrib\sites\requests.py first seen with mtime 1733974582.6822867
File C:\DjangoProject\QueryManager\djangoenv\Lib\site-packages\django\template\library.py first seen with mtime 1733974586.2234828
File C:\DjangoProject\QueryManager\djangoenv\Lib\site-packages\django\contrib\auth\hashers.py first seen with mtime 1733974571.9855192
File C:\DjangoProject\QueryManager\djangoenv\Lib\site-packages\django\utils\inspect.py first seen with mtime 1733974586.446287
File C:\DjangoProject\QueryManager\djangoenv\Lib\site-packages\django\contrib\messages\apps.py first seen with mtime 1733974579.077232
File C:\Program Files\WindowsApps\PythonSoftwareFoundation.Python.3.13_3.13.752.0_x64__qbz5n2kfra8p0\Lib\html\entities.py first seen with mtime 1733967913.3923137
File C:\Program Files\WindowsApps\PythonSoftwareFoundation.Python.3.13_3.13.752.0_x64__qbz5n2kfra8p0\Lib\asyncio\log.py first seen with mtime 1733967912.6343465
File C:\DjangoProject\QueryManager\djangoenv\Lib\site-packages\django\conf\urls\__init__.py first seen with mtime 1733974569.1929882
File C:\DjangoProject\QueryManager\djangoenv\Lib\site-packages\django\contrib\messages\utils.py first seen with mtime 1733974579.1850338
File C:\DjangoProject\QueryManager\djangoenv\Lib\site-packages\django\db\backends\sqlite3\operations.py first seen with mtime 1733974585.8016908
File C:\DjangoProject\QueryManager\djangoenv\Lib\site-packages\django\db\models\indexes.py first seen with mtime 1733974585.8881373
File C:\DjangoProject\QueryManager\djangoenv\Lib\site-packages\colorama\ansitowin32.py first seen with mtime 1737423053.376655
File C:\DjangoProject\QueryManager\djangoenv\Lib\site-packages\django\db\models\deletion.py first seen with mtime 1733974585.8881373
File C:\DjangoProject\QueryManager\djangoenv\Lib\site-packages\django\db\transaction.py first seen with mtime 1733974585.6626153
File C:\Program Files\WindowsApps\PythonSoftwareFoundation.Python.3.13_3.13.752.0_x64__qbz5n2kfra8p0\Lib\pathlib\_abc.py first seen with mtime 1733967914.2634184
File C:\DjangoProject\QueryManager\djangoenv\Lib\site-packages\django\template\__init__.py first seen with mtime 1733974586.2075226
File C:\Program Files\WindowsApps\PythonSoftwareFoundation.Python.3.13_3.13.752.0_x64__qbz5n2kfra8p0\Lib\concurrent\futures\__init__.py first seen with mtime 1733967912.7741854
File C:\DjangoProject\QueryManager\djangoenv\Lib\site-packages\django\utils\formats.py first seen with mtime 1733974586.4228165
File C:\DjangoProject\QueryManager\djangoenv\Lib\site-packages\colorama\initialise.py first seen with mtime 1737423053.376655
File C:\Program Files\WindowsApps\PythonSoftwareFoundation.Python.3.13_3.13.752.0_x64__qbz5n2kfra8p0\Lib\dis.py first seen with mtime 1738800221.0378034
File C:\DjangoProject\QueryManager\djangoenv\Lib\site-packages\django\template\backends\django.py first seen with mtime 1733974586.2714183
File C:\DjangoProject\QueryManager\djangoenv\Lib\site-packages\django\views\debug.py first seen with mtime 1733974586.573134
File C:\DjangoProject\QueryManager\djangoenv\Lib\site-packages\taggit\utils.py first seen with mtime 1736474285.7246964
File C:\Program Files\WindowsApps\PythonSoftwareFoundation.Python.3.13_3.13.752.0_x64__qbz5n2kfra8p0\Lib\multiprocessing\reduction.py first seen with mtime 1733967914.1633482
File C:\Program Files\WindowsApps\PythonSoftwareFoundation.Python.3.13_3.13.752.0_x64__qbz5n2kfra8p0\Lib\http\server.py first seen with mtime 1733967913.4104724
File C:\DjangoProject\QueryManager\djangoenv\Lib\site-packages\django\contrib\contenttypes\apps.py first seen with mtime 1733974573.208838
File C:\Program Files\WindowsApps\PythonSoftwareFoundation.Python.3.13_3.13.752.0_x64__qbz5n2kfra8p0\Lib\pickle.py first seen with mtime 1733967914.294406
File C:\DjangoProject\QueryManager\djangoenv\Lib\site-packages\django\urls\utils.py first seen with mtime 1733974586.4032204
File C:\DjangoProject\QueryManager\djangoenv\Lib\site-packages\django\core\checks\translation.py first seen with mtime 1733974585.4443855
File C:\DjangoProject\QueryManager\djangoenv\Lib\site-packages\django\middleware\http.py first seen with mtime 1733974586.191905
File C:\DjangoProject\QueryManager\djangoenv\Lib\site-packages\django\forms\forms.py first seen with mtime 1733974585.9439116
File C:\DjangoProject\QueryManager\djangoenv\Lib\site-packages\django\core\management\color.py first seen with mtime 1733974585.5673237
File C:\DjangoProject\QueryManager\djangoenv\Lib\site-packages\django\utils\html.py first seen with mtime 1733974586.446287
File C:\Program Files\WindowsApps\PythonSoftwareFoundation.Python.3.13_3.13.752.0_x64__qbz5n2kfra8p0\Lib\contextvars.py first seen with mtime 1733967912.7881963
File C:\DjangoProject\QueryManager\djangoenv\Lib\site-packages\django\db\models\utils.py first seen with mtime 1733974585.9055374
File C:\Program Files\WindowsApps\PythonSoftwareFoundation.Python.3.13_3.13.752.0_x64__qbz5n2kfra8p0\Lib\email\_policybase.py first seen with mtime 1733967912.9176548
File C:\Program Files\WindowsApps\PythonSoftwareFoundation.Python.3.13_3.13.752.0_x64__qbz5n2kfra8p0\Lib\gzip.py first seen with mtime 1733967913.3923137
File C:\Program Files\WindowsApps\PythonSoftwareFoundation.Python.3.13_3.13.752.0_x64__qbz5n2kfra8p0\Lib\ctypes\_endian.py first seen with mtime 1733967912.8102107
File C:\DjangoProject\QueryManager\djangoenv\Lib\site-packages\django\db\models\signals.py first seen with mtime 1733974585.8961544
File C:\DjangoProject\QueryManager\main\templatetags\__init__.py first seen with mtime 1737592167.421626
File C:\Program Files\WindowsApps\PythonSoftwareFoundation.Python.3.13_3.13.752.0_x64__qbz5n2kfra8p0\Lib\textwrap.py first seen with mtime 1733967916.1220248
File C:\Program Files\WindowsApps\PythonSoftwareFoundation.Python.3.13_3.13.752.0_x64__qbz5n2kfra8p0\Lib\uuid.py first seen with mtime 1733967916.3901956
File C:\DjangoProject\QueryManager\djangoenv\Lib\site-packages\django\db\backends\base\client.py first seen with mtime 1733974585.67583
File C:\DjangoProject\QueryManager\djangoenv\Lib\site-packages\django\contrib\auth\management\__init__.py first seen with mtime 1733974573.094805
File C:\Program Files\WindowsApps\PythonSoftwareFoundation.Python.3.13_3.13.752.0_x64__qbz5n2kfra8p0\Lib\asyncio\format_helpers.py first seen with mtime 1733967912.6332936
File C:\DjangoProject\QueryManager\djangoenv\Lib\site-packages\django\core\handlers\base.py first seen with mtime 1733974585.5516596
File C:\DjangoProject\QueryManager\djangoenv\Lib\site-packages\django\core\files\temp.py first seen with mtime 1733974585.4729927
File C:\DjangoProject\QueryManager\djangoenv\Lib\site-packages\django\middleware\security.py first seen with mtime 1733974586.191905
File C:\Program Files\WindowsApps\PythonSoftwareFoundation.Python.3.13_3.13.752.0_x64__qbz5n2kfra8p0\Lib\warnings.py first seen with mtime 1733967916.41322
File C:\DjangoProject\QueryManager\djangoenv\Lib\site-packages\django\contrib\staticfiles\management\commands\__init__.py first seen with mtime 1733974585.3389049
File C:\Program Files\WindowsApps\PythonSoftwareFoundation.Python.3.13_3.13.752.0_x64__qbz5n2kfra8p0\Lib\wsgiref\handlers.py first seen with mtime 1733967916.41322
File C:\Program Files\WindowsApps\PythonSoftwareFoundation.Python.3.13_3.13.752.0_x64__qbz5n2kfra8p0\Lib\email\generator.py first seen with mtime 1733967912.8690794
File C:\Program Files\WindowsApps\PythonSoftwareFoundation.Python.3.13_3.13.752.0_x64__qbz5n2kfra8p0\Lib\asyncio\selector_events.py first seen with mtime 1738800220.9908607
File C:\Program Files\WindowsApps\PythonSoftwareFoundation.Python.3.13_3.13.752.0_x64__qbz5n2kfra8p0\Lib\urllib\error.py first seen with mtime 1733967916.3525608
File C:\DjangoProject\QueryManager\djangoenv\Lib\site-packages\django\utils\tree.py first seen with mtime 1733974586.5118647
File C:\Program Files\WindowsApps\PythonSoftwareFoundation.Python.3.13_3.13.752.0_x64__qbz5n2kfra8p0\Lib\bisect.py first seen with mtime 1733967912.7579062
File C:\DjangoProject\QueryManager\djangoenv\Lib\site-packages\django\core\files\__init__.py first seen with mtime 1733974585.4573336
File C:\DjangoProject\QueryManager\djangoenv\Lib\site-packages\django\core\cache\utils.py first seen with mtime 1733974585.3937483
File C:\DjangoProject\QueryManager\djangoenv\Lib\site-packages\django\utils\crypto.py first seen with mtime 1733974586.4032204
File C:\DjangoProject\QueryManager\djangoenv\Lib\site-packages\django\db\models\fields\files.py first seen with mtime 1733974585.9055374
File C:\DjangoProject\QueryManager\djangoenv\Lib\site-packages\django\contrib\staticfiles\handlers.py first seen with mtime 1733974585.3303776
File C:\Program Files\WindowsApps\PythonSoftwareFoundation.Python.3.13_3.13.752.0_x64__qbz5n2kfra8p0\DLLs\_hashlib.pyd first seen with mtime 1738800214.420141
File C:\DjangoProject\QueryManager\djangoenv\Lib\site-packages\django\db\backends\sqlite3\schema.py first seen with mtime 1733974585.8016908
File C:\DjangoProject\QueryManager\djangoenv\Lib\site-packages\django\core\handlers\exception.py first seen with mtime 1733974585.5516596
File C:\DjangoProject\QueryManager\djangoenv\Lib\site-packages\django\templatetags\__init__.py first seen with mtime 1733974586.3112657
File C:\Program Files\WindowsApps\PythonSoftwareFoundation.Python.3.13_3.13.752.0_x64__qbz5n2kfra8p0\Lib\urllib\__init__.py first seen with mtime 1738800209.0540855
File C:\DjangoProject\QueryManager\djangoenv\Lib\site-packages\django\contrib\messages\constants.py first seen with mtime 1733974579.0786927
File C:\DjangoProject\QueryManager\djangoenv\Lib\site-packages\django\db\migrations\operations\__init__.py first seen with mtime 1733974585.8329656
File C:\Program Files\WindowsApps\PythonSoftwareFoundation.Python.3.13_3.13.752.0_x64__qbz5n2kfra8p0\Lib\calendar.py first seen with mtime 1733967912.7579062
File C:\DjangoProject\QueryManager\djangoenv\Lib\site-packages\django\db\models\sql\where.py first seen with mtime 1733974585.9388938
File C:\Program Files\WindowsApps\PythonSoftwareFoundation.Python.3.13_3.13.752.0_x64__qbz5n2kfra8p0\Lib\fractions.py first seen with mtime 1733967913.3773015
File C:\DjangoProject\QueryManager\djangoenv\Lib\site-packages\django\contrib\auth\models.py first seen with mtime 1733974571.9863224
File C:\Program Files\WindowsApps\PythonSoftwareFoundation.Python.3.13_3.13.752.0_x64__qbz5n2kfra8p0\Lib\mimetypes.py first seen with mtime 1733967914.0585456
File C:\DjangoProject\QueryManager\djangoenv\Lib\site-packages\django\core\exceptions.py first seen with mtime 1733974585.3781352
File C:\Program Files\WindowsApps\PythonSoftwareFoundation.Python.3.13_3.13.752.0_x64__qbz5n2kfra8p0\Lib\asyncio\protocols.py first seen with mtime 1733967912.6343465
File C:\Program Files\WindowsApps\PythonSoftwareFoundation.Python.3.13_3.13.752.0_x64__qbz5n2kfra8p0\Lib\multiprocessing\process.py first seen with mtime 1733967914.1530755
File C:\Program Files\WindowsApps\PythonSoftwareFoundation.Python.3.13_3.13.752.0_x64__qbz5n2kfra8p0\Lib\urllib\parse.py first seen with mtime 1738800225.078454
File C:\DjangoProject\QueryManager\djangoenv\Lib\site-packages\django\contrib\admin\templatetags\log.py first seen with mtime 1733974570.8878036
File C:\DjangoProject\QueryManager\djangoenv\Lib\site-packages\django\db\models\sql\__init__.py first seen with mtime 1733974585.9303696
File C:\DjangoProject\QueryManager\djangoenv\Lib\site-packages\django\contrib\humanize\__init__.py first seen with mtime 1733974577.7093382
File C:\DjangoProject\QueryManager\djangoenv\Lib\site-packages\django\utils\regex_helper.py first seen with mtime 1733974586.493152
File C:\DjangoProject\QueryManager\djangoenv\Lib\site-packages\django\urls\resolvers.py first seen with mtime 1733974586.4006834
File C:\Program Files\WindowsApps\PythonSoftwareFoundation.Python.3.13_3.13.752.0_x64__qbz5n2kfra8p0\Lib\socketserver.py first seen with mtime 1738800224.9961884
File C:\DjangoProject\QueryManager\djangoenv\Lib\site-packages\django\db\models\fields\related.py first seen with mtime 1733974585.9121974
File C:\DjangoProject\QueryManager\djangoenv\Lib\site-packages\django\contrib\humanize\apps.py first seen with mtime 1733974577.7093382
File C:\DjangoProject\QueryManager\djangoenv\Lib\site-packages\django\utils\deconstruct.py first seen with mtime 1733974586.4149847
File C:\Program Files\WindowsApps\PythonSoftwareFoundation.Python.3.13_3.13.752.0_x64__qbz5n2kfra8p0\Lib\difflib.py first seen with mtime 1733967912.83741
File C:\DjangoProject\QueryManager\djangoenv\Lib\site-packages\django\db\backends\base\schema.py first seen with mtime 1733974585.7072222
File C:\DjangoProject\QueryManager\djangoenv\Lib\site-packages\django\core\cache\backends\__init__.py first seen with mtime 1733974585.3937483
File C:\DjangoProject\QueryManager\djangoenv\Lib\site-packages\django\core\checks\security\__init__.py first seen with mtime 1733974585.4573336
File C:\Program Files\WindowsApps\PythonSoftwareFoundation.Python.3.13_3.13.752.0_x64__qbz5n2kfra8p0\Lib\email\parser.py first seen with mtime 1733967912.9176548
File C:\Program Files\WindowsApps\PythonSoftwareFoundation.Python.3.13_3.13.752.0_x64__qbz5n2kfra8p0\Lib\tokenize.py first seen with mtime 1738800225.0539823
File C:\DjangoProject\QueryManager\djangoenv\Lib\site-packages\django\contrib\admin\widgets.py first seen with mtime 1733974569.2095509
File C:\DjangoProject\QueryManager\djangoenv\Lib\site-packages\django\db\models\functions\window.py first seen with mtime 1733974585.9303696
File C:\Program Files\WindowsApps\PythonSoftwareFoundation.Python.3.13_3.13.752.0_x64__qbz5n2kfra8p0\DLLs\select.pyd first seen with mtime 1738800214.2209342
File C:\DjangoProject\QueryManager\djangoenv\Lib\site-packages\django\db\models\options.py first seen with mtime 1733974585.8961544
File C:\DjangoProject\QueryManager\djangoenv\Lib\site-packages\django\contrib\humanize\templatetags\humanize.py first seen with mtime 1733974579.0746717
File C:\DjangoProject\QueryManager\djangoenv\Lib\site-packages\django\contrib\messages\storage\base.py first seen with mtime 1733974579.1850338
File C:\DjangoProject\QueryManager\djangoenv\Lib\site-packages\django\template\response.py first seen with mtime 1733974586.2234828
File C:\DjangoProject\QueryManager\djangoenv\Lib\site-packages\taggit\forms.py first seen with mtime 1736474285.686344
File C:\Program Files\WindowsApps\PythonSoftwareFoundation.Python.3.13_3.13.752.0_x64__qbz5n2kfra8p0\Lib\contextlib.py first seen with mtime 1733967912.7881963
File C:\Program Files\WindowsApps\PythonSoftwareFoundation.Python.3.13_3.13.752.0_x64__qbz5n2kfra8p0\Lib\nturl2path.py first seen with mtime 1733967914.2573617
File C:\DjangoProject\QueryManager\djangoenv\Lib\site-packages\django\shortcuts.py first seen with mtime 1733974568.5114176
File C:\DjangoProject\QueryManager\djangoenv\Lib\site-packages\django\utils\encoding.py first seen with mtime 1733974586.4228165
File C:\DjangoProject\QueryManager\djangoenv\Lib\site-packages\django\template\loaders\cached.py first seen with mtime 1733974586.3038902
File C:\Program Files\WindowsApps\PythonSoftwareFoundation.Python.3.13_3.13.752.0_x64__qbz5n2kfra8p0\Lib\email\quoprimime.py first seen with mtime 1733967912.9176548
File C:\DjangoProject\QueryManager\djangoenv\Lib\site-packages\django\utils\ipv6.py first seen with mtime 1733974586.446287
File C:\DjangoProject\QueryManager\djangoenv\Lib\site-packages\django\views\decorators\debug.py first seen with mtime 1733974586.595184
File C:\DjangoProject\QueryManager\djangoenv\Lib\site-packages\django\contrib\auth\checks.py first seen with mtime 1733974571.9817183
File C:\DjangoProject\QueryManager\djangoenv\Lib\site-packages\django\core\serializers\json.py first seen with mtime 1733974585.643707
File C:\Program Files\WindowsApps\PythonSoftwareFoundation.Python.3.13_3.13.752.0_x64__qbz5n2kfra8p0\Lib\_compat_pickle.py first seen with mtime 1733967916.6044388
File C:\Program Files\WindowsApps\PythonSoftwareFoundation.Python.3.13_3.13.752.0_x64__qbz5n2kfra8p0\Lib\decimal.py first seen with mtime 1733967912.83741
File C:\DjangoProject\QueryManager\djangoenv\Lib\site-packages\django\utils\safestring.py first seen with mtime 1733974586.493152
File C:\Program Files\WindowsApps\PythonSoftwareFoundation.Python.3.13_3.13.752.0_x64__qbz5n2kfra8p0\Lib\asyncio\futures.py first seen with mtime 1733967912.6343465
File C:\DjangoProject\QueryManager\djangoenv\Lib\site-packages\django\contrib\auth\decorators.py first seen with mtime 1733974571.9832935
File C:\DjangoProject\QueryManager\djangoenv\Lib\site-packages\django\db\backends\base\__init__.py first seen with mtime 1733974585.6626153
File C:\DjangoProject\QueryManager\djangoenv\Lib\site-packages\django\utils\http.py first seen with mtime 1733974586.446287
File C:\DjangoProject\QueryManager\djangoenv\Lib\site-packages\django\core\checks\__init__.py first seen with mtime 1733974585.4101186
File C:\DjangoProject\QueryManager\djangoenv\Lib\site-packages\django\contrib\auth\base_user.py first seen with mtime 1733974571.9116316
File C:\DjangoProject\QueryManager\djangoenv\Lib\site-packages\django\utils\text.py first seen with mtime 1733974586.493152
File C:\DjangoProject\QueryManager\djangoenv\Lib\site-packages\django\contrib\contenttypes\admin.py first seen with mtime 1733974573.208838
File C:\Program Files\WindowsApps\PythonSoftwareFoundation.Python.3.13_3.13.752.0_x64__qbz5n2kfra8p0\Lib\encodings\__init__.py first seen with mtime 1733967913.09124
File C:\DjangoProject\QueryManager\djangoenv\Lib\site-packages\django\db\models\manager.py first seen with mtime 1733974585.8961544
File C:\DjangoProject\QueryManager\djangoenv\Lib\site-packages\sqlparse\filters\output.py first seen with mtime 1733974567.2072985
File C:\DjangoProject\QueryManager\djangoenv\Lib\site-packages\django\db\migrations\operations\base.py first seen with mtime 1733974585.8329656
File C:\Program Files\WindowsApps\PythonSoftwareFoundation.Python.3.13_3.13.752.0_x64__qbz5n2kfra8p0\Lib\struct.py first seen with mtime 1733967916.1046782
File C:\DjangoProject\QueryManager\djangoenv\Lib\site-packages\django\template\loader_tags.py first seen with mtime 1733974586.2234828
File C:\DjangoProject\QueryManager\djangoenv\Lib\site-packages\django\db\models\expressions.py first seen with mtime 1733974585.8881373
File C:\Program Files\WindowsApps\PythonSoftwareFoundation.Python.3.13_3.13.752.0_x64__qbz5n2kfra8p0\Lib\email\header.py first seen with mtime 1733967912.8690794
File C:\DjangoProject\QueryManager\djangoenv\Lib\site-packages\django\template\loaders\base.py first seen with mtime 1733974586.3038902
File C:\DjangoProject\QueryManager\djangoenv\Lib\site-packages\django\template\defaulttags.py first seen with mtime 1733974586.2189593
File C:\DjangoProject\QueryManager\djangoenv\Lib\site-packages\django\middleware\csrf.py first seen with mtime 1733974586.191905
File C:\Program Files\WindowsApps\PythonSoftwareFoundation.Python.3.13_3.13.752.0_x64__qbz5n2kfra8p0\Lib\re\_parser.py first seen with mtime 1733967914.3566792
File C:\DjangoProject\QueryManager\djangoenv\Lib\site-packages\django\core\checks\security\sessions.py first seen with mtime 1733974585.4573336
File C:\DjangoProject\QueryManager\djangoenv\Lib\site-packages\django\forms\formsets.py first seen with mtime 1733974585.9439116
File C:\DjangoProject\QueryManager\djangoenv\Lib\site-packages\django\utils\translation\reloader.py first seen with mtime 1733974586.540804
File C:\Program Files\WindowsApps\PythonSoftwareFoundation.Python.3.13_3.13.752.0_x64__qbz5n2kfra8p0\Lib\random.py first seen with mtime 1733967914.3476627
File C:\DjangoProject\QueryManager\djangoenv\Lib\site-packages\django\contrib\admin\templatetags\admin_urls.py first seen with mtime 1733974570.8723128
File C:\DjangoProject\QueryManager\djangoenv\Lib\site-packages\django\db\migrations\migration.py first seen with mtime 1733974585.8173397
File C:\DjangoProject\QueryManager\djangoenv\Lib\site-packages\django\utils\log.py first seen with mtime 1733974586.493152
File C:\Program Files\WindowsApps\PythonSoftwareFoundation.Python.3.13_3.13.752.0_x64__qbz5n2kfra8p0\Lib\asyncio\events.py first seen with mtime 1733967912.628267
File C:\DjangoProject\QueryManager\djangoenv\Lib\site-packages\colorama\ansi.py first seen with mtime 1737423053.376655
File C:\DjangoProject\QueryManager\djangoenv\Lib\site-packages\django\db\models\query.py first seen with mtime 1733974585.8961544
File C:\DjangoProject\QueryManager\djangoenv\Lib\site-packages\django\core\files\images.py first seen with mtime 1733974585.4573336
File C:\DjangoProject\QueryManager\djangoenv\Lib\site-packages\django\contrib\__init__.py first seen with mtime 1733974569.1947825
File C:\Program Files\WindowsApps\PythonSoftwareFoundation.Python.3.13_3.13.752.0_x64__qbz5n2kfra8p0\Lib\asyncio\transports.py first seen with mtime 1733967912.6506953
File C:\DjangoProject\QueryManager\djangoenv\Lib\site-packages\django\core\files\storage\memory.py first seen with mtime 1733974585.5043154
File C:\DjangoProject\QueryManager\djangoenv\Lib\site-packages\sqlparse\exceptions.py first seen with mtime 1733974567.1942704
File C:\DjangoProject\QueryManager\djangoenv\Lib\site-packages\sqlparse\__init__.py first seen with mtime 1733974567.1918836
File C:\DjangoProject\QueryManager\djangoenv\Lib\site-packages\django\core\files\storage\handler.py first seen with mtime 1733974585.5043154
File C:\Program Files\WindowsApps\PythonSoftwareFoundation.Python.3.13_3.13.752.0_x64__qbz5n2kfra8p0\Lib\email\mime\nonmultipart.py first seen with mtime 1733967912.8690794
File C:\DjangoProject\QueryManager\djangoenv\Lib\site-packages\django\db\models\fields\json.py first seen with mtime 1733974585.9111767
File C:\DjangoProject\QueryManager\djangoenv\Lib\site-packages\django\template\engine.py first seen with mtime 1733974586.2189593
File C:\DjangoProject\QueryManager\djangoenv\Lib\site-packages\django\db\backends\__init__.py first seen with mtime 1733974585.6626153
File C:\Program Files\WindowsApps\PythonSoftwareFoundation.Python.3.13_3.13.752.0_x64__qbz5n2kfra8p0\DLLs\_overlapped.pyd first seen with mtime 1738800214.4384177
File C:\DjangoProject\QueryManager\djangoenv\Lib\site-packages\django\utils\asyncio.py first seen with mtime 1733974586.4032204
File C:\DjangoProject\QueryManager\main\views.py first seen with mtime 1741584385.221021
File C:\Program Files\WindowsApps\PythonSoftwareFoundation.Python.3.13_3.13.752.0_x64__qbz5n2kfra8p0\Lib\http\cookies.py first seen with mtime 1738800221.181219
File C:\DjangoProject\QueryManager\djangoenv\Lib\site-packages\django\contrib\admin\templatetags\admin_modify.py first seen with mtime 1733974570.855475
File C:\Program Files\WindowsApps\PythonSoftwareFoundation.Python.3.13_3.13.752.0_x64__qbz5n2kfra8p0\Lib\shutil.py first seen with mtime 1733967914.3769588
File C:\DjangoProject\QueryManager\djangoenv\Lib\site-packages\django\utils\functional.py first seen with mtime 1733974586.4265535
File C:\DjangoProject\QueryManager\djangoenv\Lib\site-packages\django\utils\dateparse.py first seen with mtime 1733974586.4149847
File C:\Program Files\WindowsApps\PythonSoftwareFoundation.Python.3.13_3.13.752.0_x64__qbz5n2kfra8p0\Lib\email\policy.py first seen with mtime 1733967912.9176548
File C:\Program Files\WindowsApps\PythonSoftwareFoundation.Python.3.13_3.13.752.0_x64__qbz5n2kfra8p0\Lib\enum.py first seen with mtime 1738800221.1653035
File C:\DjangoProject\QueryManager\djangoenv\Lib\site-packages\django\core\signals.py first seen with mtime 1733974585.3781352
File C:\Program Files\WindowsApps\PythonSoftwareFoundation.Python.3.13_3.13.752.0_x64__qbz5n2kfra8p0\Lib\logging\__init__.py first seen with mtime 1733967914.0484939
File C:\DjangoProject\QueryManager\main\apps.py first seen with mtime 1733973683.9720564
File C:\Program Files\WindowsApps\PythonSoftwareFoundation.Python.3.13_3.13.752.0_x64__qbz5n2kfra8p0\Lib\token.py first seen with mtime 1733967916.1689184
File C:\DjangoProject\QueryManager\djangoenv\Lib\site-packages\django\db\models\functions\comparison.py first seen with mtime 1733974585.925053
File C:\DjangoProject\QueryManager\djangoenv\Lib\site-packages\django\db\utils.py first seen with mtime 1733974585.6626153
File C:\Program Files\WindowsApps\PythonSoftwareFoundation.Python.3.13_3.13.752.0_x64__qbz5n2kfra8p0\Lib\concurrent\futures\thread.py first seen with mtime 1733967912.7741854
File C:\DjangoProject\QueryManager\djangoenv\Lib\site-packages\django\urls\__init__.py first seen with mtime 1733974586.3819532
File C:\Program Files\WindowsApps\PythonSoftwareFoundation.Python.3.13_3.13.752.0_x64__qbz5n2kfra8p0\Lib\gettext.py first seen with mtime 1733967913.3773015
File C:\DjangoProject\QueryManager\djangoenv\Lib\site-packages\django\contrib\admin\sites.py first seen with mtime 1733974569.2095509
File C:\DjangoProject\QueryManager\djangoenv\Lib\site-packages\django\utils\lorem_ipsum.py first seen with mtime 1733974586.493152
File C:\DjangoProject\QueryManager\djangoenv\Lib\site-packages\django\views\generic\base.py first seen with mtime 1733974586.60421
File C:\DjangoProject\QueryManager\djangoenv\Lib\site-packages\django\db\models\functions\datetime.py first seen with mtime 1733974585.925053
File C:\Program Files\WindowsApps\PythonSoftwareFoundation.Python.3.13_3.13.752.0_x64__qbz5n2kfra8p0\DLLs\_wmi.pyd first seen with mtime 1738800220.9374447
File C:\DjangoProject\QueryManager\djangoenv\Lib\site-packages\django\contrib\admin\apps.py first seen with mtime 1733974569.1947825
File C:\Program Files\WindowsApps\PythonSoftwareFoundation.Python.3.13_3.13.752.0_x64__qbz5n2kfra8p0\Lib\multiprocessing\__init__.py first seen with mtime 1733967914.1676846
File C:\DjangoProject\QueryManager\djangoenv\Lib\site-packages\django\template\defaultfilters.py first seen with mtime 1733974586.216757
File C:\Program Files\WindowsApps\PythonSoftwareFoundation.Python.3.13_3.13.752.0_x64__qbz5n2kfra8p0\Lib\pathlib\__init__.py first seen with mtime 1733967914.26478
File C:\DjangoProject\QueryManager\djangoenv\Lib\site-packages\django\utils\connection.py first seen with mtime 1733974586.4032204
File C:\DjangoProject\QueryManager\djangoenv\Lib\site-packages\django\core\servers\__init__.py first seen with mtime 1733974585.6593516
File C:\Program Files\WindowsApps\PythonSoftwareFoundation.Python.3.13_3.13.752.0_x64__qbz5n2kfra8p0\Lib\argparse.py first seen with mtime 1733967912.6190605
File C:\DjangoProject\QueryManager\djangoenv\Lib\site-packages\django\contrib\admin\__init__.py first seen with mtime 1733974569.1947825
File C:\Program Files\WindowsApps\PythonSoftwareFoundation.Python.3.13_3.13.752.0_x64__qbz5n2kfra8p0\Lib\lzma.py first seen with mtime 1733967914.0585456
File C:\DjangoProject\QueryManager\djangoenv\Lib\site-packages\django\conf\__init__.py first seen with mtime 1733974568.5228508
File C:\Program Files\WindowsApps\PythonSoftwareFoundation.Python.3.13_3.13.752.0_x64__qbz5n2kfra8p0\Lib\http\client.py first seen with mtime 1738800221.181219
File C:\DjangoProject\QueryManager\main\__init__.py first seen with mtime 1733973684.2085314
File C:\Program Files\WindowsApps\PythonSoftwareFoundation.Python.3.13_3.13.752.0_x64__qbz5n2kfra8p0\Lib\email\mime\base.py first seen with mtime 1733967912.8690794
File C:\DjangoProject\QueryManager\djangoenv\Lib\site-packages\django\db\backends\base\features.py first seen with mtime 1733974585.67583
File C:\DjangoProject\QueryManager\djangoenv\Lib\site-packages\django\core\cache\backends\base.py first seen with mtime 1733974585.3937483
File C:\DjangoProject\QueryManager\djangoenv\Lib\site-packages\django\db\migrations\operations\special.py first seen with mtime 1733974585.8389928
File C:\Program Files\WindowsApps\PythonSoftwareFoundation.Python.3.13_3.13.752.0_x64__qbz5n2kfra8p0\Lib\asyncio\staggered.py first seen with mtime 1738800220.9908607
File C:\DjangoProject\QueryManager\core\settings.py first seen with mtime 1741652631.3826985
File C:\DjangoProject\QueryManager\djangoenv\Lib\site-packages\django\views\decorators\csrf.py first seen with mtime 1733974586.595184
File C:\DjangoProject\QueryManager\djangoenv\Lib\site-packages\django\contrib\admin\checks.py first seen with mtime 1733974569.1947825
File C:\DjangoProject\QueryManager\djangoenv\Lib\site-packages\django\db\models\query_utils.py first seen with mtime 1733974585.8961544
File C:\Program Files\WindowsApps\PythonSoftwareFoundation.Python.3.13_3.13.752.0_x64__qbz5n2kfra8p0\Lib\asyncio\taskgroups.py first seen with mtime 1738800220.9908607
File C:\DjangoProject\QueryManager\djangoenv\Lib\site-packages\django\template\exceptions.py first seen with mtime 1733974586.2189593
File C:\DjangoProject\QueryManager\djangoenv\Lib\site-packages\django\db\models\fields\generated.py first seen with mtime 1733974585.9055374
File C:\Program Files\WindowsApps\PythonSoftwareFoundation.Python.3.13_3.13.752.0_x64__qbz5n2kfra8p0\Lib\urllib\response.py first seen with mtime 1733967916.3641868
File C:\DjangoProject\QueryManager\core\urls.py first seen with mtime 1737569038.39525
File C:\DjangoProject\QueryManager\djangoenv\Lib\site-packages\django\contrib\messages\api.py first seen with mtime 1733974579.077232
File C:\Program Files\WindowsApps\PythonSoftwareFoundation.Python.3.13_3.13.752.0_x64__qbz5n2kfra8p0\Lib\sysconfig\__init__.py first seen with mtime 1738800225.0222125
File C:\DjangoProject\QueryManager\djangoenv\Lib\site-packages\django\forms\models.py first seen with mtime 1733974585.9595702
File C:\DjangoProject\QueryManager\djangoenv\Lib\site-packages\django\http\cookie.py first seen with mtime 1733974586.1353028
File C:\Program Files\WindowsApps\PythonSoftwareFoundation.Python.3.13_3.13.752.0_x64__qbz5n2kfra8p0\Lib\json\encoder.py first seen with mtime 1733967914.0177023
File C:\DjangoProject\QueryManager\djangoenv\Lib\site-packages\django\core\checks\messages.py first seen with mtime 1733974585.4101186
File C:\Program Files\WindowsApps\PythonSoftwareFoundation.Python.3.13_3.13.752.0_x64__qbz5n2kfra8p0\Lib\asyncio\locks.py first seen with mtime 1738800220.9692624
File C:\DjangoProject\QueryManager\djangoenv\Lib\site-packages\django\contrib\admin\models.py first seen with mtime 1733974569.1947825
File C:\DjangoProject\QueryManager\djangoenv\Lib\site-packages\django\core\checks\security\csrf.py first seen with mtime 1733974585.4573336
File C:\DjangoProject\QueryManager\djangoenv\Lib\site-packages\django\views\generic\edit.py first seen with mtime 1733974586.60421
File C:\Program Files\WindowsApps\PythonSoftwareFoundation.Python.3.13_3.13.752.0_x64__qbz5n2kfra8p0\Lib\importlib\__init__.py first seen with mtime 1733967913.9796789
File C:\DjangoProject\QueryManager\djangoenv\Lib\site-packages\django\db\backends\utils.py first seen with mtime 1733974585.6626153
File C:\DjangoProject\QueryManager\djangoenv\Lib\site-packages\django\utils\datastructures.py first seen with mtime 1733974586.4149847
File C:\DjangoProject\QueryManager\djangoenv\Lib\site-packages\django\contrib\staticfiles\management\commands\runserver.py first seen with mtime 1733974585.3781352
File C:\DjangoProject\QueryManager\djangoenv\Lib\site-packages\django\template\backends\base.py first seen with mtime 1733974586.2234828
File C:\DjangoProject\QueryManager\djangoenv\Lib\site-packages\django\utils\hashable.py first seen with mtime 1733974586.4265535
File C:\Program Files\WindowsApps\PythonSoftwareFoundation.Python.3.13_3.13.752.0_x64__qbz5n2kfra8p0\Lib\linecache.py first seen with mtime 1738800221.3393648
File C:\DjangoProject\QueryManager\djangoenv\Lib\site-packages\django\contrib\sites\__init__.py first seen with mtime 1733974582.6683838
File C:\DjangoProject\QueryManager\djangoenv\Lib\site-packages\django\core\checks\files.py first seen with mtime 1733974585.4101186
File C:\DjangoProject\QueryManager\djangoenv\Lib\site-packages\django\core\serializers\__init__.py first seen with mtime 1733974585.643707
File C:\Program Files\WindowsApps\PythonSoftwareFoundation.Python.3.13_3.13.752.0_x64__qbz5n2kfra8p0\Lib\string.py first seen with mtime 1733967916.1027768
File C:\DjangoProject\QueryManager\djangoenv\Lib\site-packages\sqlparse\keywords.py first seen with mtime 1733974567.1942704
File C:\DjangoProject\QueryManager\djangoenv\Lib\site-packages\django\core\management\__init__.py first seen with mtime 1733974585.5673237
File C:\DjangoProject\QueryManager\djangoenv\Lib\site-packages\django\contrib\sessions\apps.py first seen with mtime 1733974581.4249718
File C:\Program Files\WindowsApps\PythonSoftwareFoundation.Python.3.13_3.13.752.0_x64__qbz5n2kfra8p0\DLLs\_decimal.pyd first seen with mtime 1738800214.3912208
File C:\DjangoProject\QueryManager\djangoenv\Lib\site-packages\django\template\smartif.py first seen with mtime 1733974586.2234828
File C:\DjangoProject\QueryManager\djangoenv\Lib\site-packages\taggit\__init__.py first seen with mtime 1736474285.6708925
File C:\Program Files\WindowsApps\PythonSoftwareFoundation.Python.3.13_3.13.752.0_x64__qbz5n2kfra8p0\Lib\logging\config.py first seen with mtime 1733967914.0436463
File C:\DjangoProject\QueryManager\djangoenv\Lib\site-packages\django\templatetags\cache.py first seen with mtime 1733974586.3112657
File C:\DjangoProject\QueryManager\djangoenv\Lib\site-packages\sqlparse\filters\aligned_indent.py first seen with mtime 1733974567.1942704
File C:\DjangoProject\QueryManager\djangoenv\Lib\site-packages\django\db\models\sql\constants.py first seen with mtime 1733974585.9303696
File C:\DjangoProject\QueryManager\djangoenv\Lib\site-packages\django\template\base.py first seen with mtime 1733974586.2075226
File C:\DjangoProject\QueryManager\main\models.py first seen with mtime 1740534387.5648372
File C:\DjangoProject\QueryManager\djangoenv\Lib\site-packages\django\contrib\admin\filters.py first seen with mtime 1733974569.1947825
File C:\Program Files\WindowsApps\PythonSoftwareFoundation.Python.3.13_3.13.752.0_x64__qbz5n2kfra8p0\Lib\glob.py first seen with mtime 1733967913.3773015
File C:\DjangoProject\QueryManager\djangoenv\Lib\site-packages\colorama\__init__.py first seen with mtime 1737423053.365817
File C:\Program Files\WindowsApps\PythonSoftwareFoundation.Python.3.13_3.13.752.0_x64__qbz5n2kfra8p0\Lib\email\contentmanager.py first seen with mtime 1733967912.854149
File C:\Program Files\WindowsApps\PythonSoftwareFoundation.Python.3.13_3.13.752.0_x64__qbz5n2kfra8p0\Lib\zoneinfo\_common.py first seen with mtime 1733967916.5647936
File C:\Program Files\WindowsApps\PythonSoftwareFoundation.Python.3.13_3.13.752.0_x64__qbz5n2kfra8p0\Lib\queue.py first seen with mtime 1733967914.3476627
File C:\Program Files\WindowsApps\PythonSoftwareFoundation.Python.3.13_3.13.752.0_x64__qbz5n2kfra8p0\Lib\_colorize.py first seen with mtime 1738800225.1323504
File C:\DjangoProject\QueryManager\djangoenv\Lib\site-packages\django\utils\__init__.py first seen with mtime 1733974586.4032204
File C:\Program Files\WindowsApps\PythonSoftwareFoundation.Python.3.13_3.13.752.0_x64__qbz5n2kfra8p0\DLLs\_zoneinfo.pyd first seen with mtime 1738800220.9388745
File C:\DjangoProject\QueryManager\djangoenv\Lib\site-packages\django\contrib\staticfiles\finders.py first seen with mtime 1733974585.3303776
File C:\Program Files\WindowsApps\PythonSoftwareFoundation.Python.3.13_3.13.752.0_x64__qbz5n2kfra8p0\Lib\re\_casefix.py first seen with mtime 1733967914.3476627
File C:\DjangoProject\QueryManager\djangoenv\Lib\site-packages\django\contrib\sessions\models.py first seen with mtime 1733974581.446396
File C:\DjangoProject\QueryManager\djangoenv\Lib\site-packages\django\contrib\staticfiles\checks.py first seen with mtime 1733974585.3303776
File C:\DjangoProject\QueryManager\djangoenv\Lib\site-packages\django\core\wsgi.py first seen with mtime 1733974585.3937483
File C:\Program Files\WindowsApps\PythonSoftwareFoundation.Python.3.13_3.13.752.0_x64__qbz5n2kfra8p0\Lib\keyword.py first seen with mtime 1733967914.0349112
File C:\DjangoProject\QueryManager\djangoenv\Lib\site-packages\django\contrib\auth\signals.py first seen with mtime 1733974571.9863224
File C:\Program Files\WindowsApps\PythonSoftwareFoundation.Python.3.13_3.13.752.0_x64__qbz5n2kfra8p0\Lib\ctypes\__init__.py first seen with mtime 1733967912.8102107
File C:\Program Files\WindowsApps\PythonSoftwareFoundation.Python.3.13_3.13.752.0_x64__qbz5n2kfra8p0\Lib\html\__init__.py first seen with mtime 1733967913.3923137
File C:\Program Files\WindowsApps\PythonSoftwareFoundation.Python.3.13_3.13.752.0_x64__qbz5n2kfra8p0\DLLs\_queue.pyd first seen with mtime 1738800214.459574
File C:\DjangoProject\QueryManager\djangoenv\Lib\site-packages\django\__init__.py first seen with mtime 1733974568.5114176
File C:\DjangoProject\QueryManager\djangoenv\Lib\site-packages\django\template\autoreload.py first seen with mtime 1733974586.2075226
File C:\DjangoProject\QueryManager\djangoenv\Lib\site-packages\django\db\backends\sqlite3\creation.py first seen with mtime 1733974585.8016908
File C:\DjangoProject\QueryManager\djangoenv\Lib\site-packages\django\db\models\base.py first seen with mtime 1733974585.8488178
File C:\Program Files\WindowsApps\PythonSoftwareFoundation.Python.3.13_3.13.752.0_x64__qbz5n2kfra8p0\Lib\re\_constants.py first seen with mtime 1733967914.3566792
File C:\DjangoProject\QueryManager\djangoenv\Lib\site-packages\django\conf\locale\__init__.py first seen with mtime 1733974568.5371628
File C:\DjangoProject\QueryManager\djangoenv\Lib\site-packages\asgiref\__init__.py first seen with mtime 1737502700.0841267
File C:\DjangoProject\QueryManager\djangoenv\Lib\site-packages\django\db\backends\base\base.py first seen with mtime 1733974585.6626153
File C:\Program Files\WindowsApps\PythonSoftwareFoundation.Python.3.13_3.13.752.0_x64__qbz5n2kfra8p0\Lib\zoneinfo\_tzpath.py first seen with mtime 1733967916.5647936
File C:\DjangoProject\QueryManager\djangoenv\Lib\site-packages\django\templatetags\l10n.py first seen with mtime 1733974586.3112657
File C:\Program Files\WindowsApps\PythonSoftwareFoundation.Python.3.13_3.13.752.0_x64__qbz5n2kfra8p0\Lib\_weakrefset.py first seen with mtime 1733967916.6914506
File C:\DjangoProject\QueryManager\djangoenv\Lib\site-packages\django\utils\deprecation.py first seen with mtime 1733974586.4149847
File C:\Program Files\WindowsApps\PythonSoftwareFoundation.Python.3.13_3.13.752.0_x64__qbz5n2kfra8p0\Lib\email\utils.py first seen with mtime 1733967912.9176548
File C:\Program Files\WindowsApps\PythonSoftwareFoundation.Python.3.13_3.13.752.0_x64__qbz5n2kfra8p0\Lib\dataclasses.py first seen with mtime 1733967912.83741
File C:\DjangoProject\QueryManager\djangoenv\Lib\site-packages\django\utils\choices.py first seen with mtime 1733974586.4032204
File C:\DjangoProject\QueryManager\djangoenv\Lib\site-packages\django\utils\dateformat.py first seen with mtime 1733974586.4149847
File C:\DjangoProject\QueryManager\djangoenv\Lib\site-packages\django\db\backends\sqlite3\_functions.py first seen with mtime 1733974585.8016908
File C:\Program Files\WindowsApps\PythonSoftwareFoundation.Python.3.13_3.13.752.0_x64__qbz5n2kfra8p0\Lib\email\mime\multipart.py first seen with mtime 1733967912.8690794
File C:\Program Files\WindowsApps\PythonSoftwareFoundation.Python.3.13_3.13.752.0_x64__qbz5n2kfra8p0\Lib\encodings\utf_8.py first seen with mtime 1733967913.09124
File C:\DjangoProject\QueryManager\djangoenv\Lib\site-packages\django\utils\timezone.py first seen with mtime 1733974586.5094285
File C:\DjangoProject\QueryManager\djangoenv\Lib\site-packages\django\contrib\contenttypes\fields.py first seen with mtime 1733974573.208838
File C:\DjangoProject\QueryManager\djangoenv\Lib\site-packages\django\template\backends\__init__.py first seen with mtime 1733974586.2234828
File C:\DjangoProject\QueryManager\djangoenv\Lib\site-packages\django\template\context.py first seen with mtime 1733974586.2075226
File C:\DjangoProject\QueryManager\djangoenv\Lib\site-packages\django\template\loaders\__init__.py first seen with mtime 1733974586.302997
File C:\DjangoProject\QueryManager\djangoenv\Lib\site-packages\django\core\files\base.py first seen with mtime 1733974585.4573336
File C:\DjangoProject\QueryManager\djangoenv\Lib\site-packages\django\contrib\auth\tokens.py first seen with mtime 1733974571.9863224
File C:\DjangoProject\QueryManager\djangoenv\Lib\site-packages\django\views\generic\detail.py first seen with mtime 1733974586.60421
File C:\DjangoProject\QueryManager\djangoenv\Lib\site-packages\django\core\serializers\base.py first seen with mtime 1733974585.643707
File C:\DjangoProject\QueryManager\djangoenv\Lib\site-packages\django\contrib\auth\middleware.py first seen with mtime 1733974571.9863224
File C:\DjangoProject\QueryManager\djangoenv\Lib\site-packages\django\db\migrations\__init__.py first seen with mtime 1733974585.8173397
File C:\Program Files\WindowsApps\PythonSoftwareFoundation.Python.3.13_3.13.752.0_x64__qbz5n2kfra8p0\Lib\re\_compiler.py first seen with mtime 1733967914.3551035
File C:\DjangoProject\QueryManager\djangoenv\Lib\site-packages\django\core\mail\utils.py first seen with mtime 1733974585.5516596
File C:\Program Files\WindowsApps\PythonSoftwareFoundation.Python.3.13_3.13.752.0_x64__qbz5n2kfra8p0\Lib\hmac.py first seen with mtime 1733967913.3923137
File C:\Program Files\WindowsApps\PythonSoftwareFoundation.Python.3.13_3.13.752.0_x64__qbz5n2kfra8p0\Lib\typing.py first seen with mtime 1738800225.0709734
File C:\DjangoProject\QueryManager\djangoenv\Lib\site-packages\django\contrib\auth\__init__.py first seen with mtime 1733974571.890154
File C:\DjangoProject\QueryManager\djangoenv\Lib\site-packages\django\templatetags\i18n.py first seen with mtime 1733974586.3112657
File C:\DjangoProject\QueryManager\djangoenv\Lib\site-packages\django\http\response.py first seen with mtime 1733974586.1607182
File C:\Program Files\WindowsApps\PythonSoftwareFoundation.Python.3.13_3.13.752.0_x64__qbz5n2kfra8p0\Lib\email\errors.py first seen with mtime 1733967912.8682494
File C:\DjangoProject\QueryManager\djangoenv\Lib\site-packages\django\utils\module_loading.py first seen with mtime 1733974586.493152
File C:\DjangoProject\QueryManager\djangoenv\Lib\site-packages\sqlparse\filters\right_margin.py first seen with mtime 1733974567.211032
File C:\DjangoProject\QueryManager\djangoenv\Lib\site-packages\sqlparse\engine\grouping.py first seen with mtime 1733974567.1942704
File C:\DjangoProject\QueryManager\djangoenv\Lib\site-packages\django\db\models\fields\mixins.py first seen with mtime 1733974585.9121974
File C:\DjangoProject\QueryManager\djangoenv\Lib\site-packages\django\contrib\auth\backends.py first seen with mtime 1733974571.9116316
File C:\Program Files\WindowsApps\PythonSoftwareFoundation.Python.3.13_3.13.752.0_x64__qbz5n2kfra8p0\Lib\email\_header_value_parser.py first seen with mtime 1738800221.0482876
File C:\DjangoProject\QueryManager\djangoenv\Lib\site-packages\django\utils\version.py first seen with mtime 1733974586.5345888
File C:\DjangoProject\QueryManager\djangoenv\Lib\site-packages\django\core\files\locks.py first seen with mtime 1733974585.4573336
File C:\Program Files\WindowsApps\PythonSoftwareFoundation.Python.3.13_3.13.752.0_x64__qbz5n2kfra8p0\DLLs\_uuid.pyd first seen with mtime 1738800220.9358695
File C:\DjangoProject\QueryManager\djangoenv\Lib\site-packages\django\db\migrations\state.py first seen with mtime 1733974585.8173397
File C:\DjangoProject\QueryManager\djangoenv\Lib\site-packages\django\contrib\auth\forms.py first seen with mtime 1733974571.9855192
File C:\DjangoProject\QueryManager\djangoenv\Lib\site-packages\django\urls\conf.py first seen with mtime 1733974586.3819532
File C:\Program Files\WindowsApps\PythonSoftwareFoundation.Python.3.13_3.13.752.0_x64__qbz5n2kfra8p0\Lib\functools.py first seen with mtime 1738800221.1675248
File C:\DjangoProject\QueryManager\djangoenv\Lib\site-packages\django\db\migrations\operations\fields.py first seen with mtime 1733974585.8389928
File C:\DjangoProject\QueryManager\djangoenv\Lib\site-packages\django\core\checks\compatibility\django_4_0.py first seen with mtime 1733974585.4573336
File C:\DjangoProject\QueryManager\djangoenv\Lib\site-packages\django\db\models\aggregates.py first seen with mtime 1733974585.8457942
File C:\DjangoProject\QueryManager\djangoenv\Lib\site-packages\django\db\models\fields\related_descriptors.py first seen with mtime 1733974585.9121974
File C:\DjangoProject\QueryManager\djangoenv\Lib\site-packages\sqlparse\engine\statement_splitter.py first seen with mtime 1733974567.1942704
File C:\DjangoProject\QueryManager\djangoenv\Lib\site-packages\taggit\models.py first seen with mtime 1736474285.7026436
File C:\Program Files\WindowsApps\PythonSoftwareFoundation.Python.3.13_3.13.752.0_x64__qbz5n2kfra8p0\DLLs\unicodedata.pyd first seen with mtime 1738800214.333667
File C:\Program Files\WindowsApps\PythonSoftwareFoundation.Python.3.13_3.13.752.0_x64__qbz5n2kfra8p0\Lib\asyncio\proactor_events.py first seen with mtime 1733967912.6343465
File C:\DjangoProject\QueryManager\djangoenv\Lib\site-packages\django\db\backends\sqlite3\client.py first seen with mtime 1733974585.8016908
File C:\DjangoProject\QueryManager\djangoenv\Lib\site-packages\django\core\cache\backends\filebased.py first seen with mtime 1733974585.3937483
File C:\DjangoProject\QueryManager\djangoenv\Lib\site-packages\django\forms\widgets.py first seen with mtime 1733974585.9610112
File C:\Program Files\WindowsApps\PythonSoftwareFoundation.Python.3.13_3.13.752.0_x64__qbz5n2kfra8p0\Lib\importlib\_abc.py first seen with mtime 1733967913.9796789
File C:\Program Files\WindowsApps\PythonSoftwareFoundation.Python.3.13_3.13.752.0_x64__qbz5n2kfra8p0\Lib\_markupbase.py first seen with mtime 1733967916.6069574
File C:\DjangoProject\QueryManager\djangoenv\Lib\site-packages\django\db\backends\sqlite3\base.py first seen with mtime 1733974585.8016908
File C:\Program Files\WindowsApps\PythonSoftwareFoundation.Python.3.13_3.13.752.0_x64__qbz5n2kfra8p0\Lib\asyncio\streams.py first seen with mtime 1733967912.6506953
File C:\DjangoProject\QueryManager\djangoenv\Lib\site-packages\django\core\files\storage\__init__.py first seen with mtime 1733974585.5043154
File C:\DjangoProject\QueryManager\djangoenv\Lib\site-packages\django\contrib\messages\storage\__init__.py first seen with mtime 1733974579.1850338
File C:\DjangoProject\QueryManager\djangoenv\Lib\site-packages\django\contrib\messages\__init__.py first seen with mtime 1733974579.0758336
File C:\DjangoProject\QueryManager\djangoenv\Lib\site-packages\django\contrib\contenttypes\models.py first seen with mtime 1733974573.22449
File C:\DjangoProject\QueryManager\djangoenv\Lib\site-packages\django\db\models\lookups.py first seen with mtime 1733974585.8961544
File C:\DjangoProject\QueryManager\djangoenv\Lib\site-packages\django\apps\config.py first seen with mtime 1733974568.5188036
File C:\DjangoProject\QueryManager\djangoenv\Lib\site-packages\django\db\__init__.py first seen with mtime 1733974585.6626153
File C:\DjangoProject\QueryManager\djangoenv\Lib\site-packages\django\contrib\auth\views.py first seen with mtime 1733974571.9863224
File C:\DjangoProject\QueryManager\djangoenv\Lib\site-packages\django\contrib\staticfiles\management\__init__.py first seen with mtime 1733974585.3389049
File C:\Program Files\WindowsApps\PythonSoftwareFoundation.Python.3.13_3.13.752.0_x64__qbz5n2kfra8p0\Lib\operator.py first seen with mtime 1733967914.2587154
File C:\Program Files\WindowsApps\PythonSoftwareFoundation.Python.3.13_3.13.752.0_x64__qbz5n2kfra8p0\Lib\_opcode_metadata.py first seen with mtime 1733967916.6069574
File C:\Program Files\WindowsApps\PythonSoftwareFoundation.Python.3.13_3.13.752.0_x64__qbz5n2kfra8p0\Lib\copy.py first seen with mtime 1733967912.7881963
File C:\DjangoProject\QueryManager\djangoenv\Lib\site-packages\django\core\files\storage\filesystem.py first seen with mtime 1733974585.5043154
File C:\DjangoProject\QueryManager\djangoenv\Lib\site-packages\django\apps\registry.py first seen with mtime 1733974568.521341
File C:\DjangoProject\QueryManager\djangoenv\Lib\site-packages\django\core\handlers\asgi.py first seen with mtime 1733974585.5516596
File C:\Program Files\WindowsApps\PythonSoftwareFoundation.Python.3.13_3.13.752.0_x64__qbz5n2kfra8p0\Lib\email\mime\__init__.py first seen with mtime 1738800208.8624325
File C:\Program Files\WindowsApps\PythonSoftwareFoundation.Python.3.13_3.13.752.0_x64__qbz5n2kfra8p0\Lib\ssl.py first seen with mtime 1733967916.0998507
File C:\DjangoProject\QueryManager\djangoenv\Lib\site-packages\django\db\models\functions\mixins.py first seen with mtime 1733974585.9303696
File C:\Program Files\WindowsApps\PythonSoftwareFoundation.Python.3.13_3.13.752.0_x64__qbz5n2kfra8p0\Lib\asyncio\timeouts.py first seen with mtime 1733967912.6506953
File C:\DjangoProject\QueryManager\djangoenv\Lib\site-packages\django\core\files\storage\mixins.py first seen with mtime 1733974585.5516596
File C:\DjangoProject\QueryManager\djangoenv\Lib\site-packages\django\templatetags\static.py first seen with mtime 1733974586.3112657
File C:\DjangoProject\QueryManager\djangoenv\Lib\site-packages\django\db\models\functions\__init__.py first seen with mtime 1733974585.9121974
File C:\Program Files\WindowsApps\PythonSoftwareFoundation.Python.3.13_3.13.752.0_x64__qbz5n2kfra8p0\Lib\collections\__init__.py first seen with mtime 1733967912.7579062
File C:\DjangoProject\QueryManager\djangoenv\Lib\site-packages\django\core\cache\__init__.py first seen with mtime 1733974585.3937483
File C:\DjangoProject\QueryManager\djangoenv\Lib\site-packages\django\contrib\auth\password_validation.py first seen with mtime 1733974571.9863224
File C:\Program Files\WindowsApps\PythonSoftwareFoundation.Python.3.13_3.13.752.0_x64__qbz5n2kfra8p0\Lib\wsgiref\headers.py first seen with mtime 1733967916.41322
File C:\Program Files\WindowsApps\PythonSoftwareFoundation.Python.3.13_3.13.752.0_x64__qbz5n2kfra8p0\Lib\pkgutil.py first seen with mtime 1733967914.2959116
File C:\DjangoProject\QueryManager\djangoenv\Lib\site-packages\django\db\models\constraints.py first seen with mtime 1733974585.8843682
File C:\Program Files\WindowsApps\PythonSoftwareFoundation.Python.3.13_3.13.752.0_x64__qbz5n2kfra8p0\DLLs\_socket.pyd first seen with mtime 1738800214.459574
File C:\DjangoProject\QueryManager\djangoenv\Lib\site-packages\django\db\backends\base\validation.py first seen with mtime 1733974585.7072222
File C:\DjangoProject\QueryManager\djangoenv\Lib\site-packages\taggit\apps.py first seen with mtime 1736474285.6831994
File C:\DjangoProject\QueryManager\djangoenv\Lib\site-packages\django\apps\__init__.py first seen with mtime 1733974568.5188036
File C:\Program Files\WindowsApps\PythonSoftwareFoundation.Python.3.13_3.13.752.0_x64__qbz5n2kfra8p0\Lib\asyncio\windows_utils.py first seen with mtime 1733967912.6617086
File C:\DjangoProject\QueryManager\djangoenv\Lib\site-packages\django\core\checks\async_checks.py first seen with mtime 1733974585.4101186
File C:\Program Files\WindowsApps\PythonSoftwareFoundation.Python.3.13_3.13.752.0_x64__qbz5n2kfra8p0\Lib\asyncio\threads.py first seen with mtime 1733967912.6506953
File C:\DjangoProject\QueryManager\djangoenv\Lib\site-packages\django\contrib\sessions\base_session.py first seen with mtime 1733974581.4249718
File C:\DjangoProject\QueryManager\djangoenv\Lib\site-packages\django\core\checks\templates.py first seen with mtime 1733974585.4251702
File C:\DjangoProject\QueryManager\djangoenv\Lib\site-packages\django\contrib\sessions\__init__.py first seen with mtime 1733974581.4249718
File C:\DjangoProject\QueryManager\djangoenv\Lib\site-packages\django\views\__init__.py first seen with mtime 1733974586.551721
File C:\DjangoProject\QueryManager\djangoenv\Lib\site-packages\sqlparse\lexer.py first seen with mtime 1733974567.1942704
File C:\DjangoProject\QueryManager\djangoenv\Lib\site-packages\django\utils\translation\__init__.py first seen with mtime 1733974586.5397892
File C:\DjangoProject\QueryManager\djangoenv\Lib\site-packages\asgiref\local.py first seen with mtime 1737502700.100746
File C:\DjangoProject\QueryManager\djangoenv\Lib\site-packages\django\core\signing.py first seen with mtime 1733974585.3781352
File C:\DjangoProject\QueryManager\djangoenv\Lib\site-packages\django\db\backends\sqlite3\__init__.py first seen with mtime 1733974585.8016908
File C:\DjangoProject\QueryManager\djangoenv\Lib\site-packages\django\contrib\admin\decorators.py first seen with mtime 1733974569.1947825
File C:\DjangoProject\QueryManager\djangoenv\Lib\site-packages\django\templatetags\tz.py first seen with mtime 1733974586.3187954
File C:\DjangoProject\QueryManager\djangoenv\Lib\site-packages\django\core\checks\model_checks.py first seen with mtime 1733974585.4251702
File C:\DjangoProject\QueryManager\djangoenv\Lib\site-packages\taggit\templates\admin first seen with mtime 1737506300.020227
File C:\DjangoProject\QueryManager\djangoenv\Lib\site-packages\taggit\templates\admin\taggit first seen with mtime 1737506300.0302458
File C:\DjangoProject\QueryManager\djangoenv\Lib\site-packages\taggit\templates\admin\taggit\merge_tags_form.html first seen with mtime 1736474285.8752522
File C:\DjangoProject\QueryManager\main\templates\ask-question.html first seen with mtime 1733973687.864982
File C:\DjangoProject\QueryManager\main\templates\base.html first seen with mtime 1740135755.0752604
File C:\DjangoProject\QueryManager\main\templates\detail.html first seen with mtime 1740449339.6128542
File C:\DjangoProject\QueryManager\main\templates\edit_query.html first seen with mtime 1740449439.338363
File C:\DjangoProject\QueryManager\main\templates\help.html first seen with mtime 1738284857.0872743
File C:\DjangoProject\QueryManager\main\templates\home.html first seen with mtime 1738188437.6338298
File C:\DjangoProject\QueryManager\main\templates\pagination.html first seen with mtime 1737082046.6689057
File C:\DjangoProject\QueryManager\main\templates\password_reset.html first seen with mtime 1733973688.053084
File C:\DjangoProject\QueryManager\main\templates\password_reset_complete.html first seen with mtime 1733973688.0847793
File C:\DjangoProject\QueryManager\main\templates\password_reset_confirm.html first seen with mtime 1733973688.131665
File C:\DjangoProject\QueryManager\main\templates\password_reset_done.html first seen with mtime 1733973688.1634321
File C:\DjangoProject\QueryManager\main\templates\post_query.html first seen with mtime 1739831665.122953
File C:\DjangoProject\QueryManager\main\templates\question_list.html first seen with mtime 1740532789.4699993
File C:\DjangoProject\QueryManager\main\templates\registration first seen with mtime 1737506303.8765068
File C:\DjangoProject\QueryManager\main\templates\sidebar.html first seen with mtime 1740694849.684002
File C:\DjangoProject\QueryManager\main\templates\tag.html first seen with mtime 1737500315.3560245
File C:\DjangoProject\QueryManager\main\templates\tags.html first seen with mtime 1737681075.9118564
File C:\DjangoProject\QueryManager\main\templates\registration\login.html first seen with mtime 1737500373.0746913
File C:\DjangoProject\QueryManager\main\templates\registration\profile.html first seen with mtime 1738908861.717353
File C:\DjangoProject\QueryManager\main\templates\registration\register.html first seen with mtime 1737677035.8540149
File C:\DjangoProject\QueryManager\djangoenv\Lib\site-packages\taggit\locale\zh_Hans\LC_MESSAGES\django.mo first seen with mtime 1736474285.871105
File C:\DjangoProject\QueryManager\djangoenv\Lib\site-packages\taggit\locale\uk\LC_MESSAGES\django.mo first seen with mtime 1736474285.860501
File C:\DjangoProject\QueryManager\djangoenv\Lib\site-packages\taggit\locale\tr\LC_MESSAGES\django.mo first seen with mtime 1736474285.860501
File C:\DjangoProject\QueryManager\djangoenv\Lib\site-packages\taggit\locale\ru\LC_MESSAGES\django.mo first seen with mtime 1736474285.860501
File C:\DjangoProject\QueryManager\djangoenv\Lib\site-packages\taggit\locale\pt_BR\LC_MESSAGES\django.mo first seen with mtime 1736474285.8566222
File C:\DjangoProject\QueryManager\djangoenv\Lib\site-packages\taggit\locale\nl\LC_MESSAGES\django.mo first seen with mtime 1736474285.8546317
File C:\DjangoProject\QueryManager\djangoenv\Lib\site-packages\taggit\locale\nb\LC_MESSAGES\django.mo first seen with mtime 1736474285.8519907
File C:\DjangoProject\QueryManager\djangoenv\Lib\site-packages\taggit\locale\ja\LC_MESSAGES\django.mo first seen with mtime 1736474285.849666
File C:\DjangoProject\QueryManager\djangoenv\Lib\site-packages\taggit\locale\it\LC_MESSAGES\django.mo first seen with mtime 1736474285.8469968
File C:\DjangoProject\QueryManager\djangoenv\Lib\site-packages\taggit\locale\he\LC_MESSAGES\django.mo first seen with mtime 1736474285.8439982
File C:\DjangoProject\QueryManager\djangoenv\Lib\site-packages\taggit\locale\fr\LC_MESSAGES\django.mo first seen with mtime 1736474285.841998
File C:\DjangoProject\QueryManager\djangoenv\Lib\site-packages\taggit\locale\fi\LC_MESSAGES\django.mo first seen with mtime 1736474285.8323348
File C:\DjangoProject\QueryManager\djangoenv\Lib\site-packages\taggit\locale\fa\LC_MESSAGES\django.mo first seen with mtime 1736474285.8162234
File C:\DjangoProject\QueryManager\djangoenv\Lib\site-packages\taggit\locale\es\LC_MESSAGES\django.mo first seen with mtime 1736474285.81299
File C:\DjangoProject\QueryManager\djangoenv\Lib\site-packages\taggit\locale\eo\LC_MESSAGES\django.mo first seen with mtime 1736474285.7690954
File C:\DjangoProject\QueryManager\djangoenv\Lib\site-packages\taggit\locale\en\LC_MESSAGES\django.mo first seen with mtime 1736474285.7634103
File C:\DjangoProject\QueryManager\djangoenv\Lib\site-packages\taggit\locale\el\LC_MESSAGES\django.mo first seen with mtime 1736474285.7595284
File C:\DjangoProject\QueryManager\djangoenv\Lib\site-packages\taggit\locale\de\LC_MESSAGES\django.mo first seen with mtime 1736474285.7565446
File C:\DjangoProject\QueryManager\djangoenv\Lib\site-packages\taggit\locale\da\LC_MESSAGES\django.mo first seen with mtime 1736474285.7527802
File C:\DjangoProject\QueryManager\djangoenv\Lib\site-packages\taggit\locale\cs\LC_MESSAGES\django.mo first seen with mtime 1736474285.7497785
File C:\DjangoProject\QueryManager\djangoenv\Lib\site-packages\taggit\locale\ar\LC_MESSAGES\django.mo first seen with mtime 1736474285.74778
(0.001) 
            SELECT name, type FROM sqlite_master
            WHERE type in ('table', 'view') AND NOT name='sqlite_sequence'
            ORDER BY name; args=None; alias=default
(0.000) SELECT "django_migrations"."id", "django_migrations"."app", "django_migrations"."name", "django_migrations"."applied" FROM "django_migrations"; args=(); alias=default
File C:\DjangoProject\QueryManager\main\migrations\0009_attachment_answer.py first seen with mtime 1737597602.315992
File C:\DjangoProject\QueryManager\main\migrations\0020_answer_mark_solution.py first seen with mtime 1740118344.9950917
File C:\DjangoProject\QueryManager\djangoenv\Lib\site-packages\PIL\TiffTags.py first seen with mtime 1733974738.1357703
File C:\DjangoProject\QueryManager\djangoenv\Lib\site-packages\django\contrib\auth\migrations\0004_alter_user_username_opts.py first seen with mtime 1733974573.1081579
File C:\DjangoProject\QueryManager\main\migrations\0004_attachment.py first seen with mtime 1736930837.9492657
File C:\DjangoProject\QueryManager\djangoenv\Lib\site-packages\taggit\migrations\0003_taggeditem_add_unique_index.py first seen with mtime 1736474285.8752522
File C:\DjangoProject\QueryManager\djangoenv\Lib\site-packages\django\middleware\clickjacking.py first seen with mtime 1733974586.191905
File C:\DjangoProject\QueryManager\core\wsgi.py first seen with mtime 1733973680.7085855
File C:\DjangoProject\QueryManager\main\migrations\0003_remove_question_tags_question_tags.py first seen with mtime 1736475887.3282804
File C:\DjangoProject\QueryManager\djangoenv\Lib\site-packages\django\contrib\auth\migrations\0009_alter_user_last_name_max_length.py first seen with mtime 1733974573.1325598
File C:\DjangoProject\QueryManager\main\migrations\0006_attachment_remove_answer_attachment_and_more.py first seen with mtime 1736935897.2044263
File C:\DjangoProject\QueryManager\djangoenv\Lib\site-packages\django\contrib\auth\migrations\0005_alter_user_last_login_null.py first seen with mtime 1733974573.1091592
File C:\DjangoProject\QueryManager\main\migrations\0018_alter_customuser_email.py first seen with mtime 1737675815.1493945
File C:\DjangoProject\QueryManager\main\migrations\0013_answerattachment.py first seen with mtime 1737602309.2788856
File C:\DjangoProject\QueryManager\main\migrations\0019_question_category.py first seen with mtime 1739485957.603395
File C:\DjangoProject\QueryManager\djangoenv\Lib\site-packages\django\db\migrations\graph.py first seen with mtime 1733974585.8173397
File C:\DjangoProject\QueryManager\djangoenv\Lib\site-packages\django\db\migrations\loader.py first seen with mtime 1733974585.8173397
File C:\DjangoProject\QueryManager\djangoenv\Lib\site-packages\django\contrib\admin\migrations\0001_initial.py first seen with mtime 1733974569.9712143
File C:\DjangoProject\QueryManager\djangoenv\Lib\site-packages\django\contrib\sessions\backends\db.py first seen with mtime 1733974581.4719958
File C:\DjangoProject\QueryManager\main\migrations\0011_remove_questionattachment_question_attachment_and_more.py first seen with mtime 1737600005.4801664
File C:\DjangoProject\QueryManager\main\migrations\0012_rename_attachment_questionattachment.py first seen with mtime 1737602080.1916075
File C:\DjangoProject\QueryManager\main\migrations\0005_delete_attachment.py first seen with mtime 1736932869.053958
File C:\DjangoProject\QueryManager\djangoenv\Lib\site-packages\django\core\cache\backends\locmem.py first seen with mtime 1733974585.3937483
File C:\Program Files\WindowsApps\PythonSoftwareFoundation.Python.3.13_3.13.752.0_x64__qbz5n2kfra8p0\Lib\__future__.py first seen with mtime 1733967916.6914506
File C:\DjangoProject\QueryManager\main\migrations\__init__.py first seen with mtime 1733973684.3027227
File C:\DjangoProject\QueryManager\djangoenv\Lib\site-packages\PIL\ExifTags.py first seen with mtime 1733974738.0195606
File C:\DjangoProject\QueryManager\djangoenv\Lib\site-packages\django\contrib\admin\migrations\__init__.py first seen with mtime 1733974570.0034342
File C:\DjangoProject\QueryManager\djangoenv\Lib\site-packages\django\contrib\auth\migrations\0002_alter_permission_name_max_length.py first seen with mtime 1733974573.0980859
File C:\DjangoProject\QueryManager\djangoenv\Lib\site-packages\django\db\models\sql\compiler.py first seen with mtime 1733974585.9303696
File C:\DjangoProject\QueryManager\djangoenv\Lib\site-packages\PIL\ImageMode.py first seen with mtime 1733974738.069293
File C:\DjangoProject\QueryManager\djangoenv\Lib\site-packages\django\contrib\auth\migrations\0001_initial.py first seen with mtime 1733974573.097086
File C:\DjangoProject\QueryManager\djangoenv\Lib\site-packages\django\contrib\sessions\backends\base.py first seen with mtime 1733974581.4719958
File C:\DjangoProject\QueryManager\djangoenv\Lib\site-packages\django\views\csrf.py first seen with mtime 1733974586.551721
File C:\DjangoProject\QueryManager\djangoenv\Lib\site-packages\PIL\_imaging.cp313-win_amd64.pyd first seen with mtime 1733974738.2014475
File C:\DjangoProject\QueryManager\djangoenv\Lib\site-packages\django\contrib\auth\migrations\__init__.py first seen with mtime 1733974573.1829684
File C:\DjangoProject\QueryManager\djangoenv\Lib\site-packages\PIL\__init__.py first seen with mtime 1733974738.1832888
File C:\DjangoProject\QueryManager\djangoenv\Lib\site-packages\django\contrib\sessions\migrations\0001_initial.py first seen with mtime 1733974582.6522593
File C:\DjangoProject\QueryManager\djangoenv\Lib\site-packages\PIL\_deprecate.py first seen with mtime 1733974738.1832888
File C:\DjangoProject\QueryManager\djangoenv\Lib\site-packages\django\contrib\contenttypes\migrations\0002_remove_content_type_name.py first seen with mtime 1733974574.4815495
File C:\DjangoProject\QueryManager\djangoenv\Lib\site-packages\taggit\migrations\0004_alter_taggeditem_content_type_alter_taggeditem_tag.py first seen with mtime 1736474285.8752522
File C:\DjangoProject\QueryManager\djangoenv\Lib\site-packages\django\contrib\sessions\migrations\__init__.py first seen with mtime 1733974582.6522593
File C:\DjangoProject\QueryManager\djangoenv\Lib\site-packages\django\contrib\auth\migrations\0003_alter_user_email_max_length.py first seen with mtime 1733974573.1061597
File C:\DjangoProject\QueryManager\djangoenv\Lib\site-packages\django\contrib\sessions\exceptions.py first seen with mtime 1733974581.435004
File C:\DjangoProject\QueryManager\djangoenv\Lib\site-packages\PIL\_version.py first seen with mtime 1733974738.2540448
File C:\DjangoProject\QueryManager\main\migrations\0016_remove_customuser_email_distribution.py first seen with mtime 1737673682.9295676
File C:\DjangoProject\QueryManager\djangoenv\Lib\site-packages\django\contrib\auth\migrations\0012_alter_user_first_name_max_length.py first seen with mtime 1733974573.1819692
File C:\DjangoProject\QueryManager\djangoenv\Lib\site-packages\django\contrib\auth\migrations\0010_alter_group_name_max_length.py first seen with mtime 1733974573.133552
File C:\DjangoProject\QueryManager\main\migrations\0015_customuser_email_distribution.py first seen with mtime 1737672757.4260921
File C:\DjangoProject\QueryManager\djangoenv\Lib\site-packages\PIL\_typing.py first seen with mtime 1733974738.246707
File C:\DjangoProject\QueryManager\main\migrations\0002_question_status.py first seen with mtime 1735780003.6519325
File C:\DjangoProject\QueryManager\main\migrations\0021_alter_question_tags.py first seen with mtime 1740361809.4389696
File C:\DjangoProject\QueryManager\djangoenv\Lib\site-packages\django\db\migrations\executor.py first seen with mtime 1733974585.8173397
File C:\DjangoProject\QueryManager\main\migrations\0010_answerattachment_questionattachment_and_more.py first seen with mtime 1737598612.0230105
File C:\DjangoProject\QueryManager\main\migrations\0022_alter_question_referenceform.py first seen with mtime 1740365504.6761954
File C:\Program Files\WindowsApps\PythonSoftwareFoundation.Python.3.13_3.13.752.0_x64__qbz5n2kfra8p0\Lib\encodings\idna.py first seen with mtime 1733967913.0565724
File C:\DjangoProject\QueryManager\main\migrations\0008_remove_question_attachment_attachment.py first seen with mtime 1737003780.4760368
File C:\DjangoProject\QueryManager\djangoenv\Lib\site-packages\django\contrib\contenttypes\migrations\__init__.py first seen with mtime 1733974574.4815495
File C:\DjangoProject\QueryManager\djangoenv\Lib\site-packages\django\contrib\admin\migrations\0002_logentry_remove_auto_add.py first seen with mtime 1733974569.9712143
File C:\DjangoProject\QueryManager\djangoenv\Lib\site-packages\django\contrib\messages\middleware.py first seen with mtime 1733974579.1815042
File C:\DjangoProject\QueryManager\djangoenv\Lib\site-packages\django\contrib\admin\migrations\0003_logentry_add_action_flag_choices.py first seen with mtime 1733974570.0034342
File C:\DjangoProject\QueryManager\djangoenv\Lib\site-packages\django\middleware\common.py first seen with mtime 1733974586.191905
File C:\DjangoProject\QueryManager\djangoenv\Lib\site-packages\django\contrib\auth\migrations\0007_alter_validators_add_error_messages.py first seen with mtime 1733974573.1101563
File C:\DjangoProject\QueryManager\djangoenv\Lib\site-packages\taggit\migrations\0006_rename_taggeditem_content_type_object_id_taggit_tagg_content_8fc721_idx.py first seen with mtime 1736474285.8752522
File C:\DjangoProject\QueryManager\main\migrations\0001_initial.py first seen with mtime 1733973684.2714853
File C:\DjangoProject\QueryManager\djangoenv\Lib\site-packages\taggit\migrations\0005_auto_20220424_2025.py first seen with mtime 1736474285.8752522
File C:\Program Files\WindowsApps\PythonSoftwareFoundation.Python.3.13_3.13.752.0_x64__qbz5n2kfra8p0\Lib\stringprep.py first seen with mtime 1733967916.1046782
File C:\DjangoProject\QueryManager\djangoenv\Lib\site-packages\taggit\migrations\0001_initial.py first seen with mtime 1736474285.8752522
File C:\DjangoProject\QueryManager\djangoenv\Lib\site-packages\taggit\migrations\0002_auto_20150616_2121.py first seen with mtime 1736474285.8752522
File C:\DjangoProject\QueryManager\djangoenv\Lib\site-packages\django\contrib\auth\migrations\0006_require_contenttypes_0002.py first seen with mtime 1733974573.1091592
File C:\DjangoProject\QueryManager\main\migrations\0007_remove_question_attachments_and_more.py first seen with mtime 1736987889.478661
File C:\DjangoProject\QueryManager\djangoenv\Lib\site-packages\django\contrib\auth\migrations\0011_update_proxy_permissions.py first seen with mtime 1733974573.1345618
File C:\DjangoProject\QueryManager\djangoenv\Lib\site-packages\django\db\migrations\recorder.py first seen with mtime 1733974585.8173397
File C:\DjangoProject\QueryManager\djangoenv\Lib\site-packages\PIL\Image.py first seen with mtime 1733974738.0400126
File C:\DjangoProject\QueryManager\djangoenv\Lib\site-packages\PIL\_util.py first seen with mtime 1733974738.246707
File C:\DjangoProject\QueryManager\djangoenv\Lib\site-packages\PIL\_binary.py first seen with mtime 1733974738.1832888
File C:\DjangoProject\QueryManager\djangoenv\Lib\site-packages\taggit\migrations\__init__.py first seen with mtime 1736474285.8752522
File C:\DjangoProject\QueryManager\djangoenv\Lib\site-packages\django\contrib\contenttypes\migrations\0001_initial.py first seen with mtime 1733974574.4815495
File C:\DjangoProject\QueryManager\djangoenv\Lib\site-packages\django\contrib\auth\migrations\0008_alter_user_username_max_length.py first seen with mtime 1733974573.111253
File C:\DjangoProject\QueryManager\main\migrations\0017_alter_customuser_email.py first seen with mtime 1737675300.9958668
File C:\DjangoProject\QueryManager\main\migrations\0014_commentattachment.py first seen with mtime 1737663703.262683
(0.001) SELECT "main_question"."id", "main_question"."user_id", "main_question"."category", "main_question"."issue", "main_question"."detail", "main_question"."status", "main_question"."referenceform", "main_question"."add_time", COUNT("main_comment"."id") AS "total_comments" FROM "main_question" LEFT OUTER JOIN "main_answer" ON ("main_question"."id" = "main_answer"."question_id") LEFT OUTER JOIN "main_comment" ON ("main_answer"."id" = "main_comment"."answer_id") WHERE "main_question"."issue" LIKE '%%' ESCAPE '\' GROUP BY "main_question"."id", "main_question"."user_id", "main_question"."category", "main_question"."issue", "main_question"."detail", "main_question"."status", "main_question"."referenceform", "main_question"."add_time" ORDER BY "main_question"."id" DESC; args=('%%',); alias=default
(0.001) SELECT DISTINCT ("taggit_taggeditem"."object_id") AS "_prefetch_related_val", "taggit_tag"."id", "taggit_tag"."name", "taggit_tag"."slug" FROM "taggit_tag" INNER JOIN "taggit_taggeditem" ON ("taggit_tag"."id" = "taggit_taggeditem"."tag_id") INNER JOIN "django_content_type" ON ("taggit_taggeditem"."content_type_id" = "django_content_type"."id") WHERE ("django_content_type"."app_label" = 'main' AND "django_content_type"."model" = 'question' AND "taggit_taggeditem"."object_id" IN (17, 18, 19, 20, 21, 22, 23, 24, 25, 26, 27, 28, 29, 30, 31, 32, 33, 34, 35, 36, 37, 38, 39, 40, 41, 42, 43, 44, 45, 46, 47, 48, 49, 50, 51, 52, 53, 54, 55, 56, 57, 58, 59, 60, 61, 62, 63, 64, 65, 66, 67, 68, 69, 70, 71, 72, 73, 74, 75, 76, 77, 78, 79, 80, 81, 82, 83, 84, 85, 86, 87, 88, 89, 90, 91, 92, 94, 95, 96, 97, 98, 99, 100, 101, 102, 103, 104, 105, 106, 107, 108, 109, 110, 111, 112, 113, 114, 115, 116, 117, 118, 119, 120, 121, 122, 123, 124, 125, 126, 127, 128, 129, 130, 131, 132, 133, 134, 135, 136, 137, 138, 139, 140, 141, 142, 143, 144, 145, 146, 147, 148, 149, 150, 151, 152, 153, 154, 155, 156, 157, 158, 159, 160, 161, 162, 163, 164, 165, 166, 167, 168, 169, 170, 171, 172, 173, 174, 175, 176, 177, 178, 179, 180, 181, 182, 183, 184, 185, 186, 187, 188, 189, 190, 191, 192, 193, 194, 195, 196, 197, 198, 199, 200, 201, 202, 203, 204, 205, 206, 207, 208, 209, 210, 211, 212, 213, 214, 215, 216, 217, 218, 219, 220, 222, 223, 224, 225, 226, 227, 233, 234, 235, 236, 237)); args=('main', 'question', 17, 18, 19, 20, 21, 22, 23, 24, 25, 26, 27, 28, 29, 30, 31, 32, 33, 34, 35, 36, 37, 38, 39, 40, 41, 42, 43, 44, 45, 46, 47, 48, 49, 50, 51, 52, 53, 54, 55, 56, 57, 58, 59, 60, 61, 62, 63, 64, 65, 66, 67, 68, 69, 70, 71, 72, 73, 74, 75, 76, 77, 78, 79, 80, 81, 82, 83, 84, 85, 86, 87, 88, 89, 90, 91, 92, 94, 95, 96, 97, 98, 99, 100, 101, 102, 103, 104, 105, 106, 107, 108, 109, 110, 111, 112, 113, 114, 115, 116, 117, 118, 119, 120, 121, 122, 123, 124, 125, 126, 127, 128, 129, 130, 131, 132, 133, 134, 135, 136, 137, 138, 139, 140, 141, 142, 143, 144, 145, 146, 147, 148, 149, 150, 151, 152, 153, 154, 155, 156, 157, 158, 159, 160, 161, 162, 163, 164, 165, 166, 167, 168, 169, 170, 171, 172, 173, 174, 175, 176, 177, 178, 179, 180, 181, 182, 183, 184, 185, 186, 187, 188, 189, 190, 191, 192, 193, 194, 195, 196, 197, 198, 199, 200, 201, 202, 203, 204, 205, 206, 207, 208, 209, 210, 211, 212, 213, 214, 215, 216, 217, 218, 219, 220, 222, 223, 224, 225, 226, 227, 233, 234, 235, 236, 237); alias=default
(0.001) SELECT "main_questionattachment"."id", "main_questionattachment"."question_id", "main_questionattachment"."file" FROM "main_questionattachment" WHERE "main_questionattachment"."question_id" IN (237, 236, 235, 234, 233, 227, 226, 225, 224, 223, 222, 220, 219, 218, 217, 216, 215, 214, 213, 212, 211, 210, 209, 208, 207, 206, 205, 204, 203, 202, 201, 200, 199, 198, 197, 196, 195, 194, 193, 192, 191, 190, 189, 188, 187, 186, 185, 184, 183, 182, 181, 180, 179, 178, 177, 176, 175, 174, 173, 172, 171, 170, 169, 168, 167, 166, 165, 164, 163, 162, 161, 160, 159, 158, 157, 156, 155, 154, 153, 152, 151, 150, 149, 148, 147, 146, 145, 144, 143, 142, 141, 140, 139, 138, 137, 136, 135, 134, 133, 132, 131, 130, 129, 128, 127, 126, 125, 124, 123, 122, 121, 120, 119, 118, 117, 116, 115, 114, 113, 112, 111, 110, 109, 108, 107, 106, 105, 104, 103, 102, 101, 100, 99, 98, 97, 96, 95, 94, 92, 91, 90, 89, 88, 87, 86, 85, 84, 83, 82, 81, 80, 79, 78, 77, 76, 75, 74, 73, 72, 71, 70, 69, 68, 67, 66, 65, 64, 63, 62, 61, 60, 59, 58, 57, 56, 55, 54, 53, 52, 51, 50, 49, 48, 47, 46, 45, 44, 43, 42, 41, 40, 39, 38, 37, 36, 35, 34, 33, 32, 31, 30, 29, 28, 27, 26, 25, 24, 23, 22, 21, 20, 19, 18, 17) ORDER BY "main_questionattachment"."id" DESC; args=(237, 236, 235, 234, 233, 227, 226, 225, 224, 223, 222, 220, 219, 218, 217, 216, 215, 214, 213, 212, 211, 210, 209, 208, 207, 206, 205, 204, 203, 202, 201, 200, 199, 198, 197, 196, 195, 194, 193, 192, 191, 190, 189, 188, 187, 186, 185, 184, 183, 182, 181, 180, 179, 178, 177, 176, 175, 174, 173, 172, 171, 170, 169, 168, 167, 166, 165, 164, 163, 162, 161, 160, 159, 158, 157, 156, 155, 154, 153, 152, 151, 150, 149, 148, 147, 146, 145, 144, 143, 142, 141, 140, 139, 138, 137, 136, 135, 134, 133, 132, 131, 130, 129, 128, 127, 126, 125, 124, 123, 122, 121, 120, 119, 118, 117, 116, 115, 114, 113, 112, 111, 110, 109, 108, 107, 106, 105, 104, 103, 102, 101, 100, 99, 98, 97, 96, 95, 94, 92, 91, 90, 89, 88, 87, 86, 85, 84, 83, 82, 81, 80, 79, 78, 77, 76, 75, 74, 73, 72, 71, 70, 69, 68, 67, 66, 65, 64, 63, 62, 61, 60, 59, 58, 57, 56, 55, 54, 53, 52, 51, 50, 49, 48, 47, 46, 45, 44, 43, 42, 41, 40, 39, 38, 37, 36, 35, 34, 33, 32, 31, 30, 29, 28, 27, 26, 25, 24, 23, 22, 21, 20, 19, 18, 17); alias=default
(0.000) SELECT "django_session"."session_key", "django_session"."session_data", "django_session"."expire_date" FROM "django_session" WHERE ("django_session"."expire_date" > '2025-03-11 00:25:15.282249' AND "django_session"."session_key" = '7yxnpg8nfxdcjtt0kx2bpwwz9bvw1zvl') LIMIT 21; args=('2025-03-11 00:25:15.282249', '7yxnpg8nfxdcjtt0kx2bpwwz9bvw1zvl'); alias=default
(0.000) SELECT "main_customuser"."id", "main_customuser"."password", "main_customuser"."last_login", "main_customuser"."is_superuser", "main_customuser"."username", "main_customuser"."first_name", "main_customuser"."last_name", "main_customuser"."is_staff", "main_customuser"."is_active", "main_customuser"."date_joined", "main_customuser"."region", "main_customuser"."email", "main_customuser"."profile_picture" FROM "main_customuser" WHERE "main_customuser"."id" = 20 LIMIT 21; args=(20,); alias=default
Exception while resolving variable 'status' in template 'home.html'.
Traceback (most recent call last):
  File "C:\DjangoProject\QueryManager\djangoenv\Lib\site-packages\django\utils\datastructures.py", line 84, in __getitem__
    list_ = super().__getitem__(key)
KeyError: 'status'

During handling of the above exception, another exception occurred:

Traceback (most recent call last):
  File "C:\DjangoProject\QueryManager\djangoenv\Lib\site-packages\django\template\base.py", line 883, in _resolve_lookup
    current = current[bit]
              ~~~~~~~^^^^^
  File "C:\DjangoProject\QueryManager\djangoenv\Lib\site-packages\django\utils\datastructures.py", line 86, in __getitem__
    raise MultiValueDictKeyError(key)
django.utils.datastructures.MultiValueDictKeyError: 'status'

During handling of the above exception, another exception occurred:

Traceback (most recent call last):
  File "C:\DjangoProject\QueryManager\djangoenv\Lib\site-packages\django\template\base.py", line 893, in _resolve_lookup
    current = getattr(current, bit)
AttributeError: 'QueryDict' object has no attribute 'status'

During handling of the above exception, another exception occurred:

Traceback (most recent call last):
  File "C:\DjangoProject\QueryManager\djangoenv\Lib\site-packages\django\template\base.py", line 899, in _resolve_lookup
    current = current[int(bit)]
                      ~~~^^^^^
ValueError: invalid literal for int() with base 10: 'status'

During handling of the above exception, another exception occurred:

Traceback (most recent call last):
  File "C:\DjangoProject\QueryManager\djangoenv\Lib\site-packages\django\template\base.py", line 906, in _resolve_lookup
    raise VariableDoesNotExist(
    ^^^^^^^^^^^^^^^^^^^^^^^^^^^
    ...<2 lines>...
    )  # missing attribute
    ^
django.template.base.VariableDoesNotExist: Failed lookup for key [status] in <QueryDict: {}>
File C:\DjangoProject\QueryManager\djangoenv\Lib\site-packages\django\contrib\messages\storage\fallback.py first seen with mtime 1733974579.1850338
Exception while resolving variable 'status' in template 'home.html'.
Traceback (most recent call last):
  File "C:\DjangoProject\QueryManager\djangoenv\Lib\site-packages\django\utils\datastructures.py", line 84, in __getitem__
    list_ = super().__getitem__(key)
KeyError: 'status'

During handling of the above exception, another exception occurred:

Traceback (most recent call last):
  File "C:\DjangoProject\QueryManager\djangoenv\Lib\site-packages\django\template\base.py", line 883, in _resolve_lookup
    current = current[bit]
              ~~~~~~~^^^^^
  File "C:\DjangoProject\QueryManager\djangoenv\Lib\site-packages\django\utils\datastructures.py", line 86, in __getitem__
    raise MultiValueDictKeyError(key)
django.utils.datastructures.MultiValueDictKeyError: 'status'

During handling of the above exception, another exception occurred:

Traceback (most recent call last):
  File "C:\DjangoProject\QueryManager\djangoenv\Lib\site-packages\django\template\base.py", line 893, in _resolve_lookup
    current = getattr(current, bit)
AttributeError: 'QueryDict' object has no attribute 'status'

During handling of the above exception, another exception occurred:

Traceback (most recent call last):
  File "C:\DjangoProject\QueryManager\djangoenv\Lib\site-packages\django\template\base.py", line 899, in _resolve_lookup
    current = current[int(bit)]
                      ~~~^^^^^
ValueError: invalid literal for int() with base 10: 'status'

During handling of the above exception, another exception occurred:

Traceback (most recent call last):
  File "C:\DjangoProject\QueryManager\djangoenv\Lib\site-packages\django\template\base.py", line 906, in _resolve_lookup
    raise VariableDoesNotExist(
    ^^^^^^^^^^^^^^^^^^^^^^^^^^^
    ...<2 lines>...
    )  # missing attribute
    ^
django.template.base.VariableDoesNotExist: Failed lookup for key [status] in <QueryDict: {}>
Exception while resolving variable 'status' in template 'home.html'.
Traceback (most recent call last):
  File "C:\DjangoProject\QueryManager\djangoenv\Lib\site-packages\django\utils\datastructures.py", line 84, in __getitem__
    list_ = super().__getitem__(key)
KeyError: 'status'

During handling of the above exception, another exception occurred:

Traceback (most recent call last):
  File "C:\DjangoProject\QueryManager\djangoenv\Lib\site-packages\django\template\base.py", line 883, in _resolve_lookup
    current = current[bit]
              ~~~~~~~^^^^^
  File "C:\DjangoProject\QueryManager\djangoenv\Lib\site-packages\django\utils\datastructures.py", line 86, in __getitem__
    raise MultiValueDictKeyError(key)
django.utils.datastructures.MultiValueDictKeyError: 'status'

During handling of the above exception, another exception occurred:

Traceback (most recent call last):
  File "C:\DjangoProject\QueryManager\djangoenv\Lib\site-packages\django\template\base.py", line 893, in _resolve_lookup
    current = getattr(current, bit)
AttributeError: 'QueryDict' object has no attribute 'status'

During handling of the above exception, another exception occurred:

Traceback (most recent call last):
  File "C:\DjangoProject\QueryManager\djangoenv\Lib\site-packages\django\template\base.py", line 899, in _resolve_lookup
    current = current[int(bit)]
                      ~~~^^^^^
ValueError: invalid literal for int() with base 10: 'status'

During handling of the above exception, another exception occurred:

Traceback (most recent call last):
  File "C:\DjangoProject\QueryManager\djangoenv\Lib\site-packages\django\template\base.py", line 906, in _resolve_lookup
    raise VariableDoesNotExist(
    ^^^^^^^^^^^^^^^^^^^^^^^^^^^
    ...<2 lines>...
    )  # missing attribute
    ^
django.template.base.VariableDoesNotExist: Failed lookup for key [status] in <QueryDict: {}>
Exception while resolving variable 'category' in template 'home.html'.
Traceback (most recent call last):
  File "C:\DjangoProject\QueryManager\djangoenv\Lib\site-packages\django\utils\datastructures.py", line 84, in __getitem__
    list_ = super().__getitem__(key)
KeyError: 'category'

During handling of the above exception, another exception occurred:

Traceback (most recent call last):
  File "C:\DjangoProject\QueryManager\djangoenv\Lib\site-packages\django\template\base.py", line 883, in _resolve_lookup
    current = current[bit]
              ~~~~~~~^^^^^
  File "C:\DjangoProject\QueryManager\djangoenv\Lib\site-packages\django\utils\datastructures.py", line 86, in __getitem__
    raise MultiValueDictKeyError(key)
django.utils.datastructures.MultiValueDictKeyError: 'category'

During handling of the above exception, another exception occurred:

Traceback (most recent call last):
  File "C:\DjangoProject\QueryManager\djangoenv\Lib\site-packages\django\template\base.py", line 893, in _resolve_lookup
    current = getattr(current, bit)
AttributeError: 'QueryDict' object has no attribute 'category'

During handling of the above exception, another exception occurred:

Traceback (most recent call last):
  File "C:\DjangoProject\QueryManager\djangoenv\Lib\site-packages\django\template\base.py", line 899, in _resolve_lookup
    current = current[int(bit)]
                      ~~~^^^^^
ValueError: invalid literal for int() with base 10: 'category'

During handling of the above exception, another exception occurred:

Traceback (most recent call last):
  File "C:\DjangoProject\QueryManager\djangoenv\Lib\site-packages\django\template\base.py", line 906, in _resolve_lookup
    raise VariableDoesNotExist(
    ^^^^^^^^^^^^^^^^^^^^^^^^^^^
    ...<2 lines>...
    )  # missing attribute
    ^
django.template.base.VariableDoesNotExist: Failed lookup for key [category] in <QueryDict: {}>
Exception while resolving variable 'category' in template 'home.html'.
Traceback (most recent call last):
  File "C:\DjangoProject\QueryManager\djangoenv\Lib\site-packages\django\utils\datastructures.py", line 84, in __getitem__
    list_ = super().__getitem__(key)
KeyError: 'category'

During handling of the above exception, another exception occurred:

Traceback (most recent call last):
  File "C:\DjangoProject\QueryManager\djangoenv\Lib\site-packages\django\template\base.py", line 883, in _resolve_lookup
    current = current[bit]
              ~~~~~~~^^^^^
  File "C:\DjangoProject\QueryManager\djangoenv\Lib\site-packages\django\utils\datastructures.py", line 86, in __getitem__
    raise MultiValueDictKeyError(key)
django.utils.datastructures.MultiValueDictKeyError: 'category'

During handling of the above exception, another exception occurred:

Traceback (most recent call last):
  File "C:\DjangoProject\QueryManager\djangoenv\Lib\site-packages\django\template\base.py", line 893, in _resolve_lookup
    current = getattr(current, bit)
AttributeError: 'QueryDict' object has no attribute 'category'

During handling of the above exception, another exception occurred:

Traceback (most recent call last):
  File "C:\DjangoProject\QueryManager\djangoenv\Lib\site-packages\django\template\base.py", line 899, in _resolve_lookup
    current = current[int(bit)]
                      ~~~^^^^^
ValueError: invalid literal for int() with base 10: 'category'

During handling of the above exception, another exception occurred:

Traceback (most recent call last):
  File "C:\DjangoProject\QueryManager\djangoenv\Lib\site-packages\django\template\base.py", line 906, in _resolve_lookup
    raise VariableDoesNotExist(
    ^^^^^^^^^^^^^^^^^^^^^^^^^^^
    ...<2 lines>...
    )  # missing attribute
    ^
django.template.base.VariableDoesNotExist: Failed lookup for key [category] in <QueryDict: {}>
Exception while resolving variable 'category' in template 'home.html'.
Traceback (most recent call last):
  File "C:\DjangoProject\QueryManager\djangoenv\Lib\site-packages\django\utils\datastructures.py", line 84, in __getitem__
    list_ = super().__getitem__(key)
KeyError: 'category'

During handling of the above exception, another exception occurred:

Traceback (most recent call last):
  File "C:\DjangoProject\QueryManager\djangoenv\Lib\site-packages\django\template\base.py", line 883, in _resolve_lookup
    current = current[bit]
              ~~~~~~~^^^^^
  File "C:\DjangoProject\QueryManager\djangoenv\Lib\site-packages\django\utils\datastructures.py", line 86, in __getitem__
    raise MultiValueDictKeyError(key)
django.utils.datastructures.MultiValueDictKeyError: 'category'

During handling of the above exception, another exception occurred:

Traceback (most recent call last):
  File "C:\DjangoProject\QueryManager\djangoenv\Lib\site-packages\django\template\base.py", line 893, in _resolve_lookup
    current = getattr(current, bit)
AttributeError: 'QueryDict' object has no attribute 'category'

During handling of the above exception, another exception occurred:

Traceback (most recent call last):
  File "C:\DjangoProject\QueryManager\djangoenv\Lib\site-packages\django\template\base.py", line 899, in _resolve_lookup
    current = current[int(bit)]
                      ~~~^^^^^
ValueError: invalid literal for int() with base 10: 'category'

During handling of the above exception, another exception occurred:

Traceback (most recent call last):
  File "C:\DjangoProject\QueryManager\djangoenv\Lib\site-packages\django\template\base.py", line 906, in _resolve_lookup
    raise VariableDoesNotExist(
    ^^^^^^^^^^^^^^^^^^^^^^^^^^^
    ...<2 lines>...
    )  # missing attribute
    ^
django.template.base.VariableDoesNotExist: Failed lookup for key [category] in <QueryDict: {}>
File C:\DjangoProject\QueryManager\djangoenv\Lib\site-packages\django\contrib\messages\storage\session.py first seen with mtime 1733974579.1850338
File C:\DjangoProject\QueryManager\djangoenv\Lib\site-packages\django\contrib\messages\storage\cookie.py first seen with mtime 1733974579.1850338
File C:\DjangoProject\QueryManager\djangoenv\Lib\site-packages\django\contrib\sessions\serializers.py first seen with mtime 1733974581.446396
(0.000) SELECT "main_customuser"."id", "main_customuser"."password", "main_customuser"."last_login", "main_customuser"."is_superuser", "main_customuser"."username", "main_customuser"."first_name", "main_customuser"."last_name", "main_customuser"."is_staff", "main_customuser"."is_active", "main_customuser"."date_joined", "main_customuser"."region", "main_customuser"."email", "main_customuser"."profile_picture" FROM "main_customuser" WHERE "main_customuser"."id" = 20 LIMIT 21; args=(20,); alias=default
(0.000) SELECT COUNT(*) AS "__count" FROM "main_answer" WHERE "main_answer"."question_id" = 237; args=(237,); alias=default
(0.000) SELECT "main_customuser"."id", "main_customuser"."password", "main_customuser"."last_login", "main_customuser"."is_superuser", "main_customuser"."username", "main_customuser"."first_name", "main_customuser"."last_name", "main_customuser"."is_staff", "main_customuser"."is_active", "main_customuser"."date_joined", "main_customuser"."region", "main_customuser"."email", "main_customuser"."profile_picture" FROM "main_customuser" WHERE "main_customuser"."id" = 20 LIMIT 21; args=(20,); alias=default
(0.000) SELECT COUNT(*) AS "__count" FROM "main_answer" WHERE "main_answer"."question_id" = 236; args=(236,); alias=default
(0.000) SELECT "main_customuser"."id", "main_customuser"."password", "main_customuser"."last_login", "main_customuser"."is_superuser", "main_customuser"."username", "main_customuser"."first_name", "main_customuser"."last_name", "main_customuser"."is_staff", "main_customuser"."is_active", "main_customuser"."date_joined", "main_customuser"."region", "main_customuser"."email", "main_customuser"."profile_picture" FROM "main_customuser" WHERE "main_customuser"."id" = 20 LIMIT 21; args=(20,); alias=default
(0.000) SELECT COUNT(*) AS "__count" FROM "main_answer" WHERE "main_answer"."question_id" = 235; args=(235,); alias=default
(0.000) SELECT "main_customuser"."id", "main_customuser"."password", "main_customuser"."last_login", "main_customuser"."is_superuser", "main_customuser"."username", "main_customuser"."first_name", "main_customuser"."last_name", "main_customuser"."is_staff", "main_customuser"."is_active", "main_customuser"."date_joined", "main_customuser"."region", "main_customuser"."email", "main_customuser"."profile_picture" FROM "main_customuser" WHERE "main_customuser"."id" = 20 LIMIT 21; args=(20,); alias=default
(0.000) SELECT COUNT(*) AS "__count" FROM "main_answer" WHERE "main_answer"."question_id" = 234; args=(234,); alias=default
(0.000) SELECT "main_customuser"."id", "main_customuser"."password", "main_customuser"."last_login", "main_customuser"."is_superuser", "main_customuser"."username", "main_customuser"."first_name", "main_customuser"."last_name", "main_customuser"."is_staff", "main_customuser"."is_active", "main_customuser"."date_joined", "main_customuser"."region", "main_customuser"."email", "main_customuser"."profile_picture" FROM "main_customuser" WHERE "main_customuser"."id" = 20 LIMIT 21; args=(20,); alias=default
(0.000) SELECT COUNT(*) AS "__count" FROM "main_answer" WHERE "main_answer"."question_id" = 233; args=(233,); alias=default
Exception while resolving variable 'status' in template 'home.html'.
Traceback (most recent call last):
  File "C:\DjangoProject\QueryManager\djangoenv\Lib\site-packages\django\utils\datastructures.py", line 84, in __getitem__
    list_ = super().__getitem__(key)
KeyError: 'status'

During handling of the above exception, another exception occurred:

Traceback (most recent call last):
  File "C:\DjangoProject\QueryManager\djangoenv\Lib\site-packages\django\template\base.py", line 883, in _resolve_lookup
    current = current[bit]
              ~~~~~~~^^^^^
  File "C:\DjangoProject\QueryManager\djangoenv\Lib\site-packages\django\utils\datastructures.py", line 86, in __getitem__
    raise MultiValueDictKeyError(key)
django.utils.datastructures.MultiValueDictKeyError: 'status'

During handling of the above exception, another exception occurred:

Traceback (most recent call last):
  File "C:\DjangoProject\QueryManager\djangoenv\Lib\site-packages\django\template\base.py", line 893, in _resolve_lookup
    current = getattr(current, bit)
AttributeError: 'QueryDict' object has no attribute 'status'

During handling of the above exception, another exception occurred:

Traceback (most recent call last):
  File "C:\DjangoProject\QueryManager\djangoenv\Lib\site-packages\django\template\base.py", line 899, in _resolve_lookup
    current = current[int(bit)]
                      ~~~^^^^^
ValueError: invalid literal for int() with base 10: 'status'

During handling of the above exception, another exception occurred:

Traceback (most recent call last):
  File "C:\DjangoProject\QueryManager\djangoenv\Lib\site-packages\django\template\base.py", line 906, in _resolve_lookup
    raise VariableDoesNotExist(
    ^^^^^^^^^^^^^^^^^^^^^^^^^^^
    ...<2 lines>...
    )  # missing attribute
    ^
django.template.base.VariableDoesNotExist: Failed lookup for key [status] in <QueryDict: {}>
Exception while resolving variable 'tag' in template 'home.html'.
Traceback (most recent call last):
  File "C:\DjangoProject\QueryManager\djangoenv\Lib\site-packages\django\utils\datastructures.py", line 84, in __getitem__
    list_ = super().__getitem__(key)
KeyError: 'tag'

During handling of the above exception, another exception occurred:

Traceback (most recent call last):
  File "C:\DjangoProject\QueryManager\djangoenv\Lib\site-packages\django\template\base.py", line 883, in _resolve_lookup
    current = current[bit]
              ~~~~~~~^^^^^
  File "C:\DjangoProject\QueryManager\djangoenv\Lib\site-packages\django\utils\datastructures.py", line 86, in __getitem__
    raise MultiValueDictKeyError(key)
django.utils.datastructures.MultiValueDictKeyError: 'tag'

During handling of the above exception, another exception occurred:

Traceback (most recent call last):
  File "C:\DjangoProject\QueryManager\djangoenv\Lib\site-packages\django\template\base.py", line 893, in _resolve_lookup
    current = getattr(current, bit)
AttributeError: 'QueryDict' object has no attribute 'tag'

During handling of the above exception, another exception occurred:

Traceback (most recent call last):
  File "C:\DjangoProject\QueryManager\djangoenv\Lib\site-packages\django\template\base.py", line 899, in _resolve_lookup
    current = current[int(bit)]
                      ~~~^^^^^
ValueError: invalid literal for int() with base 10: 'tag'

During handling of the above exception, another exception occurred:

Traceback (most recent call last):
  File "C:\DjangoProject\QueryManager\djangoenv\Lib\site-packages\django\template\base.py", line 906, in _resolve_lookup
    raise VariableDoesNotExist(
    ^^^^^^^^^^^^^^^^^^^^^^^^^^^
    ...<2 lines>...
    )  # missing attribute
    ^
django.template.base.VariableDoesNotExist: Failed lookup for key [tag] in <QueryDict: {}>
Exception while resolving variable 'status' in template 'home.html'.
Traceback (most recent call last):
  File "C:\DjangoProject\QueryManager\djangoenv\Lib\site-packages\django\utils\datastructures.py", line 84, in __getitem__
    list_ = super().__getitem__(key)
KeyError: 'status'

During handling of the above exception, another exception occurred:

Traceback (most recent call last):
  File "C:\DjangoProject\QueryManager\djangoenv\Lib\site-packages\django\template\base.py", line 883, in _resolve_lookup
    current = current[bit]
              ~~~~~~~^^^^^
  File "C:\DjangoProject\QueryManager\djangoenv\Lib\site-packages\django\utils\datastructures.py", line 86, in __getitem__
    raise MultiValueDictKeyError(key)
django.utils.datastructures.MultiValueDictKeyError: 'status'

During handling of the above exception, another exception occurred:

Traceback (most recent call last):
  File "C:\DjangoProject\QueryManager\djangoenv\Lib\site-packages\django\template\base.py", line 893, in _resolve_lookup
    current = getattr(current, bit)
AttributeError: 'QueryDict' object has no attribute 'status'

During handling of the above exception, another exception occurred:

Traceback (most recent call last):
  File "C:\DjangoProject\QueryManager\djangoenv\Lib\site-packages\django\template\base.py", line 899, in _resolve_lookup
    current = current[int(bit)]
                      ~~~^^^^^
ValueError: invalid literal for int() with base 10: 'status'

During handling of the above exception, another exception occurred:

Traceback (most recent call last):
  File "C:\DjangoProject\QueryManager\djangoenv\Lib\site-packages\django\template\base.py", line 906, in _resolve_lookup
    raise VariableDoesNotExist(
    ^^^^^^^^^^^^^^^^^^^^^^^^^^^
    ...<2 lines>...
    )  # missing attribute
    ^
django.template.base.VariableDoesNotExist: Failed lookup for key [status] in <QueryDict: {}>
Exception while resolving variable 'tag' in template 'home.html'.
Traceback (most recent call last):
  File "C:\DjangoProject\QueryManager\djangoenv\Lib\site-packages\django\utils\datastructures.py", line 84, in __getitem__
    list_ = super().__getitem__(key)
KeyError: 'tag'

During handling of the above exception, another exception occurred:

Traceback (most recent call last):
  File "C:\DjangoProject\QueryManager\djangoenv\Lib\site-packages\django\template\base.py", line 883, in _resolve_lookup
    current = current[bit]
              ~~~~~~~^^^^^
  File "C:\DjangoProject\QueryManager\djangoenv\Lib\site-packages\django\utils\datastructures.py", line 86, in __getitem__
    raise MultiValueDictKeyError(key)
django.utils.datastructures.MultiValueDictKeyError: 'tag'

During handling of the above exception, another exception occurred:

Traceback (most recent call last):
  File "C:\DjangoProject\QueryManager\djangoenv\Lib\site-packages\django\template\base.py", line 893, in _resolve_lookup
    current = getattr(current, bit)
AttributeError: 'QueryDict' object has no attribute 'tag'

During handling of the above exception, another exception occurred:

Traceback (most recent call last):
  File "C:\DjangoProject\QueryManager\djangoenv\Lib\site-packages\django\template\base.py", line 899, in _resolve_lookup
    current = current[int(bit)]
                      ~~~^^^^^
ValueError: invalid literal for int() with base 10: 'tag'

During handling of the above exception, another exception occurred:

Traceback (most recent call last):
  File "C:\DjangoProject\QueryManager\djangoenv\Lib\site-packages\django\template\base.py", line 906, in _resolve_lookup
    raise VariableDoesNotExist(
    ^^^^^^^^^^^^^^^^^^^^^^^^^^^
    ...<2 lines>...
    )  # missing attribute
    ^
django.template.base.VariableDoesNotExist: Failed lookup for key [tag] in <QueryDict: {}>
Exception while resolving variable 'status' in template 'home.html'.
Traceback (most recent call last):
  File "C:\DjangoProject\QueryManager\djangoenv\Lib\site-packages\django\utils\datastructures.py", line 84, in __getitem__
    list_ = super().__getitem__(key)
KeyError: 'status'

During handling of the above exception, another exception occurred:

Traceback (most recent call last):
  File "C:\DjangoProject\QueryManager\djangoenv\Lib\site-packages\django\template\base.py", line 883, in _resolve_lookup
    current = current[bit]
              ~~~~~~~^^^^^
  File "C:\DjangoProject\QueryManager\djangoenv\Lib\site-packages\django\utils\datastructures.py", line 86, in __getitem__
    raise MultiValueDictKeyError(key)
django.utils.datastructures.MultiValueDictKeyError: 'status'

During handling of the above exception, another exception occurred:

Traceback (most recent call last):
  File "C:\DjangoProject\QueryManager\djangoenv\Lib\site-packages\django\template\base.py", line 893, in _resolve_lookup
    current = getattr(current, bit)
AttributeError: 'QueryDict' object has no attribute 'status'

During handling of the above exception, another exception occurred:

Traceback (most recent call last):
  File "C:\DjangoProject\QueryManager\djangoenv\Lib\site-packages\django\template\base.py", line 899, in _resolve_lookup
    current = current[int(bit)]
                      ~~~^^^^^
ValueError: invalid literal for int() with base 10: 'status'

During handling of the above exception, another exception occurred:

Traceback (most recent call last):
  File "C:\DjangoProject\QueryManager\djangoenv\Lib\site-packages\django\template\base.py", line 906, in _resolve_lookup
    raise VariableDoesNotExist(
    ^^^^^^^^^^^^^^^^^^^^^^^^^^^
    ...<2 lines>...
    )  # missing attribute
    ^
django.template.base.VariableDoesNotExist: Failed lookup for key [status] in <QueryDict: {}>
Exception while resolving variable 'tag' in template 'home.html'.
Traceback (most recent call last):
  File "C:\DjangoProject\QueryManager\djangoenv\Lib\site-packages\django\utils\datastructures.py", line 84, in __getitem__
    list_ = super().__getitem__(key)
KeyError: 'tag'

During handling of the above exception, another exception occurred:

Traceback (most recent call last):
  File "C:\DjangoProject\QueryManager\djangoenv\Lib\site-packages\django\template\base.py", line 883, in _resolve_lookup
    current = current[bit]
              ~~~~~~~^^^^^
  File "C:\DjangoProject\QueryManager\djangoenv\Lib\site-packages\django\utils\datastructures.py", line 86, in __getitem__
    raise MultiValueDictKeyError(key)
django.utils.datastructures.MultiValueDictKeyError: 'tag'

During handling of the above exception, another exception occurred:

Traceback (most recent call last):
  File "C:\DjangoProject\QueryManager\djangoenv\Lib\site-packages\django\template\base.py", line 893, in _resolve_lookup
    current = getattr(current, bit)
AttributeError: 'QueryDict' object has no attribute 'tag'

During handling of the above exception, another exception occurred:

Traceback (most recent call last):
  File "C:\DjangoProject\QueryManager\djangoenv\Lib\site-packages\django\template\base.py", line 899, in _resolve_lookup
    current = current[int(bit)]
                      ~~~^^^^^
ValueError: invalid literal for int() with base 10: 'tag'

During handling of the above exception, another exception occurred:

Traceback (most recent call last):
  File "C:\DjangoProject\QueryManager\djangoenv\Lib\site-packages\django\template\base.py", line 906, in _resolve_lookup
    raise VariableDoesNotExist(
    ^^^^^^^^^^^^^^^^^^^^^^^^^^^
    ...<2 lines>...
    )  # missing attribute
    ^
django.template.base.VariableDoesNotExist: Failed lookup for key [tag] in <QueryDict: {}>
Exception while resolving variable 'status' in template 'home.html'.
Traceback (most recent call last):
  File "C:\DjangoProject\QueryManager\djangoenv\Lib\site-packages\django\utils\datastructures.py", line 84, in __getitem__
    list_ = super().__getitem__(key)
KeyError: 'status'

During handling of the above exception, another exception occurred:

Traceback (most recent call last):
  File "C:\DjangoProject\QueryManager\djangoenv\Lib\site-packages\django\template\base.py", line 883, in _resolve_lookup
    current = current[bit]
              ~~~~~~~^^^^^
  File "C:\DjangoProject\QueryManager\djangoenv\Lib\site-packages\django\utils\datastructures.py", line 86, in __getitem__
    raise MultiValueDictKeyError(key)
django.utils.datastructures.MultiValueDictKeyError: 'status'

During handling of the above exception, another exception occurred:

Traceback (most recent call last):
  File "C:\DjangoProject\QueryManager\djangoenv\Lib\site-packages\django\template\base.py", line 893, in _resolve_lookup
    current = getattr(current, bit)
AttributeError: 'QueryDict' object has no attribute 'status'

During handling of the above exception, another exception occurred:

Traceback (most recent call last):
  File "C:\DjangoProject\QueryManager\djangoenv\Lib\site-packages\django\template\base.py", line 899, in _resolve_lookup
    current = current[int(bit)]
                      ~~~^^^^^
ValueError: invalid literal for int() with base 10: 'status'

During handling of the above exception, another exception occurred:

Traceback (most recent call last):
  File "C:\DjangoProject\QueryManager\djangoenv\Lib\site-packages\django\template\base.py", line 906, in _resolve_lookup
    raise VariableDoesNotExist(
    ^^^^^^^^^^^^^^^^^^^^^^^^^^^
    ...<2 lines>...
    )  # missing attribute
    ^
django.template.base.VariableDoesNotExist: Failed lookup for key [status] in <QueryDict: {}>
Exception while resolving variable 'tag' in template 'home.html'.
Traceback (most recent call last):
  File "C:\DjangoProject\QueryManager\djangoenv\Lib\site-packages\django\utils\datastructures.py", line 84, in __getitem__
    list_ = super().__getitem__(key)
KeyError: 'tag'

During handling of the above exception, another exception occurred:

Traceback (most recent call last):
  File "C:\DjangoProject\QueryManager\djangoenv\Lib\site-packages\django\template\base.py", line 883, in _resolve_lookup
    current = current[bit]
              ~~~~~~~^^^^^
  File "C:\DjangoProject\QueryManager\djangoenv\Lib\site-packages\django\utils\datastructures.py", line 86, in __getitem__
    raise MultiValueDictKeyError(key)
django.utils.datastructures.MultiValueDictKeyError: 'tag'

During handling of the above exception, another exception occurred:

Traceback (most recent call last):
  File "C:\DjangoProject\QueryManager\djangoenv\Lib\site-packages\django\template\base.py", line 893, in _resolve_lookup
    current = getattr(current, bit)
AttributeError: 'QueryDict' object has no attribute 'tag'

During handling of the above exception, another exception occurred:

Traceback (most recent call last):
  File "C:\DjangoProject\QueryManager\djangoenv\Lib\site-packages\django\template\base.py", line 899, in _resolve_lookup
    current = current[int(bit)]
                      ~~~^^^^^
ValueError: invalid literal for int() with base 10: 'tag'

During handling of the above exception, another exception occurred:

Traceback (most recent call last):
  File "C:\DjangoProject\QueryManager\djangoenv\Lib\site-packages\django\template\base.py", line 906, in _resolve_lookup
    raise VariableDoesNotExist(
    ^^^^^^^^^^^^^^^^^^^^^^^^^^^
    ...<2 lines>...
    )  # missing attribute
    ^
django.template.base.VariableDoesNotExist: Failed lookup for key [tag] in <QueryDict: {}>
Exception while resolving variable 'status' in template 'home.html'.
Traceback (most recent call last):
  File "C:\DjangoProject\QueryManager\djangoenv\Lib\site-packages\django\utils\datastructures.py", line 84, in __getitem__
    list_ = super().__getitem__(key)
KeyError: 'status'

During handling of the above exception, another exception occurred:

Traceback (most recent call last):
  File "C:\DjangoProject\QueryManager\djangoenv\Lib\site-packages\django\template\base.py", line 883, in _resolve_lookup
    current = current[bit]
              ~~~~~~~^^^^^
  File "C:\DjangoProject\QueryManager\djangoenv\Lib\site-packages\django\utils\datastructures.py", line 86, in __getitem__
    raise MultiValueDictKeyError(key)
django.utils.datastructures.MultiValueDictKeyError: 'status'

During handling of the above exception, another exception occurred:

Traceback (most recent call last):
  File "C:\DjangoProject\QueryManager\djangoenv\Lib\site-packages\django\template\base.py", line 893, in _resolve_lookup
    current = getattr(current, bit)
AttributeError: 'QueryDict' object has no attribute 'status'

During handling of the above exception, another exception occurred:

Traceback (most recent call last):
  File "C:\DjangoProject\QueryManager\djangoenv\Lib\site-packages\django\template\base.py", line 899, in _resolve_lookup
    current = current[int(bit)]
                      ~~~^^^^^
ValueError: invalid literal for int() with base 10: 'status'

During handling of the above exception, another exception occurred:

Traceback (most recent call last):
  File "C:\DjangoProject\QueryManager\djangoenv\Lib\site-packages\django\template\base.py", line 906, in _resolve_lookup
    raise VariableDoesNotExist(
    ^^^^^^^^^^^^^^^^^^^^^^^^^^^
    ...<2 lines>...
    )  # missing attribute
    ^
django.template.base.VariableDoesNotExist: Failed lookup for key [status] in <QueryDict: {}>
Exception while resolving variable 'tag' in template 'home.html'.
Traceback (most recent call last):
  File "C:\DjangoProject\QueryManager\djangoenv\Lib\site-packages\django\utils\datastructures.py", line 84, in __getitem__
    list_ = super().__getitem__(key)
KeyError: 'tag'

During handling of the above exception, another exception occurred:

Traceback (most recent call last):
  File "C:\DjangoProject\QueryManager\djangoenv\Lib\site-packages\django\template\base.py", line 883, in _resolve_lookup
    current = current[bit]
              ~~~~~~~^^^^^
  File "C:\DjangoProject\QueryManager\djangoenv\Lib\site-packages\django\utils\datastructures.py", line 86, in __getitem__
    raise MultiValueDictKeyError(key)
django.utils.datastructures.MultiValueDictKeyError: 'tag'

During handling of the above exception, another exception occurred:

Traceback (most recent call last):
  File "C:\DjangoProject\QueryManager\djangoenv\Lib\site-packages\django\template\base.py", line 893, in _resolve_lookup
    current = getattr(current, bit)
AttributeError: 'QueryDict' object has no attribute 'tag'

During handling of the above exception, another exception occurred:

Traceback (most recent call last):
  File "C:\DjangoProject\QueryManager\djangoenv\Lib\site-packages\django\template\base.py", line 899, in _resolve_lookup
    current = current[int(bit)]
                      ~~~^^^^^
ValueError: invalid literal for int() with base 10: 'tag'

During handling of the above exception, another exception occurred:

Traceback (most recent call last):
  File "C:\DjangoProject\QueryManager\djangoenv\Lib\site-packages\django\template\base.py", line 906, in _resolve_lookup
    raise VariableDoesNotExist(
    ^^^^^^^^^^^^^^^^^^^^^^^^^^^
    ...<2 lines>...
    )  # missing attribute
    ^
django.template.base.VariableDoesNotExist: Failed lookup for key [tag] in <QueryDict: {}>
Exception while resolving variable 'status' in template 'home.html'.
Traceback (most recent call last):
  File "C:\DjangoProject\QueryManager\djangoenv\Lib\site-packages\django\utils\datastructures.py", line 84, in __getitem__
    list_ = super().__getitem__(key)
KeyError: 'status'

During handling of the above exception, another exception occurred:

Traceback (most recent call last):
  File "C:\DjangoProject\QueryManager\djangoenv\Lib\site-packages\django\template\base.py", line 883, in _resolve_lookup
    current = current[bit]
              ~~~~~~~^^^^^
  File "C:\DjangoProject\QueryManager\djangoenv\Lib\site-packages\django\utils\datastructures.py", line 86, in __getitem__
    raise MultiValueDictKeyError(key)
django.utils.datastructures.MultiValueDictKeyError: 'status'

During handling of the above exception, another exception occurred:

Traceback (most recent call last):
  File "C:\DjangoProject\QueryManager\djangoenv\Lib\site-packages\django\template\base.py", line 893, in _resolve_lookup
    current = getattr(current, bit)
AttributeError: 'QueryDict' object has no attribute 'status'

During handling of the above exception, another exception occurred:

Traceback (most recent call last):
  File "C:\DjangoProject\QueryManager\djangoenv\Lib\site-packages\django\template\base.py", line 899, in _resolve_lookup
    current = current[int(bit)]
                      ~~~^^^^^
ValueError: invalid literal for int() with base 10: 'status'

During handling of the above exception, another exception occurred:

Traceback (most recent call last):
  File "C:\DjangoProject\QueryManager\djangoenv\Lib\site-packages\django\template\base.py", line 906, in _resolve_lookup
    raise VariableDoesNotExist(
    ^^^^^^^^^^^^^^^^^^^^^^^^^^^
    ...<2 lines>...
    )  # missing attribute
    ^
django.template.base.VariableDoesNotExist: Failed lookup for key [status] in <QueryDict: {}>
Exception while resolving variable 'tag' in template 'home.html'.
Traceback (most recent call last):
  File "C:\DjangoProject\QueryManager\djangoenv\Lib\site-packages\django\utils\datastructures.py", line 84, in __getitem__
    list_ = super().__getitem__(key)
KeyError: 'tag'

During handling of the above exception, another exception occurred:

Traceback (most recent call last):
  File "C:\DjangoProject\QueryManager\djangoenv\Lib\site-packages\django\template\base.py", line 883, in _resolve_lookup
    current = current[bit]
              ~~~~~~~^^^^^
  File "C:\DjangoProject\QueryManager\djangoenv\Lib\site-packages\django\utils\datastructures.py", line 86, in __getitem__
    raise MultiValueDictKeyError(key)
django.utils.datastructures.MultiValueDictKeyError: 'tag'

During handling of the above exception, another exception occurred:

Traceback (most recent call last):
  File "C:\DjangoProject\QueryManager\djangoenv\Lib\site-packages\django\template\base.py", line 893, in _resolve_lookup
    current = getattr(current, bit)
AttributeError: 'QueryDict' object has no attribute 'tag'

During handling of the above exception, another exception occurred:

Traceback (most recent call last):
  File "C:\DjangoProject\QueryManager\djangoenv\Lib\site-packages\django\template\base.py", line 899, in _resolve_lookup
    current = current[int(bit)]
                      ~~~^^^^^
ValueError: invalid literal for int() with base 10: 'tag'

During handling of the above exception, another exception occurred:

Traceback (most recent call last):
  File "C:\DjangoProject\QueryManager\djangoenv\Lib\site-packages\django\template\base.py", line 906, in _resolve_lookup
    raise VariableDoesNotExist(
    ^^^^^^^^^^^^^^^^^^^^^^^^^^^
    ...<2 lines>...
    )  # missing attribute
    ^
django.template.base.VariableDoesNotExist: Failed lookup for key [tag] in <QueryDict: {}>
Exception while resolving variable 'status' in template 'home.html'.
Traceback (most recent call last):
  File "C:\DjangoProject\QueryManager\djangoenv\Lib\site-packages\django\utils\datastructures.py", line 84, in __getitem__
    list_ = super().__getitem__(key)
KeyError: 'status'

During handling of the above exception, another exception occurred:

Traceback (most recent call last):
  File "C:\DjangoProject\QueryManager\djangoenv\Lib\site-packages\django\template\base.py", line 883, in _resolve_lookup
    current = current[bit]
              ~~~~~~~^^^^^
  File "C:\DjangoProject\QueryManager\djangoenv\Lib\site-packages\django\utils\datastructures.py", line 86, in __getitem__
    raise MultiValueDictKeyError(key)
django.utils.datastructures.MultiValueDictKeyError: 'status'

During handling of the above exception, another exception occurred:

Traceback (most recent call last):
  File "C:\DjangoProject\QueryManager\djangoenv\Lib\site-packages\django\template\base.py", line 893, in _resolve_lookup
    current = getattr(current, bit)
AttributeError: 'QueryDict' object has no attribute 'status'

During handling of the above exception, another exception occurred:

Traceback (most recent call last):
  File "C:\DjangoProject\QueryManager\djangoenv\Lib\site-packages\django\template\base.py", line 899, in _resolve_lookup
    current = current[int(bit)]
                      ~~~^^^^^
ValueError: invalid literal for int() with base 10: 'status'

During handling of the above exception, another exception occurred:

Traceback (most recent call last):
  File "C:\DjangoProject\QueryManager\djangoenv\Lib\site-packages\django\template\base.py", line 906, in _resolve_lookup
    raise VariableDoesNotExist(
    ^^^^^^^^^^^^^^^^^^^^^^^^^^^
    ...<2 lines>...
    )  # missing attribute
    ^
django.template.base.VariableDoesNotExist: Failed lookup for key [status] in <QueryDict: {}>
Exception while resolving variable 'tag' in template 'home.html'.
Traceback (most recent call last):
  File "C:\DjangoProject\QueryManager\djangoenv\Lib\site-packages\django\utils\datastructures.py", line 84, in __getitem__
    list_ = super().__getitem__(key)
KeyError: 'tag'

During handling of the above exception, another exception occurred:

Traceback (most recent call last):
  File "C:\DjangoProject\QueryManager\djangoenv\Lib\site-packages\django\template\base.py", line 883, in _resolve_lookup
    current = current[bit]
              ~~~~~~~^^^^^
  File "C:\DjangoProject\QueryManager\djangoenv\Lib\site-packages\django\utils\datastructures.py", line 86, in __getitem__
    raise MultiValueDictKeyError(key)
django.utils.datastructures.MultiValueDictKeyError: 'tag'

During handling of the above exception, another exception occurred:

Traceback (most recent call last):
  File "C:\DjangoProject\QueryManager\djangoenv\Lib\site-packages\django\template\base.py", line 893, in _resolve_lookup
    current = getattr(current, bit)
AttributeError: 'QueryDict' object has no attribute 'tag'

During handling of the above exception, another exception occurred:

Traceback (most recent call last):
  File "C:\DjangoProject\QueryManager\djangoenv\Lib\site-packages\django\template\base.py", line 899, in _resolve_lookup
    current = current[int(bit)]
                      ~~~^^^^^
ValueError: invalid literal for int() with base 10: 'tag'

During handling of the above exception, another exception occurred:

Traceback (most recent call last):
  File "C:\DjangoProject\QueryManager\djangoenv\Lib\site-packages\django\template\base.py", line 906, in _resolve_lookup
    raise VariableDoesNotExist(
    ^^^^^^^^^^^^^^^^^^^^^^^^^^^
    ...<2 lines>...
    )  # missing attribute
    ^
django.template.base.VariableDoesNotExist: Failed lookup for key [tag] in <QueryDict: {}>
Exception while resolving variable 'status' in template 'home.html'.
Traceback (most recent call last):
  File "C:\DjangoProject\QueryManager\djangoenv\Lib\site-packages\django\utils\datastructures.py", line 84, in __getitem__
    list_ = super().__getitem__(key)
KeyError: 'status'

During handling of the above exception, another exception occurred:

Traceback (most recent call last):
  File "C:\DjangoProject\QueryManager\djangoenv\Lib\site-packages\django\template\base.py", line 883, in _resolve_lookup
    current = current[bit]
              ~~~~~~~^^^^^
  File "C:\DjangoProject\QueryManager\djangoenv\Lib\site-packages\django\utils\datastructures.py", line 86, in __getitem__
    raise MultiValueDictKeyError(key)
django.utils.datastructures.MultiValueDictKeyError: 'status'

During handling of the above exception, another exception occurred:

Traceback (most recent call last):
  File "C:\DjangoProject\QueryManager\djangoenv\Lib\site-packages\django\template\base.py", line 893, in _resolve_lookup
    current = getattr(current, bit)
AttributeError: 'QueryDict' object has no attribute 'status'

During handling of the above exception, another exception occurred:

Traceback (most recent call last):
  File "C:\DjangoProject\QueryManager\djangoenv\Lib\site-packages\django\template\base.py", line 899, in _resolve_lookup
    current = current[int(bit)]
                      ~~~^^^^^
ValueError: invalid literal for int() with base 10: 'status'

During handling of the above exception, another exception occurred:

Traceback (most recent call last):
  File "C:\DjangoProject\QueryManager\djangoenv\Lib\site-packages\django\template\base.py", line 906, in _resolve_lookup
    raise VariableDoesNotExist(
    ^^^^^^^^^^^^^^^^^^^^^^^^^^^
    ...<2 lines>...
    )  # missing attribute
    ^
django.template.base.VariableDoesNotExist: Failed lookup for key [status] in <QueryDict: {}>
Exception while resolving variable 'tag' in template 'home.html'.
Traceback (most recent call last):
  File "C:\DjangoProject\QueryManager\djangoenv\Lib\site-packages\django\utils\datastructures.py", line 84, in __getitem__
    list_ = super().__getitem__(key)
KeyError: 'tag'

During handling of the above exception, another exception occurred:

Traceback (most recent call last):
  File "C:\DjangoProject\QueryManager\djangoenv\Lib\site-packages\django\template\base.py", line 883, in _resolve_lookup
    current = current[bit]
              ~~~~~~~^^^^^
  File "C:\DjangoProject\QueryManager\djangoenv\Lib\site-packages\django\utils\datastructures.py", line 86, in __getitem__
    raise MultiValueDictKeyError(key)
django.utils.datastructures.MultiValueDictKeyError: 'tag'

During handling of the above exception, another exception occurred:

Traceback (most recent call last):
  File "C:\DjangoProject\QueryManager\djangoenv\Lib\site-packages\django\template\base.py", line 893, in _resolve_lookup
    current = getattr(current, bit)
AttributeError: 'QueryDict' object has no attribute 'tag'

During handling of the above exception, another exception occurred:

Traceback (most recent call last):
  File "C:\DjangoProject\QueryManager\djangoenv\Lib\site-packages\django\template\base.py", line 899, in _resolve_lookup
    current = current[int(bit)]
                      ~~~^^^^^
ValueError: invalid literal for int() with base 10: 'tag'

During handling of the above exception, another exception occurred:

Traceback (most recent call last):
  File "C:\DjangoProject\QueryManager\djangoenv\Lib\site-packages\django\template\base.py", line 906, in _resolve_lookup
    raise VariableDoesNotExist(
    ^^^^^^^^^^^^^^^^^^^^^^^^^^^
    ...<2 lines>...
    )  # missing attribute
    ^
django.template.base.VariableDoesNotExist: Failed lookup for key [tag] in <QueryDict: {}>
"GET /QueryManager/ HTTP/1.1" 200 25405
"GET /QueryManager/static/animate.min.css HTTP/1.1" 200 71750
"GET /QueryManager/static/query_manager2_major.png HTTP/1.1" 200 12195
"GET /QueryManager/media/profile_pics/1710110551788_XbKOk7B.jpg HTTP/1.1" 200 109565
"GET /QueryManager/static/custom.css HTTP/1.1" 200 6235
"GET /QueryManager/static/bootstrap.min.css HTTP/1.1" 200 160302
"GET /QueryManager/static/customscripts.js HTTP/1.1" 200 14318
"GET /QueryManager/static/bootstrap.min.js HTTP/1.1" 200 51039
Exception while resolving variable 'name' in template 'unknown'.
Traceback (most recent call last):
  File "C:\DjangoProject\QueryManager\djangoenv\Lib\site-packages\django\core\handlers\exception.py", line 55, in inner
    response = get_response(request)
  File "C:\DjangoProject\QueryManager\djangoenv\Lib\site-packages\django\core\handlers\base.py", line 181, in _get_response
    callback, callback_args, callback_kwargs = self.resolve_request(request)
                                               ~~~~~~~~~~~~~~~~~~~~^^^^^^^^^
  File "C:\DjangoProject\QueryManager\djangoenv\Lib\site-packages\django\core\handlers\base.py", line 313, in resolve_request
    resolver_match = resolver.resolve(request.path_info)
  File "C:\DjangoProject\QueryManager\djangoenv\Lib\site-packages\django\urls\resolvers.py", line 705, in resolve
    raise Resolver404({"tried": tried, "path": new_path})
django.urls.exceptions.Resolver404: {'tried': [[<URLResolver <URLPattern list> (admin:admin) 'QueryManager/admin/'>], [<URLResolver <module 'main.urls' from 'C:\\DjangoProject\\QueryManager\\main\\urls.py'> (None:None) ''>, <URLResolver <URLPattern list> (admin:admin) 'admin/'>], [<URLResolver <module 'main.urls' from 'C:\\DjangoProject\\QueryManager\\main\\urls.py'> (None:None) ''>, <URLPattern '' [name='home']>], [<URLResolver <module 'main.urls' from 'C:\\DjangoProject\\QueryManager\\main\\urls.py'> (None:None) ''>, <URLPattern 'QueryManager/' [name='home']>], [<URLResolver <module 'main.urls' from 'C:\\DjangoProject\\QueryManager\\main\\urls.py'> (None:None) ''>, <URLPattern 'QueryManager/detail/<int:id>/' [name='detail']>], [<URLResolver <module 'main.urls' from 'C:\\DjangoProject\\QueryManager\\main\\urls.py'> (None:None) ''>, <URLPattern 'QueryManager/save-comment' [name='save-comment']>], [<URLResolver <module 'main.urls' from 'C:\\DjangoProject\\QueryManager\\main\\urls.py'> (None:None) ''>, <URLPattern 'QueryManager/save-upvote' [name='save-upvote']>], [<URLResolver <module 'main.urls' from 'C:\\DjangoProject\\QueryManager\\main\\urls.py'> (None:None) ''>, <URLPattern 'QueryManager/save-downvote' [name='save-downvote']>], [<URLResolver <module 'main.urls' from 'C:\\DjangoProject\\QueryManager\\main\\urls.py'> (None:None) ''>, <URLPattern 'QueryManager/accounts/register/' [name='register']>], [<URLResolver <module 'main.urls' from 'C:\\DjangoProject\\QueryManager\\main\\urls.py'> (None:None) ''>, <URLPattern 'QueryManager/accounts/profile/' [name='profile']>], [<URLResolver <module 'main.urls' from 'C:\\DjangoProject\\QueryManager\\main\\urls.py'> (None:None) ''>, <URLPattern 'search_suggestions/' [name='search_suggestions']>], [<URLResolver <module 'main.urls' from 'C:\\DjangoProject\\QueryManager\\main\\urls.py'> (None:None) ''>, <URLPattern 'tag_suggestions/' [name='tag_suggestions']>], [<URLResolver <module 'main.urls' from 'C:\\DjangoProject\\QueryManager\\main\\urls.py'> (None:None) ''>, <URLPattern 'QueryManager/tag/<slug:tag>/' [name='tag']>], [<URLResolver <module 'main.urls' from 'C:\\DjangoProject\\QueryManager\\main\\urls.py'> (None:None) ''>, <URLPattern 'QueryManager/tags/' [name='tags']>], [<URLResolver <module 'main.urls' from 'C:\\DjangoProject\\QueryManager\\main\\urls.py'> (None:None) ''>, <URLPattern 'QueryManager/accounts/logout/' [name='logout']>], [<URLResolver <module 'main.urls' from 'C:\\DjangoProject\\QueryManager\\main\\urls.py'> (None:None) ''>, <URLPattern 'update-status/<int:quest_id>/' [name='update-status']>], [<URLResolver <module 'main.urls' from 'C:\\DjangoProject\\QueryManager\\main\\urls.py'> (None:None) ''>, <URLPattern 'QueryManager/delete-question/<int:question_id>/' [name='delete-question']>], [<URLResolver <module 'main.urls' from 'C:\\DjangoProject\\QueryManager\\main\\urls.py'> (None:None) ''>, <URLPattern 'QueryManager/delete-answer/<int:answer_id>/' [name='delete-answer']>], [<URLResolver <module 'main.urls' from 'C:\\DjangoProject\\QueryManager\\main\\urls.py'> (None:None) ''>, <URLPattern 'QueryManager/delete-comment/<int:comment_id>/' [name='delete-comment']>], [<URLResolver <module 'main.urls' from 'C:\\DjangoProject\\QueryManager\\main\\urls.py'> (None:None) ''>, <URLPattern 'mark-as-solution/<int:answer_id>/' [name='mark-as-solution']>], [<URLResolver <module 'main.urls' from 'C:\\DjangoProject\\QueryManager\\main\\urls.py'> (None:None) ''>, <URLPattern 'edit_answer/<int:answer_id>/' [name='edit_answer']>], [<URLResolver <module 'main.urls' from 'C:\\DjangoProject\\QueryManager\\main\\urls.py'> (None:None) ''>, <URLPattern 'remove-attachment/<int:attachment_id>/' [name='remove_attachment']>], [<URLResolver <module 'main.urls' from 'C:\\DjangoProject\\QueryManager\\main\\urls.py'> (None:None) ''>, <URLPattern 'edit-comment/<int:comment_id>/' [name='edit_comment']>], [<URLResolver <module 'main.urls' from 'C:\\DjangoProject\\QueryManager\\main\\urls.py'> (None:None) ''>, <URLPattern 'remove-comment-attachment/<int:attachment_id>/' [name='remove_comment_attachment']>], [<URLResolver <module 'main.urls' from 'C:\\DjangoProject\\QueryManager\\main\\urls.py'> (None:None) ''>, <URLPattern 'edit/<int:quest_id>/' [name='edit_query']>], [<URLResolver <module 'main.urls' from 'C:\\DjangoProject\\QueryManager\\main\\urls.py'> (None:None) ''>, <URLPattern 'remove-question-attachment/<int:attachment_id>/' [name='remove_question_attachment']>], [<URLResolver <module 'main.urls' from 'C:\\DjangoProject\\QueryManager\\main\\urls.py'> (None:None) ''>, <URLPattern 'QueryManager/help/' [name='help']>], [<URLResolver <module 'django.contrib.auth.urls' from 'C:\\DjangoProject\\QueryManager\\djangoenv\\Lib\\site-packages\\django\\contrib\\auth\\urls.py'> (None:None) 'QueryManager/accounts/'>], [<URLPattern '^QueryManager/media/(?P<path>.*)$'>], [<URLPattern '^QueryManager/static/(?P<path>.*)$'>], [<URLPattern '^QueryManager/static/(?P<path>.*)$'>], [<URLPattern '^QueryManager/media/(?P<path>.*)$'>]], 'path': 'favicon.ico'}

During handling of the above exception, another exception occurred:

Traceback (most recent call last):
  File "C:\DjangoProject\QueryManager\djangoenv\Lib\site-packages\django\template\base.py", line 883, in _resolve_lookup
    current = current[bit]
              ~~~~~~~^^^^^
TypeError: 'URLResolver' object is not subscriptable

During handling of the above exception, another exception occurred:

Traceback (most recent call last):
  File "C:\DjangoProject\QueryManager\djangoenv\Lib\site-packages\django\template\base.py", line 893, in _resolve_lookup
    current = getattr(current, bit)
AttributeError: 'URLResolver' object has no attribute 'name'

During handling of the above exception, another exception occurred:

Traceback (most recent call last):
  File "C:\DjangoProject\QueryManager\djangoenv\Lib\site-packages\django\template\base.py", line 899, in _resolve_lookup
    current = current[int(bit)]
                      ~~~^^^^^
ValueError: invalid literal for int() with base 10: 'name'

During handling of the above exception, another exception occurred:

Traceback (most recent call last):
  File "C:\DjangoProject\QueryManager\djangoenv\Lib\site-packages\django\template\base.py", line 906, in _resolve_lookup
    raise VariableDoesNotExist(
    ^^^^^^^^^^^^^^^^^^^^^^^^^^^
    ...<2 lines>...
    )  # missing attribute
    ^
django.template.base.VariableDoesNotExist: Failed lookup for key [name] in <URLResolver <URLPattern list> (admin:admin) 'QueryManager/admin/'>
Exception while resolving variable 'name' in template 'unknown'.
Traceback (most recent call last):
  File "C:\DjangoProject\QueryManager\djangoenv\Lib\site-packages\django\core\handlers\exception.py", line 55, in inner
    response = get_response(request)
  File "C:\DjangoProject\QueryManager\djangoenv\Lib\site-packages\django\core\handlers\base.py", line 181, in _get_response
    callback, callback_args, callback_kwargs = self.resolve_request(request)
                                               ~~~~~~~~~~~~~~~~~~~~^^^^^^^^^
  File "C:\DjangoProject\QueryManager\djangoenv\Lib\site-packages\django\core\handlers\base.py", line 313, in resolve_request
    resolver_match = resolver.resolve(request.path_info)
  File "C:\DjangoProject\QueryManager\djangoenv\Lib\site-packages\django\urls\resolvers.py", line 705, in resolve
    raise Resolver404({"tried": tried, "path": new_path})
django.urls.exceptions.Resolver404: {'tried': [[<URLResolver <URLPattern list> (admin:admin) 'QueryManager/admin/'>], [<URLResolver <module 'main.urls' from 'C:\\DjangoProject\\QueryManager\\main\\urls.py'> (None:None) ''>, <URLResolver <URLPattern list> (admin:admin) 'admin/'>], [<URLResolver <module 'main.urls' from 'C:\\DjangoProject\\QueryManager\\main\\urls.py'> (None:None) ''>, <URLPattern '' [name='home']>], [<URLResolver <module 'main.urls' from 'C:\\DjangoProject\\QueryManager\\main\\urls.py'> (None:None) ''>, <URLPattern 'QueryManager/' [name='home']>], [<URLResolver <module 'main.urls' from 'C:\\DjangoProject\\QueryManager\\main\\urls.py'> (None:None) ''>, <URLPattern 'QueryManager/detail/<int:id>/' [name='detail']>], [<URLResolver <module 'main.urls' from 'C:\\DjangoProject\\QueryManager\\main\\urls.py'> (None:None) ''>, <URLPattern 'QueryManager/save-comment' [name='save-comment']>], [<URLResolver <module 'main.urls' from 'C:\\DjangoProject\\QueryManager\\main\\urls.py'> (None:None) ''>, <URLPattern 'QueryManager/save-upvote' [name='save-upvote']>], [<URLResolver <module 'main.urls' from 'C:\\DjangoProject\\QueryManager\\main\\urls.py'> (None:None) ''>, <URLPattern 'QueryManager/save-downvote' [name='save-downvote']>], [<URLResolver <module 'main.urls' from 'C:\\DjangoProject\\QueryManager\\main\\urls.py'> (None:None) ''>, <URLPattern 'QueryManager/accounts/register/' [name='register']>], [<URLResolver <module 'main.urls' from 'C:\\DjangoProject\\QueryManager\\main\\urls.py'> (None:None) ''>, <URLPattern 'QueryManager/accounts/profile/' [name='profile']>], [<URLResolver <module 'main.urls' from 'C:\\DjangoProject\\QueryManager\\main\\urls.py'> (None:None) ''>, <URLPattern 'search_suggestions/' [name='search_suggestions']>], [<URLResolver <module 'main.urls' from 'C:\\DjangoProject\\QueryManager\\main\\urls.py'> (None:None) ''>, <URLPattern 'tag_suggestions/' [name='tag_suggestions']>], [<URLResolver <module 'main.urls' from 'C:\\DjangoProject\\QueryManager\\main\\urls.py'> (None:None) ''>, <URLPattern 'QueryManager/tag/<slug:tag>/' [name='tag']>], [<URLResolver <module 'main.urls' from 'C:\\DjangoProject\\QueryManager\\main\\urls.py'> (None:None) ''>, <URLPattern 'QueryManager/tags/' [name='tags']>], [<URLResolver <module 'main.urls' from 'C:\\DjangoProject\\QueryManager\\main\\urls.py'> (None:None) ''>, <URLPattern 'QueryManager/accounts/logout/' [name='logout']>], [<URLResolver <module 'main.urls' from 'C:\\DjangoProject\\QueryManager\\main\\urls.py'> (None:None) ''>, <URLPattern 'update-status/<int:quest_id>/' [name='update-status']>], [<URLResolver <module 'main.urls' from 'C:\\DjangoProject\\QueryManager\\main\\urls.py'> (None:None) ''>, <URLPattern 'QueryManager/delete-question/<int:question_id>/' [name='delete-question']>], [<URLResolver <module 'main.urls' from 'C:\\DjangoProject\\QueryManager\\main\\urls.py'> (None:None) ''>, <URLPattern 'QueryManager/delete-answer/<int:answer_id>/' [name='delete-answer']>], [<URLResolver <module 'main.urls' from 'C:\\DjangoProject\\QueryManager\\main\\urls.py'> (None:None) ''>, <URLPattern 'QueryManager/delete-comment/<int:comment_id>/' [name='delete-comment']>], [<URLResolver <module 'main.urls' from 'C:\\DjangoProject\\QueryManager\\main\\urls.py'> (None:None) ''>, <URLPattern 'mark-as-solution/<int:answer_id>/' [name='mark-as-solution']>], [<URLResolver <module 'main.urls' from 'C:\\DjangoProject\\QueryManager\\main\\urls.py'> (None:None) ''>, <URLPattern 'edit_answer/<int:answer_id>/' [name='edit_answer']>], [<URLResolver <module 'main.urls' from 'C:\\DjangoProject\\QueryManager\\main\\urls.py'> (None:None) ''>, <URLPattern 'remove-attachment/<int:attachment_id>/' [name='remove_attachment']>], [<URLResolver <module 'main.urls' from 'C:\\DjangoProject\\QueryManager\\main\\urls.py'> (None:None) ''>, <URLPattern 'edit-comment/<int:comment_id>/' [name='edit_comment']>], [<URLResolver <module 'main.urls' from 'C:\\DjangoProject\\QueryManager\\main\\urls.py'> (None:None) ''>, <URLPattern 'remove-comment-attachment/<int:attachment_id>/' [name='remove_comment_attachment']>], [<URLResolver <module 'main.urls' from 'C:\\DjangoProject\\QueryManager\\main\\urls.py'> (None:None) ''>, <URLPattern 'edit/<int:quest_id>/' [name='edit_query']>], [<URLResolver <module 'main.urls' from 'C:\\DjangoProject\\QueryManager\\main\\urls.py'> (None:None) ''>, <URLPattern 'remove-question-attachment/<int:attachment_id>/' [name='remove_question_attachment']>], [<URLResolver <module 'main.urls' from 'C:\\DjangoProject\\QueryManager\\main\\urls.py'> (None:None) ''>, <URLPattern 'QueryManager/help/' [name='help']>], [<URLResolver <module 'django.contrib.auth.urls' from 'C:\\DjangoProject\\QueryManager\\djangoenv\\Lib\\site-packages\\django\\contrib\\auth\\urls.py'> (None:None) 'QueryManager/accounts/'>], [<URLPattern '^QueryManager/media/(?P<path>.*)$'>], [<URLPattern '^QueryManager/static/(?P<path>.*)$'>], [<URLPattern '^QueryManager/static/(?P<path>.*)$'>], [<URLPattern '^QueryManager/media/(?P<path>.*)$'>]], 'path': 'favicon.ico'}

During handling of the above exception, another exception occurred:

Traceback (most recent call last):
  File "C:\DjangoProject\QueryManager\djangoenv\Lib\site-packages\django\template\base.py", line 883, in _resolve_lookup
    current = current[bit]
              ~~~~~~~^^^^^
TypeError: 'URLResolver' object is not subscriptable

During handling of the above exception, another exception occurred:

Traceback (most recent call last):
  File "C:\DjangoProject\QueryManager\djangoenv\Lib\site-packages\django\template\base.py", line 893, in _resolve_lookup
    current = getattr(current, bit)
AttributeError: 'URLResolver' object has no attribute 'name'

During handling of the above exception, another exception occurred:

Traceback (most recent call last):
  File "C:\DjangoProject\QueryManager\djangoenv\Lib\site-packages\django\template\base.py", line 899, in _resolve_lookup
    current = current[int(bit)]
                      ~~~^^^^^
ValueError: invalid literal for int() with base 10: 'name'

During handling of the above exception, another exception occurred:

Traceback (most recent call last):
  File "C:\DjangoProject\QueryManager\djangoenv\Lib\site-packages\django\template\base.py", line 906, in _resolve_lookup
    raise VariableDoesNotExist(
    ^^^^^^^^^^^^^^^^^^^^^^^^^^^
    ...<2 lines>...
    )  # missing attribute
    ^
django.template.base.VariableDoesNotExist: Failed lookup for key [name] in <URLResolver <URLPattern list> (admin:admin) 'admin/'>
Exception while resolving variable 'name' in template 'unknown'.
Traceback (most recent call last):
  File "C:\DjangoProject\QueryManager\djangoenv\Lib\site-packages\django\core\handlers\exception.py", line 55, in inner
    response = get_response(request)
  File "C:\DjangoProject\QueryManager\djangoenv\Lib\site-packages\django\core\handlers\base.py", line 181, in _get_response
    callback, callback_args, callback_kwargs = self.resolve_request(request)
                                               ~~~~~~~~~~~~~~~~~~~~^^^^^^^^^
  File "C:\DjangoProject\QueryManager\djangoenv\Lib\site-packages\django\core\handlers\base.py", line 313, in resolve_request
    resolver_match = resolver.resolve(request.path_info)
  File "C:\DjangoProject\QueryManager\djangoenv\Lib\site-packages\django\urls\resolvers.py", line 705, in resolve
    raise Resolver404({"tried": tried, "path": new_path})
django.urls.exceptions.Resolver404: {'tried': [[<URLResolver <URLPattern list> (admin:admin) 'QueryManager/admin/'>], [<URLResolver <module 'main.urls' from 'C:\\DjangoProject\\QueryManager\\main\\urls.py'> (None:None) ''>, <URLResolver <URLPattern list> (admin:admin) 'admin/'>], [<URLResolver <module 'main.urls' from 'C:\\DjangoProject\\QueryManager\\main\\urls.py'> (None:None) ''>, <URLPattern '' [name='home']>], [<URLResolver <module 'main.urls' from 'C:\\DjangoProject\\QueryManager\\main\\urls.py'> (None:None) ''>, <URLPattern 'QueryManager/' [name='home']>], [<URLResolver <module 'main.urls' from 'C:\\DjangoProject\\QueryManager\\main\\urls.py'> (None:None) ''>, <URLPattern 'QueryManager/detail/<int:id>/' [name='detail']>], [<URLResolver <module 'main.urls' from 'C:\\DjangoProject\\QueryManager\\main\\urls.py'> (None:None) ''>, <URLPattern 'QueryManager/save-comment' [name='save-comment']>], [<URLResolver <module 'main.urls' from 'C:\\DjangoProject\\QueryManager\\main\\urls.py'> (None:None) ''>, <URLPattern 'QueryManager/save-upvote' [name='save-upvote']>], [<URLResolver <module 'main.urls' from 'C:\\DjangoProject\\QueryManager\\main\\urls.py'> (None:None) ''>, <URLPattern 'QueryManager/save-downvote' [name='save-downvote']>], [<URLResolver <module 'main.urls' from 'C:\\DjangoProject\\QueryManager\\main\\urls.py'> (None:None) ''>, <URLPattern 'QueryManager/accounts/register/' [name='register']>], [<URLResolver <module 'main.urls' from 'C:\\DjangoProject\\QueryManager\\main\\urls.py'> (None:None) ''>, <URLPattern 'QueryManager/accounts/profile/' [name='profile']>], [<URLResolver <module 'main.urls' from 'C:\\DjangoProject\\QueryManager\\main\\urls.py'> (None:None) ''>, <URLPattern 'search_suggestions/' [name='search_suggestions']>], [<URLResolver <module 'main.urls' from 'C:\\DjangoProject\\QueryManager\\main\\urls.py'> (None:None) ''>, <URLPattern 'tag_suggestions/' [name='tag_suggestions']>], [<URLResolver <module 'main.urls' from 'C:\\DjangoProject\\QueryManager\\main\\urls.py'> (None:None) ''>, <URLPattern 'QueryManager/tag/<slug:tag>/' [name='tag']>], [<URLResolver <module 'main.urls' from 'C:\\DjangoProject\\QueryManager\\main\\urls.py'> (None:None) ''>, <URLPattern 'QueryManager/tags/' [name='tags']>], [<URLResolver <module 'main.urls' from 'C:\\DjangoProject\\QueryManager\\main\\urls.py'> (None:None) ''>, <URLPattern 'QueryManager/accounts/logout/' [name='logout']>], [<URLResolver <module 'main.urls' from 'C:\\DjangoProject\\QueryManager\\main\\urls.py'> (None:None) ''>, <URLPattern 'update-status/<int:quest_id>/' [name='update-status']>], [<URLResolver <module 'main.urls' from 'C:\\DjangoProject\\QueryManager\\main\\urls.py'> (None:None) ''>, <URLPattern 'QueryManager/delete-question/<int:question_id>/' [name='delete-question']>], [<URLResolver <module 'main.urls' from 'C:\\DjangoProject\\QueryManager\\main\\urls.py'> (None:None) ''>, <URLPattern 'QueryManager/delete-answer/<int:answer_id>/' [name='delete-answer']>], [<URLResolver <module 'main.urls' from 'C:\\DjangoProject\\QueryManager\\main\\urls.py'> (None:None) ''>, <URLPattern 'QueryManager/delete-comment/<int:comment_id>/' [name='delete-comment']>], [<URLResolver <module 'main.urls' from 'C:\\DjangoProject\\QueryManager\\main\\urls.py'> (None:None) ''>, <URLPattern 'mark-as-solution/<int:answer_id>/' [name='mark-as-solution']>], [<URLResolver <module 'main.urls' from 'C:\\DjangoProject\\QueryManager\\main\\urls.py'> (None:None) ''>, <URLPattern 'edit_answer/<int:answer_id>/' [name='edit_answer']>], [<URLResolver <module 'main.urls' from 'C:\\DjangoProject\\QueryManager\\main\\urls.py'> (None:None) ''>, <URLPattern 'remove-attachment/<int:attachment_id>/' [name='remove_attachment']>], [<URLResolver <module 'main.urls' from 'C:\\DjangoProject\\QueryManager\\main\\urls.py'> (None:None) ''>, <URLPattern 'edit-comment/<int:comment_id>/' [name='edit_comment']>], [<URLResolver <module 'main.urls' from 'C:\\DjangoProject\\QueryManager\\main\\urls.py'> (None:None) ''>, <URLPattern 'remove-comment-attachment/<int:attachment_id>/' [name='remove_comment_attachment']>], [<URLResolver <module 'main.urls' from 'C:\\DjangoProject\\QueryManager\\main\\urls.py'> (None:None) ''>, <URLPattern 'edit/<int:quest_id>/' [name='edit_query']>], [<URLResolver <module 'main.urls' from 'C:\\DjangoProject\\QueryManager\\main\\urls.py'> (None:None) ''>, <URLPattern 'remove-question-attachment/<int:attachment_id>/' [name='remove_question_attachment']>], [<URLResolver <module 'main.urls' from 'C:\\DjangoProject\\QueryManager\\main\\urls.py'> (None:None) ''>, <URLPattern 'QueryManager/help/' [name='help']>], [<URLResolver <module 'django.contrib.auth.urls' from 'C:\\DjangoProject\\QueryManager\\djangoenv\\Lib\\site-packages\\django\\contrib\\auth\\urls.py'> (None:None) 'QueryManager/accounts/'>], [<URLPattern '^QueryManager/media/(?P<path>.*)$'>], [<URLPattern '^QueryManager/static/(?P<path>.*)$'>], [<URLPattern '^QueryManager/static/(?P<path>.*)$'>], [<URLPattern '^QueryManager/media/(?P<path>.*)$'>]], 'path': 'favicon.ico'}

During handling of the above exception, another exception occurred:

Traceback (most recent call last):
  File "C:\DjangoProject\QueryManager\djangoenv\Lib\site-packages\django\template\base.py", line 883, in _resolve_lookup
    current = current[bit]
              ~~~~~~~^^^^^
TypeError: 'URLResolver' object is not subscriptable

During handling of the above exception, another exception occurred:

Traceback (most recent call last):
  File "C:\DjangoProject\QueryManager\djangoenv\Lib\site-packages\django\template\base.py", line 893, in _resolve_lookup
    current = getattr(current, bit)
AttributeError: 'URLResolver' object has no attribute 'name'

During handling of the above exception, another exception occurred:

Traceback (most recent call last):
  File "C:\DjangoProject\QueryManager\djangoenv\Lib\site-packages\django\template\base.py", line 899, in _resolve_lookup
    current = current[int(bit)]
                      ~~~^^^^^
ValueError: invalid literal for int() with base 10: 'name'

During handling of the above exception, another exception occurred:

Traceback (most recent call last):
  File "C:\DjangoProject\QueryManager\djangoenv\Lib\site-packages\django\template\base.py", line 906, in _resolve_lookup
    raise VariableDoesNotExist(
    ^^^^^^^^^^^^^^^^^^^^^^^^^^^
    ...<2 lines>...
    )  # missing attribute
    ^
django.template.base.VariableDoesNotExist: Failed lookup for key [name] in <URLResolver <module 'django.contrib.auth.urls' from 'C:\\DjangoProject\\QueryManager\\djangoenv\\Lib\\site-packages\\django\\contrib\\auth\\urls.py'> (None:None) 'QueryManager/accounts/'>
Not Found: /favicon.ico
"GET /favicon.ico HTTP/1.1" 404 10480
File C:\Program Files\WindowsApps\PythonSoftwareFoundation.Python.3.13_3.13.752.0_x64__qbz5n2kfra8p0\Lib\importlib\resources\__init__.py first seen with mtime 1738800221.2827086
File C:\DjangoProject\QueryManager\djangoenv\Lib\site-packages\django\contrib\staticfiles\storage.py first seen with mtime 1733974585.3303776
File C:\Program Files\WindowsApps\PythonSoftwareFoundation.Python.3.13_3.13.752.0_x64__qbz5n2kfra8p0\Lib\zipfile\_path\__init__.py first seen with mtime 1733967916.5480597
File C:\Program Files\WindowsApps\PythonSoftwareFoundation.Python.3.13_3.13.752.0_x64__qbz5n2kfra8p0\Lib\importlib\resources\_adapters.py first seen with mtime 1733967913.9499567
File C:\DjangoProject\QueryManager\djangoenv\Lib\site-packages\django\conf\locale\en\__init__.py first seen with mtime 1733974568.628696
File C:\DjangoProject\QueryManager\djangoenv\Lib\site-packages\django\contrib\auth\context_processors.py first seen with mtime 1733974571.9832935
File C:\DjangoProject\QueryManager\djangoenv\Lib\site-packages\tzdata\__init__.py first seen with mtime 1733974566.2254007
File C:\DjangoProject\QueryManager\djangoenv\Lib\site-packages\django\conf\locale\en\formats.py first seen with mtime 1733974568.628696
File C:\Program Files\WindowsApps\PythonSoftwareFoundation.Python.3.13_3.13.752.0_x64__qbz5n2kfra8p0\Lib\importlib\resources\readers.py first seen with mtime 1738800221.2812774
File C:\Program Files\WindowsApps\PythonSoftwareFoundation.Python.3.13_3.13.752.0_x64__qbz5n2kfra8p0\Lib\importlib\resources\_common.py first seen with mtime 1738800221.2827086
File C:\Program Files\WindowsApps\PythonSoftwareFoundation.Python.3.13_3.13.752.0_x64__qbz5n2kfra8p0\Lib\importlib\resources\_itertools.py first seen with mtime 1733967913.9499567
File C:\Program Files\WindowsApps\PythonSoftwareFoundation.Python.3.13_3.13.752.0_x64__qbz5n2kfra8p0\Lib\importlib\resources\_functional.py first seen with mtime 1733967913.9499567
File C:\Program Files\WindowsApps\PythonSoftwareFoundation.Python.3.13_3.13.752.0_x64__qbz5n2kfra8p0\Lib\zipfile\_path\glob.py first seen with mtime 1733967916.5480597
File C:\DjangoProject\QueryManager\djangoenv\Lib\site-packages\django\template\context_processors.py first seen with mtime 1733974586.2145197
File C:\Program Files\WindowsApps\PythonSoftwareFoundation.Python.3.13_3.13.752.0_x64__qbz5n2kfra8p0\Lib\importlib\readers.py first seen with mtime 1733967913.9499567
File C:\DjangoProject\QueryManager\djangoenv\Lib\site-packages\django\contrib\messages\context_processors.py first seen with mtime 1733974579.1815042
File C:\Program Files\WindowsApps\PythonSoftwareFoundation.Python.3.13_3.13.752.0_x64__qbz5n2kfra8p0\Lib\importlib\resources\abc.py first seen with mtime 1733967913.9499567
File C:\Program Files\WindowsApps\PythonSoftwareFoundation.Python.3.13_3.13.752.0_x64__qbz5n2kfra8p0\Lib\zipfile\__init__.py first seen with mtime 1738800225.1167035
File C:\DjangoProject\QueryManager\djangoenv\Lib\site-packages\tzdata\zoneinfo\__init__.py first seen with mtime 1733974566.3017051
(0.001) SELECT "django_session"."session_key", "django_session"."session_data", "django_session"."expire_date" FROM "django_session" WHERE ("django_session"."expire_date" > '2025-03-11 00:25:23.917846' AND "django_session"."session_key" = '7yxnpg8nfxdcjtt0kx2bpwwz9bvw1zvl') LIMIT 21; args=('2025-03-11 00:25:23.917846', '7yxnpg8nfxdcjtt0kx2bpwwz9bvw1zvl'); alias=default
(0.000) SELECT "main_customuser"."id", "main_customuser"."password", "main_customuser"."last_login", "main_customuser"."is_superuser", "main_customuser"."username", "main_customuser"."first_name", "main_customuser"."last_name", "main_customuser"."is_staff", "main_customuser"."is_active", "main_customuser"."date_joined", "main_customuser"."region", "main_customuser"."email", "main_customuser"."profile_picture" FROM "main_customuser" WHERE "main_customuser"."id" = 20 LIMIT 21; args=(20,); alias=default
(0.001) SELECT "django_admin_log"."id", "django_admin_log"."action_time", "django_admin_log"."user_id", "django_admin_log"."content_type_id", "django_admin_log"."object_id", "django_admin_log"."object_repr", "django_admin_log"."action_flag", "django_admin_log"."change_message", "main_customuser"."id", "main_customuser"."password", "main_customuser"."last_login", "main_customuser"."is_superuser", "main_customuser"."username", "main_customuser"."first_name", "main_customuser"."last_name", "main_customuser"."is_staff", "main_customuser"."is_active", "main_customuser"."date_joined", "main_customuser"."region", "main_customuser"."email", "main_customuser"."profile_picture", "django_content_type"."id", "django_content_type"."app_label", "django_content_type"."model" FROM "django_admin_log" INNER JOIN "main_customuser" ON ("django_admin_log"."user_id" = "main_customuser"."id") LEFT OUTER JOIN "django_content_type" ON ("django_admin_log"."content_type_id" = "django_content_type"."id") WHERE "django_admin_log"."user_id" = 20 ORDER BY "django_admin_log"."action_time" DESC LIMIT 10; args=(20,); alias=default
"GET /QueryManager/admin/ HTTP/1.1" 200 13709
"GET /QueryManager/static/admin/img/icon-deletelink.svg HTTP/1.1" 200 392
File C:\DjangoProject\QueryManager\core\settings.py previous mtime: 1741652631.3826985, current mtime: 1741652736.964228
C:\DjangoProject\QueryManager\core\settings.py notified as changed. Signal results: [(<function template_changed at 0x000002A31D54BE20>, None), (<function translation_file_changed at 0x000002A31DF8E0C0>, None)].
C:\DjangoProject\QueryManager\core\settings.py changed, reloading.
